2017-03-22 14:08:34,949 INFO  com.capitalone.dashboard.Application - Starting Application on BHARDWAM7 with PID 4240 (C:\Hygieia-master\collectors\scm\github\target\classes started by bhardwam in C:\Hygieia-master\collectors\scm\github\target)
2017-03-22 14:08:34,983 INFO  o.s.c.a.AnnotationConfigApplicationContext - Refreshing org.springframework.context.annotation.AnnotationConfigApplicationContext@641147d0: startup date [Wed Mar 22 14:08:34 IST 2017]; root of context hierarchy
2017-03-22 14:08:36,599 INFO  c.u.j.EnableEncryptablePropertySourcesPostProcessor - Post-processing PropertySource instances
2017-03-22 14:08:36,615 INFO  c.u.j.c.StringEncryptorConfiguration - String Encryptor custom Bean not found with name 'jasyptStringEncryptor'. Initializing String Encryptor based on properties with name 'jasyptStringEncryptor'
2017-03-22 14:08:36,622 INFO  c.u.j.EnableEncryptablePropertySourcesPostProcessor - Converting PropertySource commandLineArgs [org.springframework.core.env.SimpleCommandLinePropertySource] to EncryptableEnumerablePropertySourceWrapper
2017-03-22 14:08:36,623 INFO  c.u.j.EnableEncryptablePropertySourcesPostProcessor - Converting PropertySource systemProperties [org.springframework.core.env.MapPropertySource] to EncryptableMapPropertySourceWrapper
2017-03-22 14:08:36,623 INFO  c.u.j.EnableEncryptablePropertySourcesPostProcessor - Converting PropertySource systemEnvironment [org.springframework.core.env.SystemEnvironmentPropertySource] to EncryptableMapPropertySourceWrapper
2017-03-22 14:08:36,624 INFO  c.u.j.EnableEncryptablePropertySourcesPostProcessor - Converting PropertySource random [org.springframework.boot.context.config.RandomValuePropertySource] to EncryptablePropertySourceWrapper
2017-03-22 14:08:36,624 INFO  c.u.j.EnableEncryptablePropertySourcesPostProcessor - Converting PropertySource applicationConfig: [file:dashboard.properties] [org.springframework.core.env.PropertiesPropertySource] to EncryptableMapPropertySourceWrapper
2017-03-22 14:08:36,627 INFO  o.s.b.f.a.AutowiredAnnotationBeanPostProcessor - JSR-330 'javax.inject.Inject' annotation found and supported for autowiring
2017-03-22 14:08:36,662 INFO  o.h.validator.internal.util.Version - HV000001: Hibernate Validator 5.1.3.Final
2017-03-22 14:08:37,686 INFO  o.s.s.c.ThreadPoolTaskScheduler - Initializing ExecutorService  'taskScheduler'
2017-03-22 14:08:37,837 INFO  c.c.dashboard.config.MongoConfig - ReplicaSetfalse
2017-03-22 14:08:37,838 INFO  c.c.dashboard.config.MongoConfig - Initializing Mongo Client server at: localhost:27017
2017-03-22 14:08:38,573 INFO  org.mongodb.driver.cluster - Cluster created with settings {hosts=[localhost:27017], mode=SINGLE, requiredClusterType=UNKNOWN, serverSelectionTimeout='30000 ms', maxWaitQueueSize=500}
2017-03-22 14:08:38,651 INFO  c.c.dashboard.config.MongoConfig - Connecting to Mongo: Mongo{options=MongoClientOptions{description='null', readPreference=primary, writeConcern=WriteConcern{w=1, wtimeout=0, fsync=false, j=false, codecRegistry=org.bson.codecs.configuration.ProvidersCodecRegistry@2dd124b3, minConnectionsPerHost=0, maxConnectionsPerHost=100, threadsAllowedToBlockForConnectionMultiplier=5, serverSelectionTimeout=30000, maxWaitTime=120000, maxConnectionIdleTime=0, maxConnectionLifeTime=0, connectTimeout=10000, socketTimeout=0, socketKeepAlive=false, sslEnabled=false, sslInvalidHostNamesAllowed=false, alwaysUseMBeans=false, heartbeatFrequency=10000, minHeartbeatFrequency=500, heartbeatConnectTimeout=20000, heartbeatSocketTimeout=20000, localThreshold=15, requiredReplicaSetName='null', dbDecoderFactory=com.mongodb.DefaultDBDecoder$1@28c0b664, dbEncoderFactory=com.mongodb.DefaultDBEncoder$1@2c444798, socketFactory=javax.net.DefaultSocketFactory@1af7f54a, cursorFinalizerEnabled=true, connectionPoolSettings=ConnectionPoolSettings{maxSize=100, minSize=0, maxWaitQueueSize=500, maxWaitTimeMS=120000, maxConnectionLifeTimeMS=0, maxConnectionIdleTimeMS=0, maintenanceInitialDelayMS=0, maintenanceFrequencyMS=60000}, socketSettings=SocketSettings{connectTimeoutMS=10000, readTimeoutMS=0, keepAlive=false, receiveBufferSize=0, sendBufferSize=0}, serverSettings=ServerSettings{heartbeatFrequencyMS=10000, minHeartbeatFrequencyMS=500}, heartbeatSocketSettings=SocketSettings{connectTimeoutMS=20000, readTimeoutMS=20000, keepAlive=false, receiveBufferSize=0, sendBufferSize=0}}}
2017-03-22 14:08:39,069 INFO  org.mongodb.driver.cluster - No server chosen by ReadPreferenceServerSelector{readPreference=primary} from cluster description ClusterDescription{type=UNKNOWN, connectionMode=SINGLE, all=[ServerDescription{address=localhost:27017, type=UNKNOWN, state=CONNECTING}]}. Waiting for 30000 ms before timing out
2017-03-22 14:08:58,692 INFO  org.mongodb.driver.cluster - Exception in monitor thread while connecting to server localhost:27017
com.mongodb.MongoSocketReadTimeoutException: Timeout while receiving message
	at com.mongodb.connection.InternalStreamConnection.translateReadException(InternalStreamConnection.java:474) ~[mongo-java-driver-3.0.2.jar:na]
	at com.mongodb.connection.InternalStreamConnection.receiveMessage(InternalStreamConnection.java:225) ~[mongo-java-driver-3.0.2.jar:na]
	at com.mongodb.connection.CommandHelper.receiveReply(CommandHelper.java:134) ~[mongo-java-driver-3.0.2.jar:na]
	at com.mongodb.connection.CommandHelper.receiveCommandResult(CommandHelper.java:121) ~[mongo-java-driver-3.0.2.jar:na]
	at com.mongodb.connection.CommandHelper.executeCommand(CommandHelper.java:32) ~[mongo-java-driver-3.0.2.jar:na]
	at com.mongodb.connection.InternalStreamConnectionInitializer.initializeConnectionDescription(InternalStreamConnectionInitializer.java:83) ~[mongo-java-driver-3.0.2.jar:na]
	at com.mongodb.connection.InternalStreamConnectionInitializer.initialize(InternalStreamConnectionInitializer.java:43) ~[mongo-java-driver-3.0.2.jar:na]
	at com.mongodb.connection.InternalStreamConnection.open(InternalStreamConnection.java:115) ~[mongo-java-driver-3.0.2.jar:na]
	at com.mongodb.connection.DefaultServerMonitor$ServerMonitorRunnable.run(DefaultServerMonitor.java:127) ~[mongo-java-driver-3.0.2.jar:na]
	at java.lang.Thread.run(Unknown Source) [na:1.8.0_121]
Caused by: java.net.SocketTimeoutException: Read timed out
	at java.net.SocketInputStream.socketRead0(Native Method) ~[na:1.8.0_121]
	at java.net.SocketInputStream.socketRead(Unknown Source) ~[na:1.8.0_121]
	at java.net.SocketInputStream.read(Unknown Source) ~[na:1.8.0_121]
	at java.net.SocketInputStream.read(Unknown Source) ~[na:1.8.0_121]
	at com.mongodb.connection.SocketStream.read(SocketStream.java:85) ~[mongo-java-driver-3.0.2.jar:na]
	at com.mongodb.connection.InternalStreamConnection.receiveResponseBuffers(InternalStreamConnection.java:491) ~[mongo-java-driver-3.0.2.jar:na]
	at com.mongodb.connection.InternalStreamConnection.receiveMessage(InternalStreamConnection.java:221) ~[mongo-java-driver-3.0.2.jar:na]
	... 8 common frames omitted
2017-03-22 14:09:09,078 WARN  o.s.c.a.AnnotationConfigApplicationContext - Exception encountered during context initialization - cancelling refresh attempt
org.springframework.beans.factory.BeanCreationException: Error creating bean with name 'gitHubCollectorTask': Invocation of init method failed; nested exception is org.springframework.dao.DataAccessResourceFailureException: Timed out after 30000 ms while waiting for a server that matches ReadPreferenceServerSelector{readPreference=primary}. Client view of cluster state is {type=UNKNOWN, servers=[{address=localhost:27017, type=UNKNOWN, state=CONNECTING, exception={com.mongodb.MongoSocketReadTimeoutException: Timeout while receiving message}, caused by {java.net.SocketTimeoutException: Read timed out}}]; nested exception is com.mongodb.MongoTimeoutException: Timed out after 30000 ms while waiting for a server that matches ReadPreferenceServerSelector{readPreference=primary}. Client view of cluster state is {type=UNKNOWN, servers=[{address=localhost:27017, type=UNKNOWN, state=CONNECTING, exception={com.mongodb.MongoSocketReadTimeoutException: Timeout while receiving message}, caused by {java.net.SocketTimeoutException: Read timed out}}]
	at org.springframework.beans.factory.annotation.InitDestroyAnnotationBeanPostProcessor.postProcessBeforeInitialization(InitDestroyAnnotationBeanPostProcessor.java:136) ~[spring-beans-4.1.7.RELEASE.jar:4.1.7.RELEASE]
	at org.springframework.beans.factory.support.AbstractAutowireCapableBeanFactory.applyBeanPostProcessorsBeforeInitialization(AbstractAutowireCapableBeanFactory.java:408) ~[spring-beans-4.1.7.RELEASE.jar:4.1.7.RELEASE]
	at org.springframework.beans.factory.support.AbstractAutowireCapableBeanFactory.initializeBean(AbstractAutowireCapableBeanFactory.java:1566) ~[spring-beans-4.1.7.RELEASE.jar:4.1.7.RELEASE]
	at org.springframework.beans.factory.support.AbstractAutowireCapableBeanFactory.doCreateBean(AbstractAutowireCapableBeanFactory.java:539) ~[spring-beans-4.1.7.RELEASE.jar:4.1.7.RELEASE]
	at org.springframework.beans.factory.support.AbstractAutowireCapableBeanFactory.createBean(AbstractAutowireCapableBeanFactory.java:476) ~[spring-beans-4.1.7.RELEASE.jar:4.1.7.RELEASE]
	at org.springframework.beans.factory.support.AbstractBeanFactory$1.getObject(AbstractBeanFactory.java:303) ~[spring-beans-4.1.7.RELEASE.jar:4.1.7.RELEASE]
	at org.springframework.beans.factory.support.DefaultSingletonBeanRegistry.getSingleton(DefaultSingletonBeanRegistry.java:230) ~[spring-beans-4.1.7.RELEASE.jar:4.1.7.RELEASE]
	at org.springframework.beans.factory.support.AbstractBeanFactory.doGetBean(AbstractBeanFactory.java:299) ~[spring-beans-4.1.7.RELEASE.jar:4.1.7.RELEASE]
	at org.springframework.beans.factory.support.AbstractBeanFactory.getBean(AbstractBeanFactory.java:194) ~[spring-beans-4.1.7.RELEASE.jar:4.1.7.RELEASE]
	at org.springframework.beans.factory.support.DefaultListableBeanFactory.preInstantiateSingletons(DefaultListableBeanFactory.java:755) ~[spring-beans-4.1.7.RELEASE.jar:4.1.7.RELEASE]
	at org.springframework.context.support.AbstractApplicationContext.finishBeanFactoryInitialization(AbstractApplicationContext.java:757) ~[spring-context-4.1.7.RELEASE.jar:4.1.7.RELEASE]
	at org.springframework.context.support.AbstractApplicationContext.refresh(AbstractApplicationContext.java:480) ~[spring-context-4.1.7.RELEASE.jar:4.1.7.RELEASE]
	at org.springframework.boot.SpringApplication.refresh(SpringApplication.java:686) [spring-boot-1.2.5.RELEASE.jar:1.2.5.RELEASE]
	at org.springframework.boot.SpringApplication.run(SpringApplication.java:320) [spring-boot-1.2.5.RELEASE.jar:1.2.5.RELEASE]
	at org.springframework.boot.SpringApplication.run(SpringApplication.java:957) [spring-boot-1.2.5.RELEASE.jar:1.2.5.RELEASE]
	at org.springframework.boot.SpringApplication.run(SpringApplication.java:946) [spring-boot-1.2.5.RELEASE.jar:1.2.5.RELEASE]
	at com.capitalone.dashboard.Application.main(Application.java:13) [classes/:na]
Caused by: org.springframework.dao.DataAccessResourceFailureException: Timed out after 30000 ms while waiting for a server that matches ReadPreferenceServerSelector{readPreference=primary}. Client view of cluster state is {type=UNKNOWN, servers=[{address=localhost:27017, type=UNKNOWN, state=CONNECTING, exception={com.mongodb.MongoSocketReadTimeoutException: Timeout while receiving message}, caused by {java.net.SocketTimeoutException: Read timed out}}]; nested exception is com.mongodb.MongoTimeoutException: Timed out after 30000 ms while waiting for a server that matches ReadPreferenceServerSelector{readPreference=primary}. Client view of cluster state is {type=UNKNOWN, servers=[{address=localhost:27017, type=UNKNOWN, state=CONNECTING, exception={com.mongodb.MongoSocketReadTimeoutException: Timeout while receiving message}, caused by {java.net.SocketTimeoutException: Read timed out}}]
	at org.springframework.data.mongodb.core.MongoExceptionTranslator.translateExceptionIfPossible(MongoExceptionTranslator.java:75) ~[spring-data-mongodb-1.8.0.RELEASE.jar:na]
	at org.springframework.data.mongodb.core.MongoTemplate.potentiallyConvertRuntimeException(MongoTemplate.java:2013) ~[spring-data-mongodb-1.8.0.RELEASE.jar:na]
	at org.springframework.data.mongodb.core.MongoTemplate.executeFindOneInternal(MongoTemplate.java:1843) ~[spring-data-mongodb-1.8.0.RELEASE.jar:na]
	at org.springframework.data.mongodb.core.MongoTemplate.doFindOne(MongoTemplate.java:1656) ~[spring-data-mongodb-1.8.0.RELEASE.jar:na]
	at org.springframework.data.mongodb.core.MongoTemplate.findOne(MongoTemplate.java:564) ~[spring-data-mongodb-1.8.0.RELEASE.jar:na]
	at org.springframework.data.mongodb.repository.query.AbstractMongoQuery$SingleEntityExecution.execute(AbstractMongoQuery.java:312) ~[spring-data-mongodb-1.8.0.RELEASE.jar:na]
	at org.springframework.data.mongodb.repository.query.AbstractMongoQuery.execute(AbstractMongoQuery.java:108) ~[spring-data-mongodb-1.8.0.RELEASE.jar:na]
	at org.springframework.data.repository.core.support.RepositoryFactorySupport$QueryExecutorMethodInterceptor.doInvoke(RepositoryFactorySupport.java:454) ~[spring-data-commons-1.11.0.RELEASE.jar:na]
	at org.springframework.data.repository.core.support.RepositoryFactorySupport$QueryExecutorMethodInterceptor.invoke(RepositoryFactorySupport.java:432) ~[spring-data-commons-1.11.0.RELEASE.jar:na]
	at org.springframework.aop.framework.ReflectiveMethodInvocation.proceed(ReflectiveMethodInvocation.java:179) ~[spring-aop-4.1.7.RELEASE.jar:4.1.7.RELEASE]
	at org.springframework.data.projection.DefaultMethodInvokingMethodInterceptor.invoke(DefaultMethodInvokingMethodInterceptor.java:61) ~[spring-data-commons-1.11.0.RELEASE.jar:na]
	at org.springframework.aop.framework.ReflectiveMethodInvocation.proceed(ReflectiveMethodInvocation.java:179) ~[spring-aop-4.1.7.RELEASE.jar:4.1.7.RELEASE]
	at org.springframework.aop.interceptor.ExposeInvocationInterceptor.invoke(ExposeInvocationInterceptor.java:92) ~[spring-aop-4.1.7.RELEASE.jar:4.1.7.RELEASE]
	at org.springframework.aop.framework.ReflectiveMethodInvocation.proceed(ReflectiveMethodInvocation.java:179) ~[spring-aop-4.1.7.RELEASE.jar:4.1.7.RELEASE]
	at org.springframework.aop.framework.JdkDynamicAopProxy.invoke(JdkDynamicAopProxy.java:207) ~[spring-aop-4.1.7.RELEASE.jar:4.1.7.RELEASE]
	at com.sun.proxy.$Proxy37.findByName(Unknown Source) ~[na:na]
	at com.capitalone.dashboard.collector.CollectorTask.setOnline(CollectorTask.java:91) ~[classes/:na]
	at com.capitalone.dashboard.collector.CollectorTask.onStartup(CollectorTask.java:74) ~[classes/:na]
	at sun.reflect.NativeMethodAccessorImpl.invoke0(Native Method) ~[na:1.8.0_121]
	at sun.reflect.NativeMethodAccessorImpl.invoke(Unknown Source) ~[na:1.8.0_121]
	at sun.reflect.DelegatingMethodAccessorImpl.invoke(Unknown Source) ~[na:1.8.0_121]
	at java.lang.reflect.Method.invoke(Unknown Source) ~[na:1.8.0_121]
	at org.springframework.beans.factory.annotation.InitDestroyAnnotationBeanPostProcessor$LifecycleElement.invoke(InitDestroyAnnotationBeanPostProcessor.java:349) ~[spring-beans-4.1.7.RELEASE.jar:4.1.7.RELEASE]
	at org.springframework.beans.factory.annotation.InitDestroyAnnotationBeanPostProcessor$LifecycleMetadata.invokeInitMethods(InitDestroyAnnotationBeanPostProcessor.java:300) ~[spring-beans-4.1.7.RELEASE.jar:4.1.7.RELEASE]
	at org.springframework.beans.factory.annotation.InitDestroyAnnotationBeanPostProcessor.postProcessBeforeInitialization(InitDestroyAnnotationBeanPostProcessor.java:133) ~[spring-beans-4.1.7.RELEASE.jar:4.1.7.RELEASE]
	... 16 common frames omitted
Caused by: com.mongodb.MongoTimeoutException: Timed out after 30000 ms while waiting for a server that matches ReadPreferenceServerSelector{readPreference=primary}. Client view of cluster state is {type=UNKNOWN, servers=[{address=localhost:27017, type=UNKNOWN, state=CONNECTING, exception={com.mongodb.MongoSocketReadTimeoutException: Timeout while receiving message}, caused by {java.net.SocketTimeoutException: Read timed out}}]
	at com.mongodb.connection.BaseCluster.createTimeoutException(BaseCluster.java:370) ~[mongo-java-driver-3.0.2.jar:na]
	at com.mongodb.connection.BaseCluster.selectServer(BaseCluster.java:101) ~[mongo-java-driver-3.0.2.jar:na]
	at com.mongodb.binding.ClusterBinding$ClusterBindingConnectionSource.<init>(ClusterBinding.java:75) ~[mongo-java-driver-3.0.2.jar:na]
	at com.mongodb.binding.ClusterBinding$ClusterBindingConnectionSource.<init>(ClusterBinding.java:71) ~[mongo-java-driver-3.0.2.jar:na]
	at com.mongodb.binding.ClusterBinding.getReadConnectionSource(ClusterBinding.java:63) ~[mongo-java-driver-3.0.2.jar:na]
	at com.mongodb.operation.OperationHelper.withConnection(OperationHelper.java:166) ~[mongo-java-driver-3.0.2.jar:na]
	at com.mongodb.operation.FindOperation.execute(FindOperation.java:394) ~[mongo-java-driver-3.0.2.jar:na]
	at com.mongodb.operation.FindOperation.execute(FindOperation.java:57) ~[mongo-java-driver-3.0.2.jar:na]
	at com.mongodb.Mongo.execute(Mongo.java:738) ~[mongo-java-driver-3.0.2.jar:na]
	at com.mongodb.Mongo$2.execute(Mongo.java:725) ~[mongo-java-driver-3.0.2.jar:na]
	at com.mongodb.DBCollection.findOne(DBCollection.java:737) ~[mongo-java-driver-3.0.2.jar:na]
	at com.mongodb.DBCollection.findOne(DBCollection.java:710) ~[mongo-java-driver-3.0.2.jar:na]
	at com.mongodb.DBCollection.findOne(DBCollection.java:657) ~[mongo-java-driver-3.0.2.jar:na]
	at org.springframework.data.mongodb.core.MongoTemplate$FindOneCallback.doInCollection(MongoTemplate.java:2080) ~[spring-data-mongodb-1.8.0.RELEASE.jar:na]
	at org.springframework.data.mongodb.core.MongoTemplate$FindOneCallback.doInCollection(MongoTemplate.java:2064) ~[spring-data-mongodb-1.8.0.RELEASE.jar:na]
	at org.springframework.data.mongodb.core.MongoTemplate.executeFindOneInternal(MongoTemplate.java:1839) ~[spring-data-mongodb-1.8.0.RELEASE.jar:na]
	... 38 common frames omitted
2017-03-22 14:09:09,083 INFO  o.s.s.c.ThreadPoolTaskScheduler - Shutting down ExecutorService 'taskScheduler'
2017-03-22 14:09:09,088 INFO  o.s.b.l.ClasspathLoggingApplicationListener - Application failed to start with classpath: [file:/C:/Hygieia-master/collectors/scm/github/target/classes/, file:/C:/Users/bhardwam/.m2/repository/org/apache/commons/commons-lang3/3.3.2/commons-lang3-3.3.2.jar, file:/C:/Users/bhardwam/.m2/repository/org/apache/httpcomponents/httpclient/4.3.6/httpclient-4.3.6.jar, file:/C:/Users/bhardwam/.m2/repository/org/apache/httpcomponents/httpcore/4.3.3/httpcore-4.3.3.jar, file:/C:/Hygieia-master/core/target/classes/, file:/C:/Users/bhardwam/.m2/repository/org/springframework/boot/spring-boot/1.2.5.RELEASE/spring-boot-1.2.5.RELEASE.jar, file:/C:/Users/bhardwam/.m2/repository/org/springframework/spring-test/4.1.7.RELEASE/spring-test-4.1.7.RELEASE.jar, file:/C:/Users/bhardwam/.m2/repository/org/springframework/data/spring-data-mongodb/1.8.0.RELEASE/spring-data-mongodb-1.8.0.RELEASE.jar, file:/C:/Users/bhardwam/.m2/repository/org/springframework/spring-expression/4.1.7.RELEASE/spring-expression-4.1.7.RELEASE.jar, file:/C:/Users/bhardwam/.m2/repository/org/springframework/data/spring-data-commons/1.11.0.RELEASE/spring-data-commons-1.11.0.RELEASE.jar, file:/C:/Users/bhardwam/.m2/repository/org/slf4j/slf4j-api/1.7.12/slf4j-api-1.7.12.jar, file:/C:/Users/bhardwam/.m2/repository/org/slf4j/jcl-over-slf4j/1.7.12/jcl-over-slf4j-1.7.12.jar, file:/C:/Users/bhardwam/.m2/repository/com/mysema/querydsl/querydsl-jpa/3.6.0/querydsl-jpa-3.6.0.jar, file:/C:/Users/bhardwam/.m2/repository/com/mysema/querydsl/querydsl-core/3.6.0/querydsl-core-3.6.0.jar, file:/C:/Users/bhardwam/.m2/repository/com/google/guava/guava/18.0/guava-18.0.jar, file:/C:/Users/bhardwam/.m2/repository/com/google/code/findbugs/jsr305/1.3.9/jsr305-1.3.9.jar, file:/C:/Users/bhardwam/.m2/repository/com/mysema/commons/mysema-commons-lang/0.2.4/mysema-commons-lang-0.2.4.jar, file:/C:/Users/bhardwam/.m2/repository/com/infradna/tool/bridge-method-annotation/1.13/bridge-method-annotation-1.13.jar, file:/C:/Users/bhardwam/.m2/repository/com/mysema/querydsl/querydsl-apt/3.6.0/querydsl-apt-3.6.0.jar, file:/C:/Users/bhardwam/.m2/repository/com/mysema/querydsl/querydsl-codegen/3.6.0/querydsl-codegen-3.6.0.jar, file:/C:/Users/bhardwam/.m2/repository/com/mysema/codegen/codegen/0.6.5/codegen-0.6.5.jar, file:/C:/Users/bhardwam/.m2/repository/org/eclipse/jdt/core/compiler/ecj/4.3.1/ecj-4.3.1.jar, file:/C:/Users/bhardwam/.m2/repository/javax/inject/javax.inject/1/javax.inject-1.jar, file:/C:/Users/bhardwam/.m2/repository/com/mysema/querydsl/querydsl-mongodb/3.6.0/querydsl-mongodb-3.6.0.jar, file:/C:/Users/bhardwam/.m2/repository/com/github/ulisesbocchio/jasypt-spring-boot-starter/1.9/jasypt-spring-boot-starter-1.9.jar, file:/C:/Users/bhardwam/.m2/repository/com/github/ulisesbocchio/jasypt-spring-boot/1.9/jasypt-spring-boot-1.9.jar, file:/C:/Users/bhardwam/.m2/repository/org/jasypt/jasypt/1.9.2/jasypt-1.9.2.jar, file:/C:/Users/bhardwam/.m2/repository/javax/validation/validation-api/1.1.0.Final/validation-api-1.1.0.Final.jar, file:/C:/Users/bhardwam/.m2/repository/org/hibernate/hibernate-validator/5.1.3.Final/hibernate-validator-5.1.3.Final.jar, file:/C:/Users/bhardwam/.m2/repository/org/jboss/logging/jboss-logging/3.1.3.GA/jboss-logging-3.1.3.GA.jar, file:/C:/Users/bhardwam/.m2/repository/com/fasterxml/classmate/1.0.0/classmate-1.0.0.jar, file:/C:/Users/bhardwam/.m2/repository/javax/el/javax.el-api/2.2.4/javax.el-api-2.2.4.jar, file:/C:/Users/bhardwam/.m2/repository/commons-beanutils/commons-beanutils/1.9.2/commons-beanutils-1.9.2.jar, file:/C:/Users/bhardwam/.m2/repository/commons-collections/commons-collections/3.2.1/commons-collections-3.2.1.jar, file:/C:/Users/bhardwam/.m2/repository/com/googlecode/json-simple/json-simple/1.1.1/json-simple-1.1.1.jar, file:/C:/Users/bhardwam/.m2/repository/junit/junit/4.12/junit-4.12.jar, file:/C:/Users/bhardwam/.m2/repository/commons-codec/commons-codec/1.9/commons-codec-1.9.jar, file:/C:/Users/bhardwam/.m2/repository/joda-time/joda-time/2.7/joda-time-2.7.jar, file:/C:/Users/bhardwam/.m2/repository/org/joda/joda-convert/1.8.1/joda-convert-1.8.1.jar, file:/C:/Users/bhardwam/.m2/repository/org/springframework/spring-web/4.1.7.RELEASE/spring-web-4.1.7.RELEASE.jar, file:/C:/Users/bhardwam/.m2/repository/org/springframework/spring-aop/4.1.7.RELEASE/spring-aop-4.1.7.RELEASE.jar, file:/C:/Users/bhardwam/.m2/repository/aopalliance/aopalliance/1.0/aopalliance-1.0.jar, file:/C:/Users/bhardwam/.m2/repository/org/springframework/spring-beans/4.1.7.RELEASE/spring-beans-4.1.7.RELEASE.jar, file:/C:/Users/bhardwam/.m2/repository/org/springframework/spring-context/4.1.7.RELEASE/spring-context-4.1.7.RELEASE.jar, file:/C:/Users/bhardwam/.m2/repository/org/springframework/spring-core/4.1.7.RELEASE/spring-core-4.1.7.RELEASE.jar, file:/C:/Users/bhardwam/.m2/repository/org/springframework/boot/spring-boot-starter-data-mongodb/1.2.5.RELEASE/spring-boot-starter-data-mongodb-1.2.5.RELEASE.jar, file:/C:/Users/bhardwam/.m2/repository/org/springframework/boot/spring-boot-starter/1.2.5.RELEASE/spring-boot-starter-1.2.5.RELEASE.jar, file:/C:/Users/bhardwam/.m2/repository/org/springframework/boot/spring-boot-autoconfigure/1.2.5.RELEASE/spring-boot-autoconfigure-1.2.5.RELEASE.jar, file:/C:/Users/bhardwam/.m2/repository/org/springframework/boot/spring-boot-starter-logging/1.2.5.RELEASE/spring-boot-starter-logging-1.2.5.RELEASE.jar, file:/C:/Users/bhardwam/.m2/repository/org/slf4j/jul-to-slf4j/1.7.12/jul-to-slf4j-1.7.12.jar, file:/C:/Users/bhardwam/.m2/repository/org/slf4j/log4j-over-slf4j/1.7.12/log4j-over-slf4j-1.7.12.jar, file:/C:/Users/bhardwam/.m2/repository/ch/qos/logback/logback-classic/1.1.3/logback-classic-1.1.3.jar, file:/C:/Users/bhardwam/.m2/repository/ch/qos/logback/logback-core/1.1.3/logback-core-1.1.3.jar, file:/C:/Users/bhardwam/.m2/repository/org/yaml/snakeyaml/1.14/snakeyaml-1.14.jar, file:/C:/Users/bhardwam/.m2/repository/org/mongodb/mongo-java-driver/3.0.2/mongo-java-driver-3.0.2.jar, file:/C:/Users/bhardwam/.m2/repository/org/springframework/spring-tx/4.1.7.RELEASE/spring-tx-4.1.7.RELEASE.jar, file:/C:/Users/bhardwam/.m2/repository/org/hamcrest/hamcrest-core/1.3/hamcrest-core-1.3.jar]
2017-03-22 14:09:09,090 INFO  o.s.b.a.l.AutoConfigurationReportLoggingInitializer - 

Error starting ApplicationContext. To display the auto-configuration report enable debug logging (start with --debug)


2017-03-22 14:09:09,091 ERROR o.s.boot.SpringApplication - Application startup failed
org.springframework.beans.factory.BeanCreationException: Error creating bean with name 'gitHubCollectorTask': Invocation of init method failed; nested exception is org.springframework.dao.DataAccessResourceFailureException: Timed out after 30000 ms while waiting for a server that matches ReadPreferenceServerSelector{readPreference=primary}. Client view of cluster state is {type=UNKNOWN, servers=[{address=localhost:27017, type=UNKNOWN, state=CONNECTING, exception={com.mongodb.MongoSocketReadTimeoutException: Timeout while receiving message}, caused by {java.net.SocketTimeoutException: Read timed out}}]; nested exception is com.mongodb.MongoTimeoutException: Timed out after 30000 ms while waiting for a server that matches ReadPreferenceServerSelector{readPreference=primary}. Client view of cluster state is {type=UNKNOWN, servers=[{address=localhost:27017, type=UNKNOWN, state=CONNECTING, exception={com.mongodb.MongoSocketReadTimeoutException: Timeout while receiving message}, caused by {java.net.SocketTimeoutException: Read timed out}}]
	at org.springframework.beans.factory.annotation.InitDestroyAnnotationBeanPostProcessor.postProcessBeforeInitialization(InitDestroyAnnotationBeanPostProcessor.java:136) ~[spring-beans-4.1.7.RELEASE.jar:4.1.7.RELEASE]
	at org.springframework.beans.factory.support.AbstractAutowireCapableBeanFactory.applyBeanPostProcessorsBeforeInitialization(AbstractAutowireCapableBeanFactory.java:408) ~[spring-beans-4.1.7.RELEASE.jar:4.1.7.RELEASE]
	at org.springframework.beans.factory.support.AbstractAutowireCapableBeanFactory.initializeBean(AbstractAutowireCapableBeanFactory.java:1566) ~[spring-beans-4.1.7.RELEASE.jar:4.1.7.RELEASE]
	at org.springframework.beans.factory.support.AbstractAutowireCapableBeanFactory.doCreateBean(AbstractAutowireCapableBeanFactory.java:539) ~[spring-beans-4.1.7.RELEASE.jar:4.1.7.RELEASE]
	at org.springframework.beans.factory.support.AbstractAutowireCapableBeanFactory.createBean(AbstractAutowireCapableBeanFactory.java:476) ~[spring-beans-4.1.7.RELEASE.jar:4.1.7.RELEASE]
	at org.springframework.beans.factory.support.AbstractBeanFactory$1.getObject(AbstractBeanFactory.java:303) ~[spring-beans-4.1.7.RELEASE.jar:4.1.7.RELEASE]
	at org.springframework.beans.factory.support.DefaultSingletonBeanRegistry.getSingleton(DefaultSingletonBeanRegistry.java:230) ~[spring-beans-4.1.7.RELEASE.jar:4.1.7.RELEASE]
	at org.springframework.beans.factory.support.AbstractBeanFactory.doGetBean(AbstractBeanFactory.java:299) ~[spring-beans-4.1.7.RELEASE.jar:4.1.7.RELEASE]
	at org.springframework.beans.factory.support.AbstractBeanFactory.getBean(AbstractBeanFactory.java:194) ~[spring-beans-4.1.7.RELEASE.jar:4.1.7.RELEASE]
	at org.springframework.beans.factory.support.DefaultListableBeanFactory.preInstantiateSingletons(DefaultListableBeanFactory.java:755) ~[spring-beans-4.1.7.RELEASE.jar:4.1.7.RELEASE]
	at org.springframework.context.support.AbstractApplicationContext.finishBeanFactoryInitialization(AbstractApplicationContext.java:757) ~[spring-context-4.1.7.RELEASE.jar:4.1.7.RELEASE]
	at org.springframework.context.support.AbstractApplicationContext.refresh(AbstractApplicationContext.java:480) ~[spring-context-4.1.7.RELEASE.jar:4.1.7.RELEASE]
	at org.springframework.boot.SpringApplication.refresh(SpringApplication.java:686) [spring-boot-1.2.5.RELEASE.jar:1.2.5.RELEASE]
	at org.springframework.boot.SpringApplication.run(SpringApplication.java:320) [spring-boot-1.2.5.RELEASE.jar:1.2.5.RELEASE]
	at org.springframework.boot.SpringApplication.run(SpringApplication.java:957) [spring-boot-1.2.5.RELEASE.jar:1.2.5.RELEASE]
	at org.springframework.boot.SpringApplication.run(SpringApplication.java:946) [spring-boot-1.2.5.RELEASE.jar:1.2.5.RELEASE]
	at com.capitalone.dashboard.Application.main(Application.java:13) [classes/:na]
Caused by: org.springframework.dao.DataAccessResourceFailureException: Timed out after 30000 ms while waiting for a server that matches ReadPreferenceServerSelector{readPreference=primary}. Client view of cluster state is {type=UNKNOWN, servers=[{address=localhost:27017, type=UNKNOWN, state=CONNECTING, exception={com.mongodb.MongoSocketReadTimeoutException: Timeout while receiving message}, caused by {java.net.SocketTimeoutException: Read timed out}}]; nested exception is com.mongodb.MongoTimeoutException: Timed out after 30000 ms while waiting for a server that matches ReadPreferenceServerSelector{readPreference=primary}. Client view of cluster state is {type=UNKNOWN, servers=[{address=localhost:27017, type=UNKNOWN, state=CONNECTING, exception={com.mongodb.MongoSocketReadTimeoutException: Timeout while receiving message}, caused by {java.net.SocketTimeoutException: Read timed out}}]
	at org.springframework.data.mongodb.core.MongoExceptionTranslator.translateExceptionIfPossible(MongoExceptionTranslator.java:75) ~[spring-data-mongodb-1.8.0.RELEASE.jar:na]
	at org.springframework.data.mongodb.core.MongoTemplate.potentiallyConvertRuntimeException(MongoTemplate.java:2013) ~[spring-data-mongodb-1.8.0.RELEASE.jar:na]
	at org.springframework.data.mongodb.core.MongoTemplate.executeFindOneInternal(MongoTemplate.java:1843) ~[spring-data-mongodb-1.8.0.RELEASE.jar:na]
	at org.springframework.data.mongodb.core.MongoTemplate.doFindOne(MongoTemplate.java:1656) ~[spring-data-mongodb-1.8.0.RELEASE.jar:na]
	at org.springframework.data.mongodb.core.MongoTemplate.findOne(MongoTemplate.java:564) ~[spring-data-mongodb-1.8.0.RELEASE.jar:na]
	at org.springframework.data.mongodb.repository.query.AbstractMongoQuery$SingleEntityExecution.execute(AbstractMongoQuery.java:312) ~[spring-data-mongodb-1.8.0.RELEASE.jar:na]
	at org.springframework.data.mongodb.repository.query.AbstractMongoQuery.execute(AbstractMongoQuery.java:108) ~[spring-data-mongodb-1.8.0.RELEASE.jar:na]
	at org.springframework.data.repository.core.support.RepositoryFactorySupport$QueryExecutorMethodInterceptor.doInvoke(RepositoryFactorySupport.java:454) ~[spring-data-commons-1.11.0.RELEASE.jar:na]
	at org.springframework.data.repository.core.support.RepositoryFactorySupport$QueryExecutorMethodInterceptor.invoke(RepositoryFactorySupport.java:432) ~[spring-data-commons-1.11.0.RELEASE.jar:na]
	at org.springframework.aop.framework.ReflectiveMethodInvocation.proceed(ReflectiveMethodInvocation.java:179) ~[spring-aop-4.1.7.RELEASE.jar:4.1.7.RELEASE]
	at org.springframework.data.projection.DefaultMethodInvokingMethodInterceptor.invoke(DefaultMethodInvokingMethodInterceptor.java:61) ~[spring-data-commons-1.11.0.RELEASE.jar:na]
	at org.springframework.aop.framework.ReflectiveMethodInvocation.proceed(ReflectiveMethodInvocation.java:179) ~[spring-aop-4.1.7.RELEASE.jar:4.1.7.RELEASE]
	at org.springframework.aop.interceptor.ExposeInvocationInterceptor.invoke(ExposeInvocationInterceptor.java:92) ~[spring-aop-4.1.7.RELEASE.jar:4.1.7.RELEASE]
	at org.springframework.aop.framework.ReflectiveMethodInvocation.proceed(ReflectiveMethodInvocation.java:179) ~[spring-aop-4.1.7.RELEASE.jar:4.1.7.RELEASE]
	at org.springframework.aop.framework.JdkDynamicAopProxy.invoke(JdkDynamicAopProxy.java:207) ~[spring-aop-4.1.7.RELEASE.jar:4.1.7.RELEASE]
	at com.sun.proxy.$Proxy37.findByName(Unknown Source) ~[na:na]
	at com.capitalone.dashboard.collector.CollectorTask.setOnline(CollectorTask.java:91) ~[classes/:na]
	at com.capitalone.dashboard.collector.CollectorTask.onStartup(CollectorTask.java:74) ~[classes/:na]
	at sun.reflect.NativeMethodAccessorImpl.invoke0(Native Method) ~[na:1.8.0_121]
	at sun.reflect.NativeMethodAccessorImpl.invoke(Unknown Source) ~[na:1.8.0_121]
	at sun.reflect.DelegatingMethodAccessorImpl.invoke(Unknown Source) ~[na:1.8.0_121]
	at java.lang.reflect.Method.invoke(Unknown Source) ~[na:1.8.0_121]
	at org.springframework.beans.factory.annotation.InitDestroyAnnotationBeanPostProcessor$LifecycleElement.invoke(InitDestroyAnnotationBeanPostProcessor.java:349) ~[spring-beans-4.1.7.RELEASE.jar:4.1.7.RELEASE]
	at org.springframework.beans.factory.annotation.InitDestroyAnnotationBeanPostProcessor$LifecycleMetadata.invokeInitMethods(InitDestroyAnnotationBeanPostProcessor.java:300) ~[spring-beans-4.1.7.RELEASE.jar:4.1.7.RELEASE]
	at org.springframework.beans.factory.annotation.InitDestroyAnnotationBeanPostProcessor.postProcessBeforeInitialization(InitDestroyAnnotationBeanPostProcessor.java:133) ~[spring-beans-4.1.7.RELEASE.jar:4.1.7.RELEASE]
	... 16 common frames omitted
Caused by: com.mongodb.MongoTimeoutException: Timed out after 30000 ms while waiting for a server that matches ReadPreferenceServerSelector{readPreference=primary}. Client view of cluster state is {type=UNKNOWN, servers=[{address=localhost:27017, type=UNKNOWN, state=CONNECTING, exception={com.mongodb.MongoSocketReadTimeoutException: Timeout while receiving message}, caused by {java.net.SocketTimeoutException: Read timed out}}]
	at com.mongodb.connection.BaseCluster.createTimeoutException(BaseCluster.java:370) ~[mongo-java-driver-3.0.2.jar:na]
	at com.mongodb.connection.BaseCluster.selectServer(BaseCluster.java:101) ~[mongo-java-driver-3.0.2.jar:na]
	at com.mongodb.binding.ClusterBinding$ClusterBindingConnectionSource.<init>(ClusterBinding.java:75) ~[mongo-java-driver-3.0.2.jar:na]
	at com.mongodb.binding.ClusterBinding$ClusterBindingConnectionSource.<init>(ClusterBinding.java:71) ~[mongo-java-driver-3.0.2.jar:na]
	at com.mongodb.binding.ClusterBinding.getReadConnectionSource(ClusterBinding.java:63) ~[mongo-java-driver-3.0.2.jar:na]
	at com.mongodb.operation.OperationHelper.withConnection(OperationHelper.java:166) ~[mongo-java-driver-3.0.2.jar:na]
	at com.mongodb.operation.FindOperation.execute(FindOperation.java:394) ~[mongo-java-driver-3.0.2.jar:na]
	at com.mongodb.operation.FindOperation.execute(FindOperation.java:57) ~[mongo-java-driver-3.0.2.jar:na]
	at com.mongodb.Mongo.execute(Mongo.java:738) ~[mongo-java-driver-3.0.2.jar:na]
	at com.mongodb.Mongo$2.execute(Mongo.java:725) ~[mongo-java-driver-3.0.2.jar:na]
	at com.mongodb.DBCollection.findOne(DBCollection.java:737) ~[mongo-java-driver-3.0.2.jar:na]
	at com.mongodb.DBCollection.findOne(DBCollection.java:710) ~[mongo-java-driver-3.0.2.jar:na]
	at com.mongodb.DBCollection.findOne(DBCollection.java:657) ~[mongo-java-driver-3.0.2.jar:na]
	at org.springframework.data.mongodb.core.MongoTemplate$FindOneCallback.doInCollection(MongoTemplate.java:2080) ~[spring-data-mongodb-1.8.0.RELEASE.jar:na]
	at org.springframework.data.mongodb.core.MongoTemplate$FindOneCallback.doInCollection(MongoTemplate.java:2064) ~[spring-data-mongodb-1.8.0.RELEASE.jar:na]
	at org.springframework.data.mongodb.core.MongoTemplate.executeFindOneInternal(MongoTemplate.java:1839) ~[spring-data-mongodb-1.8.0.RELEASE.jar:na]
	... 38 common frames omitted
2017-03-22 14:24:57,574 INFO  com.capitalone.dashboard.Application - Starting Application on BHARDWAM7 with PID 3828 (C:\Hygieia-master\collectors\scm\github\target\classes started by bhardwam in C:\Hygieia-master\collectors\scm\github\target)
2017-03-22 14:24:57,605 INFO  o.s.c.a.AnnotationConfigApplicationContext - Refreshing org.springframework.context.annotation.AnnotationConfigApplicationContext@641147d0: startup date [Wed Mar 22 14:24:57 IST 2017]; root of context hierarchy
2017-03-22 14:24:58,379 INFO  c.u.j.EnableEncryptablePropertySourcesPostProcessor - Post-processing PropertySource instances
2017-03-22 14:24:58,396 INFO  c.u.j.c.StringEncryptorConfiguration - String Encryptor custom Bean not found with name 'jasyptStringEncryptor'. Initializing String Encryptor based on properties with name 'jasyptStringEncryptor'
2017-03-22 14:24:58,400 INFO  c.u.j.EnableEncryptablePropertySourcesPostProcessor - Converting PropertySource commandLineArgs [org.springframework.core.env.SimpleCommandLinePropertySource] to EncryptableEnumerablePropertySourceWrapper
2017-03-22 14:24:58,401 INFO  c.u.j.EnableEncryptablePropertySourcesPostProcessor - Converting PropertySource systemProperties [org.springframework.core.env.MapPropertySource] to EncryptableMapPropertySourceWrapper
2017-03-22 14:24:58,401 INFO  c.u.j.EnableEncryptablePropertySourcesPostProcessor - Converting PropertySource systemEnvironment [org.springframework.core.env.SystemEnvironmentPropertySource] to EncryptableMapPropertySourceWrapper
2017-03-22 14:24:58,401 INFO  c.u.j.EnableEncryptablePropertySourcesPostProcessor - Converting PropertySource random [org.springframework.boot.context.config.RandomValuePropertySource] to EncryptablePropertySourceWrapper
2017-03-22 14:24:58,402 INFO  c.u.j.EnableEncryptablePropertySourcesPostProcessor - Converting PropertySource applicationConfig: [file:dashboard.properties] [org.springframework.core.env.PropertiesPropertySource] to EncryptableMapPropertySourceWrapper
2017-03-22 14:24:58,405 INFO  o.s.b.f.a.AutowiredAnnotationBeanPostProcessor - JSR-330 'javax.inject.Inject' annotation found and supported for autowiring
2017-03-22 14:24:58,438 INFO  o.h.validator.internal.util.Version - HV000001: Hibernate Validator 5.1.3.Final
2017-03-22 14:24:59,399 INFO  o.s.s.c.ThreadPoolTaskScheduler - Initializing ExecutorService  'taskScheduler'
2017-03-22 14:24:59,503 INFO  c.c.dashboard.config.MongoConfig - ReplicaSetfalse
2017-03-22 14:24:59,504 INFO  c.c.dashboard.config.MongoConfig - Initializing Mongo Client server at: localhost:27017
2017-03-22 14:25:00,089 INFO  org.mongodb.driver.cluster - Cluster created with settings {hosts=[localhost:27017], mode=SINGLE, requiredClusterType=UNKNOWN, serverSelectionTimeout='30000 ms', maxWaitQueueSize=500}
2017-03-22 14:25:00,135 INFO  c.c.dashboard.config.MongoConfig - Connecting to Mongo: Mongo{options=MongoClientOptions{description='null', readPreference=primary, writeConcern=WriteConcern{w=1, wtimeout=0, fsync=false, j=false, codecRegistry=org.bson.codecs.configuration.ProvidersCodecRegistry@2dd124b3, minConnectionsPerHost=0, maxConnectionsPerHost=100, threadsAllowedToBlockForConnectionMultiplier=5, serverSelectionTimeout=30000, maxWaitTime=120000, maxConnectionIdleTime=0, maxConnectionLifeTime=0, connectTimeout=10000, socketTimeout=0, socketKeepAlive=false, sslEnabled=false, sslInvalidHostNamesAllowed=false, alwaysUseMBeans=false, heartbeatFrequency=10000, minHeartbeatFrequency=500, heartbeatConnectTimeout=20000, heartbeatSocketTimeout=20000, localThreshold=15, requiredReplicaSetName='null', dbDecoderFactory=com.mongodb.DefaultDBDecoder$1@28c0b664, dbEncoderFactory=com.mongodb.DefaultDBEncoder$1@2c444798, socketFactory=javax.net.DefaultSocketFactory@1af7f54a, cursorFinalizerEnabled=true, connectionPoolSettings=ConnectionPoolSettings{maxSize=100, minSize=0, maxWaitQueueSize=500, maxWaitTimeMS=120000, maxConnectionLifeTimeMS=0, maxConnectionIdleTimeMS=0, maintenanceInitialDelayMS=0, maintenanceFrequencyMS=60000}, socketSettings=SocketSettings{connectTimeoutMS=10000, readTimeoutMS=0, keepAlive=false, receiveBufferSize=0, sendBufferSize=0}, serverSettings=ServerSettings{heartbeatFrequencyMS=10000, minHeartbeatFrequencyMS=500}, heartbeatSocketSettings=SocketSettings{connectTimeoutMS=20000, readTimeoutMS=20000, keepAlive=false, receiveBufferSize=0, sendBufferSize=0}}}
2017-03-22 14:25:00,244 INFO  org.mongodb.driver.connection - Opened connection [connectionId{localValue:1, serverValue:2}] to localhost:27017
2017-03-22 14:25:00,245 INFO  org.mongodb.driver.cluster - Monitor thread successfully connected to server with description ServerDescription{address=localhost:27017, type=STANDALONE, state=CONNECTED, ok=true, version=ServerVersion{versionList=[3, 4, 2]}, minWireVersion=0, maxWireVersion=5, electionId=null, maxDocumentSize=16777216, roundTripTimeNanos=528970}
2017-03-22 14:25:00,485 INFO  org.mongodb.driver.connection - Opened connection [connectionId{localValue:2, serverValue:3}] to localhost:27017
2017-03-22 14:25:00,647 INFO  c.c.dashboard.config.MongoConfig - ReplicaSetfalse
2017-03-22 14:25:00,647 INFO  c.c.dashboard.config.MongoConfig - Initializing Mongo Client server at: localhost:27017
2017-03-22 14:25:00,648 INFO  org.mongodb.driver.cluster - Cluster created with settings {hosts=[localhost:27017], mode=SINGLE, requiredClusterType=UNKNOWN, serverSelectionTimeout='30000 ms', maxWaitQueueSize=500}
2017-03-22 14:25:00,649 INFO  c.c.dashboard.config.MongoConfig - Connecting to Mongo: Mongo{options=MongoClientOptions{description='null', readPreference=primary, writeConcern=WriteConcern{w=1, wtimeout=0, fsync=false, j=false, codecRegistry=org.bson.codecs.configuration.ProvidersCodecRegistry@2dd124b3, minConnectionsPerHost=0, maxConnectionsPerHost=100, threadsAllowedToBlockForConnectionMultiplier=5, serverSelectionTimeout=30000, maxWaitTime=120000, maxConnectionIdleTime=0, maxConnectionLifeTime=0, connectTimeout=10000, socketTimeout=0, socketKeepAlive=false, sslEnabled=false, sslInvalidHostNamesAllowed=false, alwaysUseMBeans=false, heartbeatFrequency=10000, minHeartbeatFrequency=500, heartbeatConnectTimeout=20000, heartbeatSocketTimeout=20000, localThreshold=15, requiredReplicaSetName='null', dbDecoderFactory=com.mongodb.DefaultDBDecoder$1@28c0b664, dbEncoderFactory=com.mongodb.DefaultDBEncoder$1@2c444798, socketFactory=javax.net.DefaultSocketFactory@1af7f54a, cursorFinalizerEnabled=true, connectionPoolSettings=ConnectionPoolSettings{maxSize=100, minSize=0, maxWaitQueueSize=500, maxWaitTimeMS=120000, maxConnectionLifeTimeMS=0, maxConnectionIdleTimeMS=0, maintenanceInitialDelayMS=0, maintenanceFrequencyMS=60000}, socketSettings=SocketSettings{connectTimeoutMS=10000, readTimeoutMS=0, keepAlive=false, receiveBufferSize=0, sendBufferSize=0}, serverSettings=ServerSettings{heartbeatFrequencyMS=10000, minHeartbeatFrequencyMS=500}, heartbeatSocketSettings=SocketSettings{connectTimeoutMS=20000, readTimeoutMS=20000, keepAlive=false, receiveBufferSize=0, sendBufferSize=0}}}
2017-03-22 14:25:00,660 INFO  c.c.dashboard.config.MongoConfig - ReplicaSetfalse
2017-03-22 14:25:00,660 INFO  c.c.dashboard.config.MongoConfig - Initializing Mongo Client server at: localhost:27017
2017-03-22 14:25:00,661 INFO  org.mongodb.driver.cluster - Cluster created with settings {hosts=[localhost:27017], mode=SINGLE, requiredClusterType=UNKNOWN, serverSelectionTimeout='30000 ms', maxWaitQueueSize=500}
2017-03-22 14:25:00,662 INFO  c.c.dashboard.config.MongoConfig - Connecting to Mongo: Mongo{options=MongoClientOptions{description='null', readPreference=primary, writeConcern=WriteConcern{w=1, wtimeout=0, fsync=false, j=false, codecRegistry=org.bson.codecs.configuration.ProvidersCodecRegistry@2dd124b3, minConnectionsPerHost=0, maxConnectionsPerHost=100, threadsAllowedToBlockForConnectionMultiplier=5, serverSelectionTimeout=30000, maxWaitTime=120000, maxConnectionIdleTime=0, maxConnectionLifeTime=0, connectTimeout=10000, socketTimeout=0, socketKeepAlive=false, sslEnabled=false, sslInvalidHostNamesAllowed=false, alwaysUseMBeans=false, heartbeatFrequency=10000, minHeartbeatFrequency=500, heartbeatConnectTimeout=20000, heartbeatSocketTimeout=20000, localThreshold=15, requiredReplicaSetName='null', dbDecoderFactory=com.mongodb.DefaultDBDecoder$1@28c0b664, dbEncoderFactory=com.mongodb.DefaultDBEncoder$1@2c444798, socketFactory=javax.net.DefaultSocketFactory@1af7f54a, cursorFinalizerEnabled=true, connectionPoolSettings=ConnectionPoolSettings{maxSize=100, minSize=0, maxWaitQueueSize=500, maxWaitTimeMS=120000, maxConnectionLifeTimeMS=0, maxConnectionIdleTimeMS=0, maintenanceInitialDelayMS=0, maintenanceFrequencyMS=60000}, socketSettings=SocketSettings{connectTimeoutMS=10000, readTimeoutMS=0, keepAlive=false, receiveBufferSize=0, sendBufferSize=0}, serverSettings=ServerSettings{heartbeatFrequencyMS=10000, minHeartbeatFrequencyMS=500}, heartbeatSocketSettings=SocketSettings{connectTimeoutMS=20000, readTimeoutMS=20000, keepAlive=false, receiveBufferSize=0, sendBufferSize=0}}}
2017-03-22 14:25:00,672 INFO  org.mongodb.driver.connection - Opened connection [connectionId{localValue:3, serverValue:4}] to localhost:27017
2017-03-22 14:25:00,673 INFO  org.mongodb.driver.cluster - Monitor thread successfully connected to server with description ServerDescription{address=localhost:27017, type=STANDALONE, state=CONNECTED, ok=true, version=ServerVersion{versionList=[3, 4, 2]}, minWireVersion=0, maxWireVersion=5, electionId=null, maxDocumentSize=16777216, roundTripTimeNanos=735580}
2017-03-22 14:25:00,682 INFO  org.mongodb.driver.connection - Opened connection [connectionId{localValue:4, serverValue:5}] to localhost:27017
2017-03-22 14:25:00,685 INFO  org.mongodb.driver.cluster - Monitor thread successfully connected to server with description ServerDescription{address=localhost:27017, type=STANDALONE, state=CONNECTED, ok=true, version=ServerVersion{versionList=[3, 4, 2]}, minWireVersion=0, maxWireVersion=5, electionId=null, maxDocumentSize=16777216, roundTripTimeNanos=2358437}
2017-03-22 14:25:00,948 INFO  c.c.dashboard.config.MongoConfig - ReplicaSetfalse
2017-03-22 14:25:00,949 INFO  c.c.dashboard.config.MongoConfig - Initializing Mongo Client server at: localhost:27017
2017-03-22 14:25:00,950 INFO  org.mongodb.driver.cluster - Cluster created with settings {hosts=[localhost:27017], mode=SINGLE, requiredClusterType=UNKNOWN, serverSelectionTimeout='30000 ms', maxWaitQueueSize=500}
2017-03-22 14:25:00,951 INFO  c.c.dashboard.config.MongoConfig - Connecting to Mongo: Mongo{options=MongoClientOptions{description='null', readPreference=primary, writeConcern=WriteConcern{w=1, wtimeout=0, fsync=false, j=false, codecRegistry=org.bson.codecs.configuration.ProvidersCodecRegistry@2dd124b3, minConnectionsPerHost=0, maxConnectionsPerHost=100, threadsAllowedToBlockForConnectionMultiplier=5, serverSelectionTimeout=30000, maxWaitTime=120000, maxConnectionIdleTime=0, maxConnectionLifeTime=0, connectTimeout=10000, socketTimeout=0, socketKeepAlive=false, sslEnabled=false, sslInvalidHostNamesAllowed=false, alwaysUseMBeans=false, heartbeatFrequency=10000, minHeartbeatFrequency=500, heartbeatConnectTimeout=20000, heartbeatSocketTimeout=20000, localThreshold=15, requiredReplicaSetName='null', dbDecoderFactory=com.mongodb.DefaultDBDecoder$1@28c0b664, dbEncoderFactory=com.mongodb.DefaultDBEncoder$1@2c444798, socketFactory=javax.net.DefaultSocketFactory@1af7f54a, cursorFinalizerEnabled=true, connectionPoolSettings=ConnectionPoolSettings{maxSize=100, minSize=0, maxWaitQueueSize=500, maxWaitTimeMS=120000, maxConnectionLifeTimeMS=0, maxConnectionIdleTimeMS=0, maintenanceInitialDelayMS=0, maintenanceFrequencyMS=60000}, socketSettings=SocketSettings{connectTimeoutMS=10000, readTimeoutMS=0, keepAlive=false, receiveBufferSize=0, sendBufferSize=0}, serverSettings=ServerSettings{heartbeatFrequencyMS=10000, minHeartbeatFrequencyMS=500}, heartbeatSocketSettings=SocketSettings{connectTimeoutMS=20000, readTimeoutMS=20000, keepAlive=false, receiveBufferSize=0, sendBufferSize=0}}}
2017-03-22 14:25:00,979 INFO  org.mongodb.driver.connection - Opened connection [connectionId{localValue:5, serverValue:6}] to localhost:27017
2017-03-22 14:25:00,981 INFO  org.mongodb.driver.cluster - Monitor thread successfully connected to server with description ServerDescription{address=localhost:27017, type=STANDALONE, state=CONNECTED, ok=true, version=ServerVersion{versionList=[3, 4, 2]}, minWireVersion=0, maxWireVersion=5, electionId=null, maxDocumentSize=16777216, roundTripTimeNanos=839082}
2017-03-22 14:25:01,405 INFO  o.s.j.e.a.AnnotationMBeanExporter - Registering beans for JMX exposure on startup
2017-03-22 14:25:01,411 INFO  com.capitalone.dashboard.Application - Started Application in 4.013 seconds (JVM running for 4.523)
2017-03-22 14:31:27,989 INFO  com.capitalone.dashboard.Application - Starting Application on BHARDWAM7 with PID 11988 (C:\Hygieia-master\collectors\scm\github\target\classes started by bhardwam in C:\Hygieia-master\collectors\scm\github\target)
2017-03-22 14:31:28,022 INFO  o.s.c.a.AnnotationConfigApplicationContext - Refreshing org.springframework.context.annotation.AnnotationConfigApplicationContext@6253c26: startup date [Wed Mar 22 14:31:28 IST 2017]; root of context hierarchy
2017-03-22 14:31:35,025 INFO  c.u.j.EnableEncryptablePropertySourcesPostProcessor - Post-processing PropertySource instances
2017-03-22 14:31:35,045 INFO  c.u.j.c.StringEncryptorConfiguration - String Encryptor custom Bean not found with name 'jasyptStringEncryptor'. Initializing String Encryptor based on properties with name 'jasyptStringEncryptor'
2017-03-22 14:31:35,052 INFO  c.u.j.EnableEncryptablePropertySourcesPostProcessor - Converting PropertySource commandLineArgs [org.springframework.core.env.SimpleCommandLinePropertySource] to EncryptableEnumerablePropertySourceWrapper
2017-03-22 14:31:35,052 INFO  c.u.j.EnableEncryptablePropertySourcesPostProcessor - Converting PropertySource systemProperties [org.springframework.core.env.MapPropertySource] to EncryptableMapPropertySourceWrapper
2017-03-22 14:31:35,052 INFO  c.u.j.EnableEncryptablePropertySourcesPostProcessor - Converting PropertySource systemEnvironment [org.springframework.core.env.SystemEnvironmentPropertySource] to EncryptableMapPropertySourceWrapper
2017-03-22 14:31:35,052 INFO  c.u.j.EnableEncryptablePropertySourcesPostProcessor - Converting PropertySource random [org.springframework.boot.context.config.RandomValuePropertySource] to EncryptablePropertySourceWrapper
2017-03-22 14:31:35,053 INFO  c.u.j.EnableEncryptablePropertySourcesPostProcessor - Converting PropertySource applicationConfig: [file:dashboard.properties] [org.springframework.core.env.PropertiesPropertySource] to EncryptableMapPropertySourceWrapper
2017-03-22 14:31:35,056 INFO  o.s.b.f.a.AutowiredAnnotationBeanPostProcessor - JSR-330 'javax.inject.Inject' annotation found and supported for autowiring
2017-03-22 14:31:35,099 INFO  o.h.validator.internal.util.Version - HV000001: Hibernate Validator 5.1.3.Final
2017-03-22 14:31:36,344 INFO  o.s.s.c.ThreadPoolTaskScheduler - Initializing ExecutorService  'taskScheduler'
2017-03-22 14:31:36,463 INFO  c.c.dashboard.config.MongoConfig - ReplicaSetfalse
2017-03-22 14:31:36,465 INFO  c.c.dashboard.config.MongoConfig - Initializing Mongo Client server at: localhost:27017
2017-03-22 14:31:37,146 INFO  org.mongodb.driver.cluster - Cluster created with settings {hosts=[localhost:27017], mode=SINGLE, requiredClusterType=UNKNOWN, serverSelectionTimeout='30000 ms', maxWaitQueueSize=500}
2017-03-22 14:31:37,212 INFO  c.c.dashboard.config.MongoConfig - Connecting to Mongo: Mongo{options=MongoClientOptions{description='null', readPreference=primary, writeConcern=WriteConcern{w=1, wtimeout=0, fsync=false, j=false, codecRegistry=org.bson.codecs.configuration.ProvidersCodecRegistry@f32f0527, minConnectionsPerHost=0, maxConnectionsPerHost=100, threadsAllowedToBlockForConnectionMultiplier=5, serverSelectionTimeout=30000, maxWaitTime=120000, maxConnectionIdleTime=0, maxConnectionLifeTime=0, connectTimeout=10000, socketTimeout=0, socketKeepAlive=false, sslEnabled=false, sslInvalidHostNamesAllowed=false, alwaysUseMBeans=false, heartbeatFrequency=10000, minHeartbeatFrequency=500, heartbeatConnectTimeout=20000, heartbeatSocketTimeout=20000, localThreshold=15, requiredReplicaSetName='null', dbDecoderFactory=com.mongodb.DefaultDBDecoder$1@12e0f1cb, dbEncoderFactory=com.mongodb.DefaultDBEncoder$1@4a163575, socketFactory=javax.net.DefaultSocketFactory@7e642b88, cursorFinalizerEnabled=true, connectionPoolSettings=ConnectionPoolSettings{maxSize=100, minSize=0, maxWaitQueueSize=500, maxWaitTimeMS=120000, maxConnectionLifeTimeMS=0, maxConnectionIdleTimeMS=0, maintenanceInitialDelayMS=0, maintenanceFrequencyMS=60000}, socketSettings=SocketSettings{connectTimeoutMS=10000, readTimeoutMS=0, keepAlive=false, receiveBufferSize=0, sendBufferSize=0}, serverSettings=ServerSettings{heartbeatFrequencyMS=10000, minHeartbeatFrequencyMS=500}, heartbeatSocketSettings=SocketSettings{connectTimeoutMS=20000, readTimeoutMS=20000, keepAlive=false, receiveBufferSize=0, sendBufferSize=0}}}
2017-03-22 14:31:37,404 INFO  org.mongodb.driver.connection - Opened connection [connectionId{localValue:1, serverValue:7}] to localhost:27017
2017-03-22 14:31:37,407 INFO  org.mongodb.driver.cluster - Monitor thread successfully connected to server with description ServerDescription{address=localhost:27017, type=STANDALONE, state=CONNECTED, ok=true, version=ServerVersion{versionList=[3, 4, 2]}, minWireVersion=0, maxWireVersion=5, electionId=null, maxDocumentSize=16777216, roundTripTimeNanos=823281}
2017-03-22 14:31:37,750 INFO  org.mongodb.driver.connection - Opened connection [connectionId{localValue:2, serverValue:8}] to localhost:27017
2017-03-22 14:31:37,990 INFO  c.c.dashboard.config.MongoConfig - ReplicaSetfalse
2017-03-22 14:31:37,990 INFO  c.c.dashboard.config.MongoConfig - Initializing Mongo Client server at: localhost:27017
2017-03-22 14:31:37,991 INFO  org.mongodb.driver.cluster - Cluster created with settings {hosts=[localhost:27017], mode=SINGLE, requiredClusterType=UNKNOWN, serverSelectionTimeout='30000 ms', maxWaitQueueSize=500}
2017-03-22 14:31:38,011 INFO  c.c.dashboard.config.MongoConfig - Connecting to Mongo: Mongo{options=MongoClientOptions{description='null', readPreference=primary, writeConcern=WriteConcern{w=1, wtimeout=0, fsync=false, j=false, codecRegistry=org.bson.codecs.configuration.ProvidersCodecRegistry@f32f0527, minConnectionsPerHost=0, maxConnectionsPerHost=100, threadsAllowedToBlockForConnectionMultiplier=5, serverSelectionTimeout=30000, maxWaitTime=120000, maxConnectionIdleTime=0, maxConnectionLifeTime=0, connectTimeout=10000, socketTimeout=0, socketKeepAlive=false, sslEnabled=false, sslInvalidHostNamesAllowed=false, alwaysUseMBeans=false, heartbeatFrequency=10000, minHeartbeatFrequency=500, heartbeatConnectTimeout=20000, heartbeatSocketTimeout=20000, localThreshold=15, requiredReplicaSetName='null', dbDecoderFactory=com.mongodb.DefaultDBDecoder$1@12e0f1cb, dbEncoderFactory=com.mongodb.DefaultDBEncoder$1@4a163575, socketFactory=javax.net.DefaultSocketFactory@7e642b88, cursorFinalizerEnabled=true, connectionPoolSettings=ConnectionPoolSettings{maxSize=100, minSize=0, maxWaitQueueSize=500, maxWaitTimeMS=120000, maxConnectionLifeTimeMS=0, maxConnectionIdleTimeMS=0, maintenanceInitialDelayMS=0, maintenanceFrequencyMS=60000}, socketSettings=SocketSettings{connectTimeoutMS=10000, readTimeoutMS=0, keepAlive=false, receiveBufferSize=0, sendBufferSize=0}, serverSettings=ServerSettings{heartbeatFrequencyMS=10000, minHeartbeatFrequencyMS=500}, heartbeatSocketSettings=SocketSettings{connectTimeoutMS=20000, readTimeoutMS=20000, keepAlive=false, receiveBufferSize=0, sendBufferSize=0}}}
2017-03-22 14:31:38,039 INFO  c.c.dashboard.config.MongoConfig - ReplicaSetfalse
2017-03-22 14:31:38,039 INFO  c.c.dashboard.config.MongoConfig - Initializing Mongo Client server at: localhost:27017
2017-03-22 14:31:38,039 INFO  org.mongodb.driver.connection - Opened connection [connectionId{localValue:3, serverValue:9}] to localhost:27017
2017-03-22 14:31:38,039 INFO  org.mongodb.driver.cluster - Cluster created with settings {hosts=[localhost:27017], mode=SINGLE, requiredClusterType=UNKNOWN, serverSelectionTimeout='30000 ms', maxWaitQueueSize=500}
2017-03-22 14:31:38,040 INFO  org.mongodb.driver.cluster - Monitor thread successfully connected to server with description ServerDescription{address=localhost:27017, type=STANDALONE, state=CONNECTED, ok=true, version=ServerVersion{versionList=[3, 4, 2]}, minWireVersion=0, maxWireVersion=5, electionId=null, maxDocumentSize=16777216, roundTripTimeNanos=601263}
2017-03-22 14:31:38,041 INFO  c.c.dashboard.config.MongoConfig - Connecting to Mongo: Mongo{options=MongoClientOptions{description='null', readPreference=primary, writeConcern=WriteConcern{w=1, wtimeout=0, fsync=false, j=false, codecRegistry=org.bson.codecs.configuration.ProvidersCodecRegistry@f32f0527, minConnectionsPerHost=0, maxConnectionsPerHost=100, threadsAllowedToBlockForConnectionMultiplier=5, serverSelectionTimeout=30000, maxWaitTime=120000, maxConnectionIdleTime=0, maxConnectionLifeTime=0, connectTimeout=10000, socketTimeout=0, socketKeepAlive=false, sslEnabled=false, sslInvalidHostNamesAllowed=false, alwaysUseMBeans=false, heartbeatFrequency=10000, minHeartbeatFrequency=500, heartbeatConnectTimeout=20000, heartbeatSocketTimeout=20000, localThreshold=15, requiredReplicaSetName='null', dbDecoderFactory=com.mongodb.DefaultDBDecoder$1@12e0f1cb, dbEncoderFactory=com.mongodb.DefaultDBEncoder$1@4a163575, socketFactory=javax.net.DefaultSocketFactory@7e642b88, cursorFinalizerEnabled=true, connectionPoolSettings=ConnectionPoolSettings{maxSize=100, minSize=0, maxWaitQueueSize=500, maxWaitTimeMS=120000, maxConnectionLifeTimeMS=0, maxConnectionIdleTimeMS=0, maintenanceInitialDelayMS=0, maintenanceFrequencyMS=60000}, socketSettings=SocketSettings{connectTimeoutMS=10000, readTimeoutMS=0, keepAlive=false, receiveBufferSize=0, sendBufferSize=0}, serverSettings=ServerSettings{heartbeatFrequencyMS=10000, minHeartbeatFrequencyMS=500}, heartbeatSocketSettings=SocketSettings{connectTimeoutMS=20000, readTimeoutMS=20000, keepAlive=false, receiveBufferSize=0, sendBufferSize=0}}}
2017-03-22 14:31:38,075 INFO  org.mongodb.driver.connection - Opened connection [connectionId{localValue:4, serverValue:10}] to localhost:27017
2017-03-22 14:31:38,077 INFO  org.mongodb.driver.cluster - Monitor thread successfully connected to server with description ServerDescription{address=localhost:27017, type=STANDALONE, state=CONNECTED, ok=true, version=ServerVersion{versionList=[3, 4, 2]}, minWireVersion=0, maxWireVersion=5, electionId=null, maxDocumentSize=16777216, roundTripTimeNanos=921253}
2017-03-22 14:31:38,526 INFO  c.c.dashboard.config.MongoConfig - ReplicaSetfalse
2017-03-22 14:31:38,526 INFO  c.c.dashboard.config.MongoConfig - Initializing Mongo Client server at: localhost:27017
2017-03-22 14:31:38,527 INFO  org.mongodb.driver.cluster - Cluster created with settings {hosts=[localhost:27017], mode=SINGLE, requiredClusterType=UNKNOWN, serverSelectionTimeout='30000 ms', maxWaitQueueSize=500}
2017-03-22 14:31:38,528 INFO  c.c.dashboard.config.MongoConfig - Connecting to Mongo: Mongo{options=MongoClientOptions{description='null', readPreference=primary, writeConcern=WriteConcern{w=1, wtimeout=0, fsync=false, j=false, codecRegistry=org.bson.codecs.configuration.ProvidersCodecRegistry@f32f0527, minConnectionsPerHost=0, maxConnectionsPerHost=100, threadsAllowedToBlockForConnectionMultiplier=5, serverSelectionTimeout=30000, maxWaitTime=120000, maxConnectionIdleTime=0, maxConnectionLifeTime=0, connectTimeout=10000, socketTimeout=0, socketKeepAlive=false, sslEnabled=false, sslInvalidHostNamesAllowed=false, alwaysUseMBeans=false, heartbeatFrequency=10000, minHeartbeatFrequency=500, heartbeatConnectTimeout=20000, heartbeatSocketTimeout=20000, localThreshold=15, requiredReplicaSetName='null', dbDecoderFactory=com.mongodb.DefaultDBDecoder$1@12e0f1cb, dbEncoderFactory=com.mongodb.DefaultDBEncoder$1@4a163575, socketFactory=javax.net.DefaultSocketFactory@7e642b88, cursorFinalizerEnabled=true, connectionPoolSettings=ConnectionPoolSettings{maxSize=100, minSize=0, maxWaitQueueSize=500, maxWaitTimeMS=120000, maxConnectionLifeTimeMS=0, maxConnectionIdleTimeMS=0, maintenanceInitialDelayMS=0, maintenanceFrequencyMS=60000}, socketSettings=SocketSettings{connectTimeoutMS=10000, readTimeoutMS=0, keepAlive=false, receiveBufferSize=0, sendBufferSize=0}, serverSettings=ServerSettings{heartbeatFrequencyMS=10000, minHeartbeatFrequencyMS=500}, heartbeatSocketSettings=SocketSettings{connectTimeoutMS=20000, readTimeoutMS=20000, keepAlive=false, receiveBufferSize=0, sendBufferSize=0}}}
2017-03-22 14:31:38,553 INFO  org.mongodb.driver.connection - Opened connection [connectionId{localValue:5, serverValue:11}] to localhost:27017
2017-03-22 14:31:38,554 INFO  org.mongodb.driver.cluster - Monitor thread successfully connected to server with description ServerDescription{address=localhost:27017, type=STANDALONE, state=CONNECTED, ok=true, version=ServerVersion{versionList=[3, 4, 2]}, minWireVersion=0, maxWireVersion=5, electionId=null, maxDocumentSize=16777216, roundTripTimeNanos=558203}
2017-03-22 14:31:39,072 INFO  o.s.j.e.a.AnnotationMBeanExporter - Registering beans for JMX exposure on startup
2017-03-22 14:31:39,079 INFO  com.capitalone.dashboard.Application - Started Application in 11.304 seconds (JVM running for 254.142)
2017-03-22 15:21:55,534 INFO  com.capitalone.dashboard.Application - Starting Application on BHARDWAM7 with PID 4324 (C:\Hygieia-master\collectors\scm\github\target\classes started by bhardwam in C:\Hygieia-master\collectors\scm\github\target)
2017-03-22 15:21:55,560 INFO  o.s.c.a.AnnotationConfigApplicationContext - Refreshing org.springframework.context.annotation.AnnotationConfigApplicationContext@641147d0: startup date [Wed Mar 22 15:21:55 IST 2017]; root of context hierarchy
2017-03-22 15:21:56,341 INFO  c.u.j.EnableEncryptablePropertySourcesPostProcessor - Post-processing PropertySource instances
2017-03-22 15:21:56,359 INFO  c.u.j.c.StringEncryptorConfiguration - String Encryptor custom Bean not found with name 'jasyptStringEncryptor'. Initializing String Encryptor based on properties with name 'jasyptStringEncryptor'
2017-03-22 15:21:56,365 INFO  c.u.j.EnableEncryptablePropertySourcesPostProcessor - Converting PropertySource commandLineArgs [org.springframework.core.env.SimpleCommandLinePropertySource] to EncryptableEnumerablePropertySourceWrapper
2017-03-22 15:21:56,366 INFO  c.u.j.EnableEncryptablePropertySourcesPostProcessor - Converting PropertySource systemProperties [org.springframework.core.env.MapPropertySource] to EncryptableMapPropertySourceWrapper
2017-03-22 15:21:56,366 INFO  c.u.j.EnableEncryptablePropertySourcesPostProcessor - Converting PropertySource systemEnvironment [org.springframework.core.env.SystemEnvironmentPropertySource] to EncryptableMapPropertySourceWrapper
2017-03-22 15:21:56,367 INFO  c.u.j.EnableEncryptablePropertySourcesPostProcessor - Converting PropertySource random [org.springframework.boot.context.config.RandomValuePropertySource] to EncryptablePropertySourceWrapper
2017-03-22 15:21:56,367 INFO  c.u.j.EnableEncryptablePropertySourcesPostProcessor - Converting PropertySource applicationConfig: [file:dashboard.properties] [org.springframework.core.env.PropertiesPropertySource] to EncryptableMapPropertySourceWrapper
2017-03-22 15:21:56,371 INFO  o.s.b.f.a.AutowiredAnnotationBeanPostProcessor - JSR-330 'javax.inject.Inject' annotation found and supported for autowiring
2017-03-22 15:21:56,405 INFO  o.h.validator.internal.util.Version - HV000001: Hibernate Validator 5.1.3.Final
2017-03-22 15:21:57,411 INFO  o.s.s.c.ThreadPoolTaskScheduler - Initializing ExecutorService  'taskScheduler'
2017-03-22 15:21:57,534 INFO  c.c.dashboard.config.MongoConfig - ReplicaSetfalse
2017-03-22 15:21:57,535 INFO  c.c.dashboard.config.MongoConfig - Initializing Mongo Client server at: localhost:27017
2017-03-22 15:21:58,161 INFO  org.mongodb.driver.cluster - Cluster created with settings {hosts=[localhost:27017], mode=SINGLE, requiredClusterType=UNKNOWN, serverSelectionTimeout='30000 ms', maxWaitQueueSize=500}
2017-03-22 15:21:58,210 INFO  c.c.dashboard.config.MongoConfig - Connecting to Mongo: Mongo{options=MongoClientOptions{description='null', readPreference=primary, writeConcern=WriteConcern{w=1, wtimeout=0, fsync=false, j=false, codecRegistry=org.bson.codecs.configuration.ProvidersCodecRegistry@2dd124b3, minConnectionsPerHost=0, maxConnectionsPerHost=100, threadsAllowedToBlockForConnectionMultiplier=5, serverSelectionTimeout=30000, maxWaitTime=120000, maxConnectionIdleTime=0, maxConnectionLifeTime=0, connectTimeout=10000, socketTimeout=0, socketKeepAlive=false, sslEnabled=false, sslInvalidHostNamesAllowed=false, alwaysUseMBeans=false, heartbeatFrequency=10000, minHeartbeatFrequency=500, heartbeatConnectTimeout=20000, heartbeatSocketTimeout=20000, localThreshold=15, requiredReplicaSetName='null', dbDecoderFactory=com.mongodb.DefaultDBDecoder$1@28c0b664, dbEncoderFactory=com.mongodb.DefaultDBEncoder$1@2c444798, socketFactory=javax.net.DefaultSocketFactory@1af7f54a, cursorFinalizerEnabled=true, connectionPoolSettings=ConnectionPoolSettings{maxSize=100, minSize=0, maxWaitQueueSize=500, maxWaitTimeMS=120000, maxConnectionLifeTimeMS=0, maxConnectionIdleTimeMS=0, maintenanceInitialDelayMS=0, maintenanceFrequencyMS=60000}, socketSettings=SocketSettings{connectTimeoutMS=10000, readTimeoutMS=0, keepAlive=false, receiveBufferSize=0, sendBufferSize=0}, serverSettings=ServerSettings{heartbeatFrequencyMS=10000, minHeartbeatFrequencyMS=500}, heartbeatSocketSettings=SocketSettings{connectTimeoutMS=20000, readTimeoutMS=20000, keepAlive=false, receiveBufferSize=0, sendBufferSize=0}}}
2017-03-22 15:21:58,323 INFO  org.mongodb.driver.connection - Opened connection [connectionId{localValue:1, serverValue:17}] to localhost:27017
2017-03-22 15:21:58,325 INFO  org.mongodb.driver.cluster - Monitor thread successfully connected to server with description ServerDescription{address=localhost:27017, type=STANDALONE, state=CONNECTED, ok=true, version=ServerVersion{versionList=[3, 4, 2]}, minWireVersion=0, maxWireVersion=5, electionId=null, maxDocumentSize=16777216, roundTripTimeNanos=901105}
2017-03-22 15:21:58,567 INFO  org.mongodb.driver.connection - Opened connection [connectionId{localValue:2, serverValue:18}] to localhost:27017
2017-03-22 15:21:58,799 INFO  c.c.dashboard.config.MongoConfig - ReplicaSetfalse
2017-03-22 15:21:58,799 INFO  c.c.dashboard.config.MongoConfig - Initializing Mongo Client server at: localhost:27017
2017-03-22 15:21:58,799 INFO  org.mongodb.driver.cluster - Cluster created with settings {hosts=[localhost:27017], mode=SINGLE, requiredClusterType=UNKNOWN, serverSelectionTimeout='30000 ms', maxWaitQueueSize=500}
2017-03-22 15:21:58,800 INFO  c.c.dashboard.config.MongoConfig - Connecting to Mongo: Mongo{options=MongoClientOptions{description='null', readPreference=primary, writeConcern=WriteConcern{w=1, wtimeout=0, fsync=false, j=false, codecRegistry=org.bson.codecs.configuration.ProvidersCodecRegistry@2dd124b3, minConnectionsPerHost=0, maxConnectionsPerHost=100, threadsAllowedToBlockForConnectionMultiplier=5, serverSelectionTimeout=30000, maxWaitTime=120000, maxConnectionIdleTime=0, maxConnectionLifeTime=0, connectTimeout=10000, socketTimeout=0, socketKeepAlive=false, sslEnabled=false, sslInvalidHostNamesAllowed=false, alwaysUseMBeans=false, heartbeatFrequency=10000, minHeartbeatFrequency=500, heartbeatConnectTimeout=20000, heartbeatSocketTimeout=20000, localThreshold=15, requiredReplicaSetName='null', dbDecoderFactory=com.mongodb.DefaultDBDecoder$1@28c0b664, dbEncoderFactory=com.mongodb.DefaultDBEncoder$1@2c444798, socketFactory=javax.net.DefaultSocketFactory@1af7f54a, cursorFinalizerEnabled=true, connectionPoolSettings=ConnectionPoolSettings{maxSize=100, minSize=0, maxWaitQueueSize=500, maxWaitTimeMS=120000, maxConnectionLifeTimeMS=0, maxConnectionIdleTimeMS=0, maintenanceInitialDelayMS=0, maintenanceFrequencyMS=60000}, socketSettings=SocketSettings{connectTimeoutMS=10000, readTimeoutMS=0, keepAlive=false, receiveBufferSize=0, sendBufferSize=0}, serverSettings=ServerSettings{heartbeatFrequencyMS=10000, minHeartbeatFrequencyMS=500}, heartbeatSocketSettings=SocketSettings{connectTimeoutMS=20000, readTimeoutMS=20000, keepAlive=false, receiveBufferSize=0, sendBufferSize=0}}}
2017-03-22 15:21:58,814 INFO  c.c.dashboard.config.MongoConfig - ReplicaSetfalse
2017-03-22 15:21:58,814 INFO  c.c.dashboard.config.MongoConfig - Initializing Mongo Client server at: localhost:27017
2017-03-22 15:21:58,815 INFO  org.mongodb.driver.cluster - Cluster created with settings {hosts=[localhost:27017], mode=SINGLE, requiredClusterType=UNKNOWN, serverSelectionTimeout='30000 ms', maxWaitQueueSize=500}
2017-03-22 15:21:58,816 INFO  c.c.dashboard.config.MongoConfig - Connecting to Mongo: Mongo{options=MongoClientOptions{description='null', readPreference=primary, writeConcern=WriteConcern{w=1, wtimeout=0, fsync=false, j=false, codecRegistry=org.bson.codecs.configuration.ProvidersCodecRegistry@2dd124b3, minConnectionsPerHost=0, maxConnectionsPerHost=100, threadsAllowedToBlockForConnectionMultiplier=5, serverSelectionTimeout=30000, maxWaitTime=120000, maxConnectionIdleTime=0, maxConnectionLifeTime=0, connectTimeout=10000, socketTimeout=0, socketKeepAlive=false, sslEnabled=false, sslInvalidHostNamesAllowed=false, alwaysUseMBeans=false, heartbeatFrequency=10000, minHeartbeatFrequency=500, heartbeatConnectTimeout=20000, heartbeatSocketTimeout=20000, localThreshold=15, requiredReplicaSetName='null', dbDecoderFactory=com.mongodb.DefaultDBDecoder$1@28c0b664, dbEncoderFactory=com.mongodb.DefaultDBEncoder$1@2c444798, socketFactory=javax.net.DefaultSocketFactory@1af7f54a, cursorFinalizerEnabled=true, connectionPoolSettings=ConnectionPoolSettings{maxSize=100, minSize=0, maxWaitQueueSize=500, maxWaitTimeMS=120000, maxConnectionLifeTimeMS=0, maxConnectionIdleTimeMS=0, maintenanceInitialDelayMS=0, maintenanceFrequencyMS=60000}, socketSettings=SocketSettings{connectTimeoutMS=10000, readTimeoutMS=0, keepAlive=false, receiveBufferSize=0, sendBufferSize=0}, serverSettings=ServerSettings{heartbeatFrequencyMS=10000, minHeartbeatFrequencyMS=500}, heartbeatSocketSettings=SocketSettings{connectTimeoutMS=20000, readTimeoutMS=20000, keepAlive=false, receiveBufferSize=0, sendBufferSize=0}}}
2017-03-22 15:21:58,824 INFO  org.mongodb.driver.connection - Opened connection [connectionId{localValue:3, serverValue:19}] to localhost:27017
2017-03-22 15:21:58,826 INFO  org.mongodb.driver.cluster - Monitor thread successfully connected to server with description ServerDescription{address=localhost:27017, type=STANDALONE, state=CONNECTED, ok=true, version=ServerVersion{versionList=[3, 4, 2]}, minWireVersion=0, maxWireVersion=5, electionId=null, maxDocumentSize=16777216, roundTripTimeNanos=830787}
2017-03-22 15:21:58,841 INFO  org.mongodb.driver.connection - Opened connection [connectionId{localValue:4, serverValue:20}] to localhost:27017
2017-03-22 15:21:58,842 INFO  org.mongodb.driver.cluster - Monitor thread successfully connected to server with description ServerDescription{address=localhost:27017, type=STANDALONE, state=CONNECTED, ok=true, version=ServerVersion{versionList=[3, 4, 2]}, minWireVersion=0, maxWireVersion=5, electionId=null, maxDocumentSize=16777216, roundTripTimeNanos=616670}
2017-03-22 15:21:59,103 INFO  c.c.dashboard.config.MongoConfig - ReplicaSetfalse
2017-03-22 15:21:59,104 INFO  c.c.dashboard.config.MongoConfig - Initializing Mongo Client server at: localhost:27017
2017-03-22 15:21:59,104 INFO  org.mongodb.driver.cluster - Cluster created with settings {hosts=[localhost:27017], mode=SINGLE, requiredClusterType=UNKNOWN, serverSelectionTimeout='30000 ms', maxWaitQueueSize=500}
2017-03-22 15:21:59,105 INFO  c.c.dashboard.config.MongoConfig - Connecting to Mongo: Mongo{options=MongoClientOptions{description='null', readPreference=primary, writeConcern=WriteConcern{w=1, wtimeout=0, fsync=false, j=false, codecRegistry=org.bson.codecs.configuration.ProvidersCodecRegistry@2dd124b3, minConnectionsPerHost=0, maxConnectionsPerHost=100, threadsAllowedToBlockForConnectionMultiplier=5, serverSelectionTimeout=30000, maxWaitTime=120000, maxConnectionIdleTime=0, maxConnectionLifeTime=0, connectTimeout=10000, socketTimeout=0, socketKeepAlive=false, sslEnabled=false, sslInvalidHostNamesAllowed=false, alwaysUseMBeans=false, heartbeatFrequency=10000, minHeartbeatFrequency=500, heartbeatConnectTimeout=20000, heartbeatSocketTimeout=20000, localThreshold=15, requiredReplicaSetName='null', dbDecoderFactory=com.mongodb.DefaultDBDecoder$1@28c0b664, dbEncoderFactory=com.mongodb.DefaultDBEncoder$1@2c444798, socketFactory=javax.net.DefaultSocketFactory@1af7f54a, cursorFinalizerEnabled=true, connectionPoolSettings=ConnectionPoolSettings{maxSize=100, minSize=0, maxWaitQueueSize=500, maxWaitTimeMS=120000, maxConnectionLifeTimeMS=0, maxConnectionIdleTimeMS=0, maintenanceInitialDelayMS=0, maintenanceFrequencyMS=60000}, socketSettings=SocketSettings{connectTimeoutMS=10000, readTimeoutMS=0, keepAlive=false, receiveBufferSize=0, sendBufferSize=0}, serverSettings=ServerSettings{heartbeatFrequencyMS=10000, minHeartbeatFrequencyMS=500}, heartbeatSocketSettings=SocketSettings{connectTimeoutMS=20000, readTimeoutMS=20000, keepAlive=false, receiveBufferSize=0, sendBufferSize=0}}}
2017-03-22 15:21:59,131 INFO  org.mongodb.driver.connection - Opened connection [connectionId{localValue:5, serverValue:21}] to localhost:27017
2017-03-22 15:21:59,133 INFO  org.mongodb.driver.cluster - Monitor thread successfully connected to server with description ServerDescription{address=localhost:27017, type=STANDALONE, state=CONNECTED, ok=true, version=ServerVersion{versionList=[3, 4, 2]}, minWireVersion=0, maxWireVersion=5, electionId=null, maxDocumentSize=16777216, roundTripTimeNanos=774690}
2017-03-22 15:21:59,522 INFO  o.s.j.e.a.AnnotationMBeanExporter - Registering beans for JMX exposure on startup
2017-03-22 15:21:59,528 INFO  com.capitalone.dashboard.Application - Started Application in 4.16 seconds (JVM running for 4.693)
2017-03-22 15:25:00,007 INFO  c.c.d.collector.CollectorTask - Running Collector: GitHub
2017-03-22 15:25:00,017 INFO  c.c.d.collector.CollectorTask - -----------------------------------
2017-03-22 15:25:00,017 INFO  c.c.d.collector.CollectorTask - Starting...
2017-03-22 15:25:00,017 INFO  c.c.d.collector.CollectorTask - -----------------------------------
2017-03-22 15:25:00,055 INFO  c.c.d.collector.CollectorTask - Repo Count              0        0s
2017-03-22 15:25:00,056 INFO  c.c.d.collector.CollectorTask - New Commits             0        0s
2017-03-22 15:25:00,056 INFO  c.c.d.collector.CollectorTask - Finished                         0s
2017-03-22 15:30:00,011 INFO  c.c.d.collector.CollectorTask - Running Collector: GitHub
2017-03-22 15:30:00,016 INFO  c.c.d.collector.CollectorTask - -----------------------------------
2017-03-22 15:30:00,017 INFO  c.c.d.collector.CollectorTask - Starting...
2017-03-22 15:30:00,017 INFO  c.c.d.collector.CollectorTask - -----------------------------------
2017-03-22 15:30:00,020 INFO  c.c.d.collector.CollectorTask - Repo Count              0        0s
2017-03-22 15:30:00,021 INFO  c.c.d.collector.CollectorTask - New Commits             0        0s
2017-03-22 15:30:00,021 INFO  c.c.d.collector.CollectorTask - Finished                         0s
2017-03-22 15:35:00,011 INFO  c.c.d.collector.CollectorTask - Running Collector: GitHub
2017-03-22 15:35:00,017 INFO  c.c.d.collector.CollectorTask - -----------------------------------
2017-03-22 15:35:00,017 INFO  c.c.d.collector.CollectorTask - Starting...
2017-03-22 15:35:00,017 INFO  c.c.d.collector.CollectorTask - -----------------------------------
2017-03-22 15:35:00,027 INFO  c.c.d.collector.CollectorTask - Repo Count              0        0s
2017-03-22 15:35:00,028 INFO  c.c.d.collector.CollectorTask - New Commits             0        0s
2017-03-22 15:35:00,028 INFO  c.c.d.collector.CollectorTask - Finished                         0s
2017-03-22 15:40:00,012 INFO  c.c.d.collector.CollectorTask - Running Collector: GitHub
2017-03-22 15:40:00,017 INFO  c.c.d.collector.CollectorTask - -----------------------------------
2017-03-22 15:40:00,017 INFO  c.c.d.collector.CollectorTask - Starting...
2017-03-22 15:40:00,018 INFO  c.c.d.collector.CollectorTask - -----------------------------------
2017-03-22 15:40:00,044 INFO  c.c.d.collector.CollectorTask - Repo Count              0        0s
2017-03-22 15:40:00,044 INFO  c.c.d.collector.CollectorTask - New Commits             0        0s
2017-03-22 15:40:00,045 INFO  c.c.d.collector.CollectorTask - Finished                         0s
2017-03-22 15:45:00,030 INFO  c.c.d.collector.CollectorTask - Running Collector: GitHub
2017-03-22 15:45:00,037 INFO  c.c.d.collector.CollectorTask - -----------------------------------
2017-03-22 15:45:00,038 INFO  c.c.d.collector.CollectorTask - Starting...
2017-03-22 15:45:00,038 INFO  c.c.d.collector.CollectorTask - -----------------------------------
2017-03-22 15:45:00,044 INFO  c.c.d.collector.CollectorTask - Repo Count              0        0s
2017-03-22 15:45:00,045 INFO  c.c.d.collector.CollectorTask - New Commits             0        0s
2017-03-22 15:45:00,045 INFO  c.c.d.collector.CollectorTask - Finished                         0s
2017-03-22 15:50:00,041 INFO  c.c.d.collector.CollectorTask - Running Collector: GitHub
2017-03-22 15:50:00,049 INFO  c.c.d.collector.CollectorTask - -----------------------------------
2017-03-22 15:50:00,049 INFO  c.c.d.collector.CollectorTask - Starting...
2017-03-22 15:50:00,050 INFO  c.c.d.collector.CollectorTask - -----------------------------------
2017-03-22 15:50:00,057 INFO  c.c.d.collector.CollectorTask - Repo Count              0        0s
2017-03-22 15:50:00,058 INFO  c.c.d.collector.CollectorTask - New Commits             0        0s
2017-03-22 15:50:00,059 INFO  c.c.d.collector.CollectorTask - Finished                         0s
2017-03-22 15:55:00,041 INFO  c.c.d.collector.CollectorTask - Running Collector: GitHub
2017-03-22 15:55:00,048 INFO  c.c.d.collector.CollectorTask - -----------------------------------
2017-03-22 15:55:00,048 INFO  c.c.d.collector.CollectorTask - Starting...
2017-03-22 15:55:00,048 INFO  c.c.d.collector.CollectorTask - -----------------------------------
2017-03-22 15:55:00,055 INFO  c.c.d.collector.CollectorTask - Repo Count              0        0s
2017-03-22 15:55:00,056 INFO  c.c.d.collector.CollectorTask - New Commits             0        0s
2017-03-22 15:55:00,056 INFO  c.c.d.collector.CollectorTask - Finished                         0s
2017-03-22 16:00:00,033 INFO  c.c.d.collector.CollectorTask - Running Collector: GitHub
2017-03-22 16:00:00,038 INFO  c.c.d.collector.CollectorTask - -----------------------------------
2017-03-22 16:00:00,039 INFO  c.c.d.collector.CollectorTask - Starting...
2017-03-22 16:00:00,039 INFO  c.c.d.collector.CollectorTask - -----------------------------------
2017-03-22 16:00:00,043 INFO  c.c.d.collector.CollectorTask - Repo Count              0        0s
2017-03-22 16:00:00,043 INFO  c.c.d.collector.CollectorTask - New Commits             0        0s
2017-03-22 16:00:00,044 INFO  c.c.d.collector.CollectorTask - Finished                         0s
2017-03-22 16:05:00,011 INFO  c.c.d.collector.CollectorTask - Running Collector: GitHub
2017-03-22 16:05:00,015 INFO  c.c.d.collector.CollectorTask - -----------------------------------
2017-03-22 16:05:00,015 INFO  c.c.d.collector.CollectorTask - Starting...
2017-03-22 16:05:00,015 INFO  c.c.d.collector.CollectorTask - -----------------------------------
2017-03-22 16:05:00,018 INFO  c.c.d.collector.CollectorTask - Repo Count              0        0s
2017-03-22 16:05:00,019 INFO  c.c.d.collector.CollectorTask - New Commits             0        0s
2017-03-22 16:05:00,019 INFO  c.c.d.collector.CollectorTask - Finished                         0s
2017-03-22 16:10:00,010 INFO  c.c.d.collector.CollectorTask - Running Collector: GitHub
2017-03-22 16:10:00,016 INFO  c.c.d.collector.CollectorTask - -----------------------------------
2017-03-22 16:10:00,016 INFO  c.c.d.collector.CollectorTask - Starting...
2017-03-22 16:10:00,016 INFO  c.c.d.collector.CollectorTask - -----------------------------------
2017-03-22 16:10:00,020 INFO  c.c.d.collector.CollectorTask - Repo Count              0        0s
2017-03-22 16:10:00,020 INFO  c.c.d.collector.CollectorTask - New Commits             0        0s
2017-03-22 16:10:00,020 INFO  c.c.d.collector.CollectorTask - Finished                         0s
2017-03-22 16:15:00,011 INFO  c.c.d.collector.CollectorTask - Running Collector: GitHub
2017-03-22 16:15:00,018 INFO  c.c.d.collector.CollectorTask - -----------------------------------
2017-03-22 16:15:00,019 INFO  c.c.d.collector.CollectorTask - Starting...
2017-03-22 16:15:00,019 INFO  c.c.d.collector.CollectorTask - -----------------------------------
2017-03-22 16:15:00,025 INFO  c.c.d.collector.CollectorTask - Repo Count              0        0s
2017-03-22 16:15:00,026 INFO  c.c.d.collector.CollectorTask - New Commits             0        0s
2017-03-22 16:15:00,026 INFO  c.c.d.collector.CollectorTask - Finished                         0s
2017-03-22 16:20:00,011 INFO  c.c.d.collector.CollectorTask - Running Collector: GitHub
2017-03-22 16:20:00,019 INFO  c.c.d.collector.CollectorTask - -----------------------------------
2017-03-22 16:20:00,019 INFO  c.c.d.collector.CollectorTask - Starting...
2017-03-22 16:20:00,020 INFO  c.c.d.collector.CollectorTask - -----------------------------------
2017-03-22 16:20:00,025 INFO  c.c.d.collector.CollectorTask - Repo Count              0        0s
2017-03-22 16:20:00,026 INFO  c.c.d.collector.CollectorTask - New Commits             0        0s
2017-03-22 16:20:00,026 INFO  c.c.d.collector.CollectorTask - Finished                         0s
2017-03-22 16:25:00,011 INFO  c.c.d.collector.CollectorTask - Running Collector: GitHub
2017-03-22 16:25:00,018 INFO  c.c.d.collector.CollectorTask - -----------------------------------
2017-03-22 16:25:00,018 INFO  c.c.d.collector.CollectorTask - Starting...
2017-03-22 16:25:00,019 INFO  c.c.d.collector.CollectorTask - -----------------------------------
2017-03-22 16:25:00,025 INFO  c.c.d.collector.CollectorTask - Repo Count              0        0s
2017-03-22 16:25:00,025 INFO  c.c.d.collector.CollectorTask - New Commits             0        0s
2017-03-22 16:25:00,026 INFO  c.c.d.collector.CollectorTask - Finished                         0s
