2017-03-20 10:33:28,551 INFO  com.capitalone.dashboard.Application - Starting Application v2.0.5-SNAPSHOT on BHARDWAM7 with PID 4416 (C:\Hygieia-master\collectors\scm\github\target\github-scm-collector-2.0.5-SNAPSHOT.jar started by bhardwam in C:\Hygieia-master\collectors\scm\github\target)
2017-03-20 10:33:28,592 INFO  o.s.c.a.AnnotationConfigApplicationContext - Refreshing org.springframework.context.annotation.AnnotationConfigApplicationContext@6cb56182: startup date [Mon Mar 20 10:33:28 IST 2017]; root of context hierarchy
2017-03-20 10:33:29,684 INFO  c.u.j.EnableEncryptablePropertySourcesPostProcessor - Post-processing PropertySource instances
2017-03-20 10:33:29,706 INFO  c.u.j.c.StringEncryptorConfiguration - String Encryptor custom Bean not found with name 'jasyptStringEncryptor'. Initializing String Encryptor based on properties with name 'jasyptStringEncryptor'
2017-03-20 10:33:29,713 INFO  c.u.j.EnableEncryptablePropertySourcesPostProcessor - Converting PropertySource commandLineArgs [org.springframework.core.env.SimpleCommandLinePropertySource] to EncryptableEnumerablePropertySourceWrapper
2017-03-20 10:33:29,714 INFO  c.u.j.EnableEncryptablePropertySourcesPostProcessor - Converting PropertySource systemProperties [org.springframework.core.env.MapPropertySource] to EncryptableMapPropertySourceWrapper
2017-03-20 10:33:29,716 INFO  c.u.j.EnableEncryptablePropertySourcesPostProcessor - Converting PropertySource systemEnvironment [org.springframework.core.env.SystemEnvironmentPropertySource] to EncryptableMapPropertySourceWrapper
2017-03-20 10:33:29,722 INFO  c.u.j.EnableEncryptablePropertySourcesPostProcessor - Converting PropertySource random [org.springframework.boot.context.config.RandomValuePropertySource] to EncryptablePropertySourceWrapper
2017-03-20 10:33:29,728 INFO  c.u.j.EnableEncryptablePropertySourcesPostProcessor - Converting PropertySource applicationConfig: [file:dashboard.properties] [org.springframework.core.env.PropertiesPropertySource] to EncryptableMapPropertySourceWrapper
2017-03-20 10:33:29,742 INFO  o.s.b.f.a.AutowiredAnnotationBeanPostProcessor - JSR-330 'javax.inject.Inject' annotation found and supported for autowiring
2017-03-20 10:33:29,809 INFO  o.h.validator.internal.util.Version - HV000001: Hibernate Validator 5.1.3.Final
2017-03-20 10:33:31,093 INFO  o.s.s.c.ThreadPoolTaskScheduler - Initializing ExecutorService  'taskScheduler'
2017-03-20 10:33:31,372 INFO  c.c.dashboard.config.MongoConfig - ReplicaSetfalse
2017-03-20 10:33:31,375 INFO  c.c.dashboard.config.MongoConfig - Initializing Mongo Client server at: localhost:27017
2017-03-20 10:33:32,022 INFO  org.mongodb.driver.cluster - Cluster created with settings {hosts=[localhost:27017], mode=SINGLE, requiredClusterType=UNKNOWN, serverSelectionTimeout='30000 ms', maxWaitQueueSize=500}
2017-03-20 10:33:32,090 INFO  c.c.dashboard.config.MongoConfig - Connecting to Mongo: Mongo{options=MongoClientOptions{description='null', readPreference=primary, writeConcern=WriteConcern{w=1, wtimeout=0, fsync=false, j=false, codecRegistry=org.bson.codecs.configuration.ProvidersCodecRegistry@b0f5a956, minConnectionsPerHost=0, maxConnectionsPerHost=100, threadsAllowedToBlockForConnectionMultiplier=5, serverSelectionTimeout=30000, maxWaitTime=120000, maxConnectionIdleTime=0, maxConnectionLifeTime=0, connectTimeout=10000, socketTimeout=0, socketKeepAlive=false, sslEnabled=false, sslInvalidHostNamesAllowed=false, alwaysUseMBeans=false, heartbeatFrequency=10000, minHeartbeatFrequency=500, heartbeatConnectTimeout=20000, heartbeatSocketTimeout=20000, localThreshold=15, requiredReplicaSetName='null', dbDecoderFactory=com.mongodb.DefaultDBDecoder$1@3ac88914, dbEncoderFactory=com.mongodb.DefaultDBEncoder$1@54814e52, socketFactory=javax.net.DefaultSocketFactory@411d8257, cursorFinalizerEnabled=true, connectionPoolSettings=ConnectionPoolSettings{maxSize=100, minSize=0, maxWaitQueueSize=500, maxWaitTimeMS=120000, maxConnectionLifeTimeMS=0, maxConnectionIdleTimeMS=0, maintenanceInitialDelayMS=0, maintenanceFrequencyMS=60000}, socketSettings=SocketSettings{connectTimeoutMS=10000, readTimeoutMS=0, keepAlive=false, receiveBufferSize=0, sendBufferSize=0}, serverSettings=ServerSettings{heartbeatFrequencyMS=10000, minHeartbeatFrequencyMS=500}, heartbeatSocketSettings=SocketSettings{connectTimeoutMS=20000, readTimeoutMS=20000, keepAlive=false, receiveBufferSize=0, sendBufferSize=0}}}
2017-03-20 10:33:32,156 INFO  org.mongodb.driver.cluster - Exception in monitor thread while connecting to server localhost:27017
com.mongodb.MongoSecurityException: Exception authenticating MongoCredential{mechanism=SCRAM-SHA-1, userName='db', source='dashboard', password=<hidden>, mechanismProperties={}}
	at com.mongodb.connection.SaslAuthenticator.authenticate(SaslAuthenticator.java:61) ~[mongo-java-driver-3.0.2.jar!/:na]
	at com.mongodb.connection.InternalStreamConnectionInitializer.authenticateAll(InternalStreamConnectionInitializer.java:99) ~[mongo-java-driver-3.0.2.jar!/:na]
	at com.mongodb.connection.InternalStreamConnectionInitializer.initialize(InternalStreamConnectionInitializer.java:44) ~[mongo-java-driver-3.0.2.jar!/:na]
	at com.mongodb.connection.InternalStreamConnection.open(InternalStreamConnection.java:115) ~[mongo-java-driver-3.0.2.jar!/:na]
	at com.mongodb.connection.DefaultServerMonitor$ServerMonitorRunnable.run(DefaultServerMonitor.java:127) ~[mongo-java-driver-3.0.2.jar!/:na]
	at java.lang.Thread.run(Unknown Source) [na:1.8.0_121]
Caused by: com.mongodb.MongoCommandException: Command failed with error 18: 'Authentication failed.' on server localhost:27017. The full response is { "ok" : 0.0, "errmsg" : "Authentication failed.", "code" : 18, "codeName" : "AuthenticationFailed" }
	at com.mongodb.connection.CommandHelper.createCommandFailureException(CommandHelper.java:168) ~[mongo-java-driver-3.0.2.jar!/:na]
	at com.mongodb.connection.CommandHelper.receiveCommandResult(CommandHelper.java:123) ~[mongo-java-driver-3.0.2.jar!/:na]
	at com.mongodb.connection.CommandHelper.executeCommand(CommandHelper.java:32) ~[mongo-java-driver-3.0.2.jar!/:na]
	at com.mongodb.connection.SaslAuthenticator.sendSaslStart(SaslAuthenticator.java:95) ~[mongo-java-driver-3.0.2.jar!/:na]
	at com.mongodb.connection.SaslAuthenticator.authenticate(SaslAuthenticator.java:45) ~[mongo-java-driver-3.0.2.jar!/:na]
	... 5 common frames omitted
2017-03-20 10:33:32,546 INFO  org.mongodb.driver.cluster - No server chosen by ReadPreferenceServerSelector{readPreference=primary} from cluster description ClusterDescription{type=UNKNOWN, connectionMode=SINGLE, all=[ServerDescription{address=localhost:27017, type=UNKNOWN, state=CONNECTING, exception={com.mongodb.MongoSecurityException: Exception authenticating MongoCredential{mechanism=SCRAM-SHA-1, userName='db', source='dashboard', password=<hidden>, mechanismProperties={}}}, caused by {com.mongodb.MongoCommandException: Command failed with error 18: 'Authentication failed.' on server localhost:27017. The full response is { "ok" : 0.0, "errmsg" : "Authentication failed.", "code" : 18, "codeName" : "AuthenticationFailed" }}}]}. Waiting for 30000 ms before timing out
2017-03-20 10:34:02,552 WARN  o.s.c.a.AnnotationConfigApplicationContext - Exception encountered during context initialization - cancelling refresh attempt
org.springframework.beans.factory.BeanCreationException: Error creating bean with name 'gitHubCollectorTask': Invocation of init method failed; nested exception is org.springframework.dao.DataAccessResourceFailureException: Timed out after 30000 ms while waiting for a server that matches ReadPreferenceServerSelector{readPreference=primary}. Client view of cluster state is {type=UNKNOWN, servers=[{address=localhost:27017, type=UNKNOWN, state=CONNECTING, exception={com.mongodb.MongoSecurityException: Exception authenticating MongoCredential{mechanism=SCRAM-SHA-1, userName='db', source='dashboard', password=<hidden>, mechanismProperties={}}}, caused by {com.mongodb.MongoCommandException: Command failed with error 18: 'Authentication failed.' on server localhost:27017. The full response is { "ok" : 0.0, "errmsg" : "Authentication failed.", "code" : 18, "codeName" : "AuthenticationFailed" }}}]; nested exception is com.mongodb.MongoTimeoutException: Timed out after 30000 ms while waiting for a server that matches ReadPreferenceServerSelector{readPreference=primary}. Client view of cluster state is {type=UNKNOWN, servers=[{address=localhost:27017, type=UNKNOWN, state=CONNECTING, exception={com.mongodb.MongoSecurityException: Exception authenticating MongoCredential{mechanism=SCRAM-SHA-1, userName='db', source='dashboard', password=<hidden>, mechanismProperties={}}}, caused by {com.mongodb.MongoCommandException: Command failed with error 18: 'Authentication failed.' on server localhost:27017. The full response is { "ok" : 0.0, "errmsg" : "Authentication failed.", "code" : 18, "codeName" : "AuthenticationFailed" }}}]
	at org.springframework.beans.factory.annotation.InitDestroyAnnotationBeanPostProcessor.postProcessBeforeInitialization(InitDestroyAnnotationBeanPostProcessor.java:136) ~[spring-beans-4.1.7.RELEASE.jar!/:4.1.7.RELEASE]
	at org.springframework.beans.factory.support.AbstractAutowireCapableBeanFactory.applyBeanPostProcessorsBeforeInitialization(AbstractAutowireCapableBeanFactory.java:408) ~[spring-beans-4.1.7.RELEASE.jar!/:4.1.7.RELEASE]
	at org.springframework.beans.factory.support.AbstractAutowireCapableBeanFactory.initializeBean(AbstractAutowireCapableBeanFactory.java:1566) ~[spring-beans-4.1.7.RELEASE.jar!/:4.1.7.RELEASE]
	at org.springframework.beans.factory.support.AbstractAutowireCapableBeanFactory.doCreateBean(AbstractAutowireCapableBeanFactory.java:539) ~[spring-beans-4.1.7.RELEASE.jar!/:4.1.7.RELEASE]
	at org.springframework.beans.factory.support.AbstractAutowireCapableBeanFactory.createBean(AbstractAutowireCapableBeanFactory.java:476) ~[spring-beans-4.1.7.RELEASE.jar!/:4.1.7.RELEASE]
	at org.springframework.beans.factory.support.AbstractBeanFactory$1.getObject(AbstractBeanFactory.java:303) ~[spring-beans-4.1.7.RELEASE.jar!/:4.1.7.RELEASE]
	at org.springframework.beans.factory.support.DefaultSingletonBeanRegistry.getSingleton(DefaultSingletonBeanRegistry.java:230) ~[spring-beans-4.1.7.RELEASE.jar!/:4.1.7.RELEASE]
	at org.springframework.beans.factory.support.AbstractBeanFactory.doGetBean(AbstractBeanFactory.java:299) ~[spring-beans-4.1.7.RELEASE.jar!/:4.1.7.RELEASE]
	at org.springframework.beans.factory.support.AbstractBeanFactory.getBean(AbstractBeanFactory.java:194) ~[spring-beans-4.1.7.RELEASE.jar!/:4.1.7.RELEASE]
	at org.springframework.beans.factory.support.DefaultListableBeanFactory.preInstantiateSingletons(DefaultListableBeanFactory.java:755) ~[spring-beans-4.1.7.RELEASE.jar!/:4.1.7.RELEASE]
	at org.springframework.context.support.AbstractApplicationContext.finishBeanFactoryInitialization(AbstractApplicationContext.java:757) ~[spring-context-4.1.7.RELEASE.jar!/:4.1.7.RELEASE]
	at org.springframework.context.support.AbstractApplicationContext.refresh(AbstractApplicationContext.java:480) ~[spring-context-4.1.7.RELEASE.jar!/:4.1.7.RELEASE]
	at org.springframework.boot.SpringApplication.refresh(SpringApplication.java:686) [spring-boot-1.2.5.RELEASE.jar!/:1.2.5.RELEASE]
	at org.springframework.boot.SpringApplication.run(SpringApplication.java:320) [spring-boot-1.2.5.RELEASE.jar!/:1.2.5.RELEASE]
	at org.springframework.boot.SpringApplication.run(SpringApplication.java:957) [spring-boot-1.2.5.RELEASE.jar!/:1.2.5.RELEASE]
	at org.springframework.boot.SpringApplication.run(SpringApplication.java:946) [spring-boot-1.2.5.RELEASE.jar!/:1.2.5.RELEASE]
	at com.capitalone.dashboard.Application.main(Application.java:13) [github-scm-collector-2.0.5-SNAPSHOT.jar!/:2.0.5-SNAPSHOT]
	at sun.reflect.NativeMethodAccessorImpl.invoke0(Native Method) ~[na:1.8.0_121]
	at sun.reflect.NativeMethodAccessorImpl.invoke(Unknown Source) ~[na:1.8.0_121]
	at sun.reflect.DelegatingMethodAccessorImpl.invoke(Unknown Source) ~[na:1.8.0_121]
	at java.lang.reflect.Method.invoke(Unknown Source) ~[na:1.8.0_121]
	at org.springframework.boot.loader.MainMethodRunner.run(MainMethodRunner.java:53) [github-scm-collector-2.0.5-SNAPSHOT.jar!/:2.0.5-SNAPSHOT]
	at java.lang.Thread.run(Unknown Source) [na:1.8.0_121]
Caused by: org.springframework.dao.DataAccessResourceFailureException: Timed out after 30000 ms while waiting for a server that matches ReadPreferenceServerSelector{readPreference=primary}. Client view of cluster state is {type=UNKNOWN, servers=[{address=localhost:27017, type=UNKNOWN, state=CONNECTING, exception={com.mongodb.MongoSecurityException: Exception authenticating MongoCredential{mechanism=SCRAM-SHA-1, userName='db', source='dashboard', password=<hidden>, mechanismProperties={}}}, caused by {com.mongodb.MongoCommandException: Command failed with error 18: 'Authentication failed.' on server localhost:27017. The full response is { "ok" : 0.0, "errmsg" : "Authentication failed.", "code" : 18, "codeName" : "AuthenticationFailed" }}}]; nested exception is com.mongodb.MongoTimeoutException: Timed out after 30000 ms while waiting for a server that matches ReadPreferenceServerSelector{readPreference=primary}. Client view of cluster state is {type=UNKNOWN, servers=[{address=localhost:27017, type=UNKNOWN, state=CONNECTING, exception={com.mongodb.MongoSecurityException: Exception authenticating MongoCredential{mechanism=SCRAM-SHA-1, userName='db', source='dashboard', password=<hidden>, mechanismProperties={}}}, caused by {com.mongodb.MongoCommandException: Command failed with error 18: 'Authentication failed.' on server localhost:27017. The full response is { "ok" : 0.0, "errmsg" : "Authentication failed.", "code" : 18, "codeName" : "AuthenticationFailed" }}}]
	at org.springframework.data.mongodb.core.MongoExceptionTranslator.translateExceptionIfPossible(MongoExceptionTranslator.java:75) ~[spring-data-mongodb-1.8.0.RELEASE.jar!/:na]
	at org.springframework.data.mongodb.core.MongoTemplate.potentiallyConvertRuntimeException(MongoTemplate.java:2013) ~[spring-data-mongodb-1.8.0.RELEASE.jar!/:na]
	at org.springframework.data.mongodb.core.MongoTemplate.executeFindOneInternal(MongoTemplate.java:1843) ~[spring-data-mongodb-1.8.0.RELEASE.jar!/:na]
	at org.springframework.data.mongodb.core.MongoTemplate.doFindOne(MongoTemplate.java:1656) ~[spring-data-mongodb-1.8.0.RELEASE.jar!/:na]
	at org.springframework.data.mongodb.core.MongoTemplate.findOne(MongoTemplate.java:564) ~[spring-data-mongodb-1.8.0.RELEASE.jar!/:na]
	at org.springframework.data.mongodb.repository.query.AbstractMongoQuery$SingleEntityExecution.execute(AbstractMongoQuery.java:312) ~[spring-data-mongodb-1.8.0.RELEASE.jar!/:na]
	at org.springframework.data.mongodb.repository.query.AbstractMongoQuery.execute(AbstractMongoQuery.java:108) ~[spring-data-mongodb-1.8.0.RELEASE.jar!/:na]
	at org.springframework.data.repository.core.support.RepositoryFactorySupport$QueryExecutorMethodInterceptor.doInvoke(RepositoryFactorySupport.java:454) ~[spring-data-commons-1.11.0.RELEASE.jar!/:na]
	at org.springframework.data.repository.core.support.RepositoryFactorySupport$QueryExecutorMethodInterceptor.invoke(RepositoryFactorySupport.java:432) ~[spring-data-commons-1.11.0.RELEASE.jar!/:na]
	at org.springframework.aop.framework.ReflectiveMethodInvocation.proceed(ReflectiveMethodInvocation.java:179) ~[spring-aop-4.1.7.RELEASE.jar!/:4.1.7.RELEASE]
	at org.springframework.data.projection.DefaultMethodInvokingMethodInterceptor.invoke(DefaultMethodInvokingMethodInterceptor.java:61) ~[spring-data-commons-1.11.0.RELEASE.jar!/:na]
	at org.springframework.aop.framework.ReflectiveMethodInvocation.proceed(ReflectiveMethodInvocation.java:179) ~[spring-aop-4.1.7.RELEASE.jar!/:4.1.7.RELEASE]
	at org.springframework.aop.interceptor.ExposeInvocationInterceptor.invoke(ExposeInvocationInterceptor.java:92) ~[spring-aop-4.1.7.RELEASE.jar!/:4.1.7.RELEASE]
	at org.springframework.aop.framework.ReflectiveMethodInvocation.proceed(ReflectiveMethodInvocation.java:179) ~[spring-aop-4.1.7.RELEASE.jar!/:4.1.7.RELEASE]
	at org.springframework.aop.framework.JdkDynamicAopProxy.invoke(JdkDynamicAopProxy.java:207) ~[spring-aop-4.1.7.RELEASE.jar!/:4.1.7.RELEASE]
	at com.sun.proxy.$Proxy39.findByName(Unknown Source) ~[na:na]
	at com.capitalone.dashboard.collector.CollectorTask.setOnline(CollectorTask.java:91) ~[core-2.0.5-SNAPSHOT.jar!/:2.0.5-SNAPSHOT]
	at com.capitalone.dashboard.collector.CollectorTask.onStartup(CollectorTask.java:74) ~[core-2.0.5-SNAPSHOT.jar!/:2.0.5-SNAPSHOT]
	at sun.reflect.NativeMethodAccessorImpl.invoke0(Native Method) ~[na:1.8.0_121]
	at sun.reflect.NativeMethodAccessorImpl.invoke(Unknown Source) ~[na:1.8.0_121]
	at sun.reflect.DelegatingMethodAccessorImpl.invoke(Unknown Source) ~[na:1.8.0_121]
	at java.lang.reflect.Method.invoke(Unknown Source) ~[na:1.8.0_121]
	at org.springframework.beans.factory.annotation.InitDestroyAnnotationBeanPostProcessor$LifecycleElement.invoke(InitDestroyAnnotationBeanPostProcessor.java:349) ~[spring-beans-4.1.7.RELEASE.jar!/:4.1.7.RELEASE]
	at org.springframework.beans.factory.annotation.InitDestroyAnnotationBeanPostProcessor$LifecycleMetadata.invokeInitMethods(InitDestroyAnnotationBeanPostProcessor.java:300) ~[spring-beans-4.1.7.RELEASE.jar!/:4.1.7.RELEASE]
	at org.springframework.beans.factory.annotation.InitDestroyAnnotationBeanPostProcessor.postProcessBeforeInitialization(InitDestroyAnnotationBeanPostProcessor.java:133) ~[spring-beans-4.1.7.RELEASE.jar!/:4.1.7.RELEASE]
	... 22 common frames omitted
Caused by: com.mongodb.MongoTimeoutException: Timed out after 30000 ms while waiting for a server that matches ReadPreferenceServerSelector{readPreference=primary}. Client view of cluster state is {type=UNKNOWN, servers=[{address=localhost:27017, type=UNKNOWN, state=CONNECTING, exception={com.mongodb.MongoSecurityException: Exception authenticating MongoCredential{mechanism=SCRAM-SHA-1, userName='db', source='dashboard', password=<hidden>, mechanismProperties={}}}, caused by {com.mongodb.MongoCommandException: Command failed with error 18: 'Authentication failed.' on server localhost:27017. The full response is { "ok" : 0.0, "errmsg" : "Authentication failed.", "code" : 18, "codeName" : "AuthenticationFailed" }}}]
	at com.mongodb.connection.BaseCluster.createTimeoutException(BaseCluster.java:370) ~[mongo-java-driver-3.0.2.jar!/:na]
	at com.mongodb.connection.BaseCluster.selectServer(BaseCluster.java:101) ~[mongo-java-driver-3.0.2.jar!/:na]
	at com.mongodb.binding.ClusterBinding$ClusterBindingConnectionSource.<init>(ClusterBinding.java:75) ~[mongo-java-driver-3.0.2.jar!/:na]
	at com.mongodb.binding.ClusterBinding$ClusterBindingConnectionSource.<init>(ClusterBinding.java:71) ~[mongo-java-driver-3.0.2.jar!/:na]
	at com.mongodb.binding.ClusterBinding.getReadConnectionSource(ClusterBinding.java:63) ~[mongo-java-driver-3.0.2.jar!/:na]
	at com.mongodb.operation.OperationHelper.withConnection(OperationHelper.java:166) ~[mongo-java-driver-3.0.2.jar!/:na]
	at com.mongodb.operation.FindOperation.execute(FindOperation.java:394) ~[mongo-java-driver-3.0.2.jar!/:na]
	at com.mongodb.operation.FindOperation.execute(FindOperation.java:57) ~[mongo-java-driver-3.0.2.jar!/:na]
	at com.mongodb.Mongo.execute(Mongo.java:738) ~[mongo-java-driver-3.0.2.jar!/:na]
	at com.mongodb.Mongo$2.execute(Mongo.java:725) ~[mongo-java-driver-3.0.2.jar!/:na]
	at com.mongodb.DBCollection.findOne(DBCollection.java:737) ~[mongo-java-driver-3.0.2.jar!/:na]
	at com.mongodb.DBCollection.findOne(DBCollection.java:710) ~[mongo-java-driver-3.0.2.jar!/:na]
	at com.mongodb.DBCollection.findOne(DBCollection.java:657) ~[mongo-java-driver-3.0.2.jar!/:na]
	at org.springframework.data.mongodb.core.MongoTemplate$FindOneCallback.doInCollection(MongoTemplate.java:2080) ~[spring-data-mongodb-1.8.0.RELEASE.jar!/:na]
	at org.springframework.data.mongodb.core.MongoTemplate$FindOneCallback.doInCollection(MongoTemplate.java:2064) ~[spring-data-mongodb-1.8.0.RELEASE.jar!/:na]
	at org.springframework.data.mongodb.core.MongoTemplate.executeFindOneInternal(MongoTemplate.java:1839) ~[spring-data-mongodb-1.8.0.RELEASE.jar!/:na]
	... 44 common frames omitted
2017-03-20 10:34:02,588 INFO  o.s.s.c.ThreadPoolTaskScheduler - Shutting down ExecutorService 'taskScheduler'
2017-03-20 10:34:02,593 INFO  o.s.b.l.ClasspathLoggingApplicationListener - Application failed to start with classpath: [jar:file:/C:/Hygieia-master/collectors/scm/github/target/github-scm-collector-2.0.5-SNAPSHOT.jar!/, jar:file:/C:/Hygieia-master/collectors/scm/github/target/github-scm-collector-2.0.5-SNAPSHOT.jar!/lib/commons-lang3-3.3.2.jar!/, jar:file:/C:/Hygieia-master/collectors/scm/github/target/github-scm-collector-2.0.5-SNAPSHOT.jar!/lib/httpclient-4.3.6.jar!/, jar:file:/C:/Hygieia-master/collectors/scm/github/target/github-scm-collector-2.0.5-SNAPSHOT.jar!/lib/httpcore-4.3.3.jar!/, jar:file:/C:/Hygieia-master/collectors/scm/github/target/github-scm-collector-2.0.5-SNAPSHOT.jar!/lib/core-2.0.5-SNAPSHOT.jar!/, jar:file:/C:/Hygieia-master/collectors/scm/github/target/github-scm-collector-2.0.5-SNAPSHOT.jar!/lib/spring-boot-1.2.5.RELEASE.jar!/, jar:file:/C:/Hygieia-master/collectors/scm/github/target/github-scm-collector-2.0.5-SNAPSHOT.jar!/lib/spring-test-4.1.7.RELEASE.jar!/, jar:file:/C:/Hygieia-master/collectors/scm/github/target/github-scm-collector-2.0.5-SNAPSHOT.jar!/lib/spring-data-mongodb-1.8.0.RELEASE.jar!/, jar:file:/C:/Hygieia-master/collectors/scm/github/target/github-scm-collector-2.0.5-SNAPSHOT.jar!/lib/spring-expression-4.1.7.RELEASE.jar!/, jar:file:/C:/Hygieia-master/collectors/scm/github/target/github-scm-collector-2.0.5-SNAPSHOT.jar!/lib/spring-data-commons-1.11.0.RELEASE.jar!/, jar:file:/C:/Hygieia-master/collectors/scm/github/target/github-scm-collector-2.0.5-SNAPSHOT.jar!/lib/slf4j-api-1.7.12.jar!/, jar:file:/C:/Hygieia-master/collectors/scm/github/target/github-scm-collector-2.0.5-SNAPSHOT.jar!/lib/jcl-over-slf4j-1.7.12.jar!/, jar:file:/C:/Hygieia-master/collectors/scm/github/target/github-scm-collector-2.0.5-SNAPSHOT.jar!/lib/querydsl-jpa-3.6.0.jar!/, jar:file:/C:/Hygieia-master/collectors/scm/github/target/github-scm-collector-2.0.5-SNAPSHOT.jar!/lib/querydsl-core-3.6.0.jar!/, jar:file:/C:/Hygieia-master/collectors/scm/github/target/github-scm-collector-2.0.5-SNAPSHOT.jar!/lib/guava-18.0.jar!/, jar:file:/C:/Hygieia-master/collectors/scm/github/target/github-scm-collector-2.0.5-SNAPSHOT.jar!/lib/jsr305-1.3.9.jar!/, jar:file:/C:/Hygieia-master/collectors/scm/github/target/github-scm-collector-2.0.5-SNAPSHOT.jar!/lib/mysema-commons-lang-0.2.4.jar!/, jar:file:/C:/Hygieia-master/collectors/scm/github/target/github-scm-collector-2.0.5-SNAPSHOT.jar!/lib/bridge-method-annotation-1.13.jar!/, jar:file:/C:/Hygieia-master/collectors/scm/github/target/github-scm-collector-2.0.5-SNAPSHOT.jar!/lib/querydsl-apt-3.6.0.jar!/, jar:file:/C:/Hygieia-master/collectors/scm/github/target/github-scm-collector-2.0.5-SNAPSHOT.jar!/lib/querydsl-codegen-3.6.0.jar!/, jar:file:/C:/Hygieia-master/collectors/scm/github/target/github-scm-collector-2.0.5-SNAPSHOT.jar!/lib/codegen-0.6.5.jar!/, jar:file:/C:/Hygieia-master/collectors/scm/github/target/github-scm-collector-2.0.5-SNAPSHOT.jar!/lib/ecj-4.3.1.jar!/, jar:file:/C:/Hygieia-master/collectors/scm/github/target/github-scm-collector-2.0.5-SNAPSHOT.jar!/lib/javax.inject-1.jar!/, jar:file:/C:/Hygieia-master/collectors/scm/github/target/github-scm-collector-2.0.5-SNAPSHOT.jar!/lib/querydsl-mongodb-3.6.0.jar!/, jar:file:/C:/Hygieia-master/collectors/scm/github/target/github-scm-collector-2.0.5-SNAPSHOT.jar!/lib/jasypt-spring-boot-starter-1.9.jar!/, jar:file:/C:/Hygieia-master/collectors/scm/github/target/github-scm-collector-2.0.5-SNAPSHOT.jar!/lib/jasypt-spring-boot-1.9.jar!/, jar:file:/C:/Hygieia-master/collectors/scm/github/target/github-scm-collector-2.0.5-SNAPSHOT.jar!/lib/jasypt-1.9.2.jar!/, jar:file:/C:/Hygieia-master/collectors/scm/github/target/github-scm-collector-2.0.5-SNAPSHOT.jar!/lib/validation-api-1.1.0.Final.jar!/, jar:file:/C:/Hygieia-master/collectors/scm/github/target/github-scm-collector-2.0.5-SNAPSHOT.jar!/lib/hibernate-validator-5.1.3.Final.jar!/, jar:file:/C:/Hygieia-master/collectors/scm/github/target/github-scm-collector-2.0.5-SNAPSHOT.jar!/lib/jboss-logging-3.1.3.GA.jar!/, jar:file:/C:/Hygieia-master/collectors/scm/github/target/github-scm-collector-2.0.5-SNAPSHOT.jar!/lib/classmate-1.0.0.jar!/, jar:file:/C:/Hygieia-master/collectors/scm/github/target/github-scm-collector-2.0.5-SNAPSHOT.jar!/lib/javax.el-api-2.2.4.jar!/, jar:file:/C:/Hygieia-master/collectors/scm/github/target/github-scm-collector-2.0.5-SNAPSHOT.jar!/lib/commons-beanutils-1.9.2.jar!/, jar:file:/C:/Hygieia-master/collectors/scm/github/target/github-scm-collector-2.0.5-SNAPSHOT.jar!/lib/commons-collections-3.2.1.jar!/, jar:file:/C:/Hygieia-master/collectors/scm/github/target/github-scm-collector-2.0.5-SNAPSHOT.jar!/lib/json-simple-1.1.1.jar!/, jar:file:/C:/Hygieia-master/collectors/scm/github/target/github-scm-collector-2.0.5-SNAPSHOT.jar!/lib/junit-4.12.jar!/, jar:file:/C:/Hygieia-master/collectors/scm/github/target/github-scm-collector-2.0.5-SNAPSHOT.jar!/lib/commons-codec-1.9.jar!/, jar:file:/C:/Hygieia-master/collectors/scm/github/target/github-scm-collector-2.0.5-SNAPSHOT.jar!/lib/joda-time-2.7.jar!/, jar:file:/C:/Hygieia-master/collectors/scm/github/target/github-scm-collector-2.0.5-SNAPSHOT.jar!/lib/joda-convert-1.8.1.jar!/, jar:file:/C:/Hygieia-master/collectors/scm/github/target/github-scm-collector-2.0.5-SNAPSHOT.jar!/lib/spring-web-4.1.7.RELEASE.jar!/, jar:file:/C:/Hygieia-master/collectors/scm/github/target/github-scm-collector-2.0.5-SNAPSHOT.jar!/lib/spring-aop-4.1.7.RELEASE.jar!/, jar:file:/C:/Hygieia-master/collectors/scm/github/target/github-scm-collector-2.0.5-SNAPSHOT.jar!/lib/aopalliance-1.0.jar!/, jar:file:/C:/Hygieia-master/collectors/scm/github/target/github-scm-collector-2.0.5-SNAPSHOT.jar!/lib/spring-beans-4.1.7.RELEASE.jar!/, jar:file:/C:/Hygieia-master/collectors/scm/github/target/github-scm-collector-2.0.5-SNAPSHOT.jar!/lib/spring-context-4.1.7.RELEASE.jar!/, jar:file:/C:/Hygieia-master/collectors/scm/github/target/github-scm-collector-2.0.5-SNAPSHOT.jar!/lib/spring-core-4.1.7.RELEASE.jar!/, jar:file:/C:/Hygieia-master/collectors/scm/github/target/github-scm-collector-2.0.5-SNAPSHOT.jar!/lib/spring-boot-starter-data-mongodb-1.2.5.RELEASE.jar!/, jar:file:/C:/Hygieia-master/collectors/scm/github/target/github-scm-collector-2.0.5-SNAPSHOT.jar!/lib/spring-boot-starter-1.2.5.RELEASE.jar!/, jar:file:/C:/Hygieia-master/collectors/scm/github/target/github-scm-collector-2.0.5-SNAPSHOT.jar!/lib/spring-boot-autoconfigure-1.2.5.RELEASE.jar!/, jar:file:/C:/Hygieia-master/collectors/scm/github/target/github-scm-collector-2.0.5-SNAPSHOT.jar!/lib/spring-boot-starter-logging-1.2.5.RELEASE.jar!/, jar:file:/C:/Hygieia-master/collectors/scm/github/target/github-scm-collector-2.0.5-SNAPSHOT.jar!/lib/jul-to-slf4j-1.7.12.jar!/, jar:file:/C:/Hygieia-master/collectors/scm/github/target/github-scm-collector-2.0.5-SNAPSHOT.jar!/lib/log4j-over-slf4j-1.7.12.jar!/, jar:file:/C:/Hygieia-master/collectors/scm/github/target/github-scm-collector-2.0.5-SNAPSHOT.jar!/lib/logback-classic-1.1.3.jar!/, jar:file:/C:/Hygieia-master/collectors/scm/github/target/github-scm-collector-2.0.5-SNAPSHOT.jar!/lib/logback-core-1.1.3.jar!/, jar:file:/C:/Hygieia-master/collectors/scm/github/target/github-scm-collector-2.0.5-SNAPSHOT.jar!/lib/snakeyaml-1.14.jar!/, jar:file:/C:/Hygieia-master/collectors/scm/github/target/github-scm-collector-2.0.5-SNAPSHOT.jar!/lib/mongo-java-driver-3.0.2.jar!/, jar:file:/C:/Hygieia-master/collectors/scm/github/target/github-scm-collector-2.0.5-SNAPSHOT.jar!/lib/spring-tx-4.1.7.RELEASE.jar!/, jar:file:/C:/Hygieia-master/collectors/scm/github/target/github-scm-collector-2.0.5-SNAPSHOT.jar!/lib/hamcrest-core-1.3.jar!/]
2017-03-20 10:34:02,618 INFO  o.s.b.a.l.AutoConfigurationReportLoggingInitializer - 

Error starting ApplicationContext. To display the auto-configuration report enable debug logging (start with --debug)


2017-03-20 10:34:02,621 ERROR o.s.boot.SpringApplication - Application startup failed
org.springframework.beans.factory.BeanCreationException: Error creating bean with name 'gitHubCollectorTask': Invocation of init method failed; nested exception is org.springframework.dao.DataAccessResourceFailureException: Timed out after 30000 ms while waiting for a server that matches ReadPreferenceServerSelector{readPreference=primary}. Client view of cluster state is {type=UNKNOWN, servers=[{address=localhost:27017, type=UNKNOWN, state=CONNECTING, exception={com.mongodb.MongoSecurityException: Exception authenticating MongoCredential{mechanism=SCRAM-SHA-1, userName='db', source='dashboard', password=<hidden>, mechanismProperties={}}}, caused by {com.mongodb.MongoCommandException: Command failed with error 18: 'Authentication failed.' on server localhost:27017. The full response is { "ok" : 0.0, "errmsg" : "Authentication failed.", "code" : 18, "codeName" : "AuthenticationFailed" }}}]; nested exception is com.mongodb.MongoTimeoutException: Timed out after 30000 ms while waiting for a server that matches ReadPreferenceServerSelector{readPreference=primary}. Client view of cluster state is {type=UNKNOWN, servers=[{address=localhost:27017, type=UNKNOWN, state=CONNECTING, exception={com.mongodb.MongoSecurityException: Exception authenticating MongoCredential{mechanism=SCRAM-SHA-1, userName='db', source='dashboard', password=<hidden>, mechanismProperties={}}}, caused by {com.mongodb.MongoCommandException: Command failed with error 18: 'Authentication failed.' on server localhost:27017. The full response is { "ok" : 0.0, "errmsg" : "Authentication failed.", "code" : 18, "codeName" : "AuthenticationFailed" }}}]
	at org.springframework.beans.factory.annotation.InitDestroyAnnotationBeanPostProcessor.postProcessBeforeInitialization(InitDestroyAnnotationBeanPostProcessor.java:136) ~[spring-beans-4.1.7.RELEASE.jar!/:4.1.7.RELEASE]
	at org.springframework.beans.factory.support.AbstractAutowireCapableBeanFactory.applyBeanPostProcessorsBeforeInitialization(AbstractAutowireCapableBeanFactory.java:408) ~[spring-beans-4.1.7.RELEASE.jar!/:4.1.7.RELEASE]
	at org.springframework.beans.factory.support.AbstractAutowireCapableBeanFactory.initializeBean(AbstractAutowireCapableBeanFactory.java:1566) ~[spring-beans-4.1.7.RELEASE.jar!/:4.1.7.RELEASE]
	at org.springframework.beans.factory.support.AbstractAutowireCapableBeanFactory.doCreateBean(AbstractAutowireCapableBeanFactory.java:539) ~[spring-beans-4.1.7.RELEASE.jar!/:4.1.7.RELEASE]
	at org.springframework.beans.factory.support.AbstractAutowireCapableBeanFactory.createBean(AbstractAutowireCapableBeanFactory.java:476) ~[spring-beans-4.1.7.RELEASE.jar!/:4.1.7.RELEASE]
	at org.springframework.beans.factory.support.AbstractBeanFactory$1.getObject(AbstractBeanFactory.java:303) ~[spring-beans-4.1.7.RELEASE.jar!/:4.1.7.RELEASE]
	at org.springframework.beans.factory.support.DefaultSingletonBeanRegistry.getSingleton(DefaultSingletonBeanRegistry.java:230) ~[spring-beans-4.1.7.RELEASE.jar!/:4.1.7.RELEASE]
	at org.springframework.beans.factory.support.AbstractBeanFactory.doGetBean(AbstractBeanFactory.java:299) ~[spring-beans-4.1.7.RELEASE.jar!/:4.1.7.RELEASE]
	at org.springframework.beans.factory.support.AbstractBeanFactory.getBean(AbstractBeanFactory.java:194) ~[spring-beans-4.1.7.RELEASE.jar!/:4.1.7.RELEASE]
	at org.springframework.beans.factory.support.DefaultListableBeanFactory.preInstantiateSingletons(DefaultListableBeanFactory.java:755) ~[spring-beans-4.1.7.RELEASE.jar!/:4.1.7.RELEASE]
	at org.springframework.context.support.AbstractApplicationContext.finishBeanFactoryInitialization(AbstractApplicationContext.java:757) ~[spring-context-4.1.7.RELEASE.jar!/:4.1.7.RELEASE]
	at org.springframework.context.support.AbstractApplicationContext.refresh(AbstractApplicationContext.java:480) ~[spring-context-4.1.7.RELEASE.jar!/:4.1.7.RELEASE]
	at org.springframework.boot.SpringApplication.refresh(SpringApplication.java:686) [spring-boot-1.2.5.RELEASE.jar!/:1.2.5.RELEASE]
	at org.springframework.boot.SpringApplication.run(SpringApplication.java:320) [spring-boot-1.2.5.RELEASE.jar!/:1.2.5.RELEASE]
	at org.springframework.boot.SpringApplication.run(SpringApplication.java:957) [spring-boot-1.2.5.RELEASE.jar!/:1.2.5.RELEASE]
	at org.springframework.boot.SpringApplication.run(SpringApplication.java:946) [spring-boot-1.2.5.RELEASE.jar!/:1.2.5.RELEASE]
	at com.capitalone.dashboard.Application.main(Application.java:13) [github-scm-collector-2.0.5-SNAPSHOT.jar!/:2.0.5-SNAPSHOT]
	at sun.reflect.NativeMethodAccessorImpl.invoke0(Native Method) ~[na:1.8.0_121]
	at sun.reflect.NativeMethodAccessorImpl.invoke(Unknown Source) ~[na:1.8.0_121]
	at sun.reflect.DelegatingMethodAccessorImpl.invoke(Unknown Source) ~[na:1.8.0_121]
	at java.lang.reflect.Method.invoke(Unknown Source) ~[na:1.8.0_121]
	at org.springframework.boot.loader.MainMethodRunner.run(MainMethodRunner.java:53) [github-scm-collector-2.0.5-SNAPSHOT.jar!/:2.0.5-SNAPSHOT]
	at java.lang.Thread.run(Unknown Source) [na:1.8.0_121]
Caused by: org.springframework.dao.DataAccessResourceFailureException: Timed out after 30000 ms while waiting for a server that matches ReadPreferenceServerSelector{readPreference=primary}. Client view of cluster state is {type=UNKNOWN, servers=[{address=localhost:27017, type=UNKNOWN, state=CONNECTING, exception={com.mongodb.MongoSecurityException: Exception authenticating MongoCredential{mechanism=SCRAM-SHA-1, userName='db', source='dashboard', password=<hidden>, mechanismProperties={}}}, caused by {com.mongodb.MongoCommandException: Command failed with error 18: 'Authentication failed.' on server localhost:27017. The full response is { "ok" : 0.0, "errmsg" : "Authentication failed.", "code" : 18, "codeName" : "AuthenticationFailed" }}}]; nested exception is com.mongodb.MongoTimeoutException: Timed out after 30000 ms while waiting for a server that matches ReadPreferenceServerSelector{readPreference=primary}. Client view of cluster state is {type=UNKNOWN, servers=[{address=localhost:27017, type=UNKNOWN, state=CONNECTING, exception={com.mongodb.MongoSecurityException: Exception authenticating MongoCredential{mechanism=SCRAM-SHA-1, userName='db', source='dashboard', password=<hidden>, mechanismProperties={}}}, caused by {com.mongodb.MongoCommandException: Command failed with error 18: 'Authentication failed.' on server localhost:27017. The full response is { "ok" : 0.0, "errmsg" : "Authentication failed.", "code" : 18, "codeName" : "AuthenticationFailed" }}}]
	at org.springframework.data.mongodb.core.MongoExceptionTranslator.translateExceptionIfPossible(MongoExceptionTranslator.java:75) ~[spring-data-mongodb-1.8.0.RELEASE.jar!/:na]
	at org.springframework.data.mongodb.core.MongoTemplate.potentiallyConvertRuntimeException(MongoTemplate.java:2013) ~[spring-data-mongodb-1.8.0.RELEASE.jar!/:na]
	at org.springframework.data.mongodb.core.MongoTemplate.executeFindOneInternal(MongoTemplate.java:1843) ~[spring-data-mongodb-1.8.0.RELEASE.jar!/:na]
	at org.springframework.data.mongodb.core.MongoTemplate.doFindOne(MongoTemplate.java:1656) ~[spring-data-mongodb-1.8.0.RELEASE.jar!/:na]
	at org.springframework.data.mongodb.core.MongoTemplate.findOne(MongoTemplate.java:564) ~[spring-data-mongodb-1.8.0.RELEASE.jar!/:na]
	at org.springframework.data.mongodb.repository.query.AbstractMongoQuery$SingleEntityExecution.execute(AbstractMongoQuery.java:312) ~[spring-data-mongodb-1.8.0.RELEASE.jar!/:na]
	at org.springframework.data.mongodb.repository.query.AbstractMongoQuery.execute(AbstractMongoQuery.java:108) ~[spring-data-mongodb-1.8.0.RELEASE.jar!/:na]
	at org.springframework.data.repository.core.support.RepositoryFactorySupport$QueryExecutorMethodInterceptor.doInvoke(RepositoryFactorySupport.java:454) ~[spring-data-commons-1.11.0.RELEASE.jar!/:na]
	at org.springframework.data.repository.core.support.RepositoryFactorySupport$QueryExecutorMethodInterceptor.invoke(RepositoryFactorySupport.java:432) ~[spring-data-commons-1.11.0.RELEASE.jar!/:na]
	at org.springframework.aop.framework.ReflectiveMethodInvocation.proceed(ReflectiveMethodInvocation.java:179) ~[spring-aop-4.1.7.RELEASE.jar!/:4.1.7.RELEASE]
	at org.springframework.data.projection.DefaultMethodInvokingMethodInterceptor.invoke(DefaultMethodInvokingMethodInterceptor.java:61) ~[spring-data-commons-1.11.0.RELEASE.jar!/:na]
	at org.springframework.aop.framework.ReflectiveMethodInvocation.proceed(ReflectiveMethodInvocation.java:179) ~[spring-aop-4.1.7.RELEASE.jar!/:4.1.7.RELEASE]
	at org.springframework.aop.interceptor.ExposeInvocationInterceptor.invoke(ExposeInvocationInterceptor.java:92) ~[spring-aop-4.1.7.RELEASE.jar!/:4.1.7.RELEASE]
	at org.springframework.aop.framework.ReflectiveMethodInvocation.proceed(ReflectiveMethodInvocation.java:179) ~[spring-aop-4.1.7.RELEASE.jar!/:4.1.7.RELEASE]
	at org.springframework.aop.framework.JdkDynamicAopProxy.invoke(JdkDynamicAopProxy.java:207) ~[spring-aop-4.1.7.RELEASE.jar!/:4.1.7.RELEASE]
	at com.sun.proxy.$Proxy39.findByName(Unknown Source) ~[na:na]
	at com.capitalone.dashboard.collector.CollectorTask.setOnline(CollectorTask.java:91) ~[core-2.0.5-SNAPSHOT.jar!/:2.0.5-SNAPSHOT]
	at com.capitalone.dashboard.collector.CollectorTask.onStartup(CollectorTask.java:74) ~[core-2.0.5-SNAPSHOT.jar!/:2.0.5-SNAPSHOT]
	at sun.reflect.NativeMethodAccessorImpl.invoke0(Native Method) ~[na:1.8.0_121]
	at sun.reflect.NativeMethodAccessorImpl.invoke(Unknown Source) ~[na:1.8.0_121]
	at sun.reflect.DelegatingMethodAccessorImpl.invoke(Unknown Source) ~[na:1.8.0_121]
	at java.lang.reflect.Method.invoke(Unknown Source) ~[na:1.8.0_121]
	at org.springframework.beans.factory.annotation.InitDestroyAnnotationBeanPostProcessor$LifecycleElement.invoke(InitDestroyAnnotationBeanPostProcessor.java:349) ~[spring-beans-4.1.7.RELEASE.jar!/:4.1.7.RELEASE]
	at org.springframework.beans.factory.annotation.InitDestroyAnnotationBeanPostProcessor$LifecycleMetadata.invokeInitMethods(InitDestroyAnnotationBeanPostProcessor.java:300) ~[spring-beans-4.1.7.RELEASE.jar!/:4.1.7.RELEASE]
	at org.springframework.beans.factory.annotation.InitDestroyAnnotationBeanPostProcessor.postProcessBeforeInitialization(InitDestroyAnnotationBeanPostProcessor.java:133) ~[spring-beans-4.1.7.RELEASE.jar!/:4.1.7.RELEASE]
	... 22 common frames omitted
Caused by: com.mongodb.MongoTimeoutException: Timed out after 30000 ms while waiting for a server that matches ReadPreferenceServerSelector{readPreference=primary}. Client view of cluster state is {type=UNKNOWN, servers=[{address=localhost:27017, type=UNKNOWN, state=CONNECTING, exception={com.mongodb.MongoSecurityException: Exception authenticating MongoCredential{mechanism=SCRAM-SHA-1, userName='db', source='dashboard', password=<hidden>, mechanismProperties={}}}, caused by {com.mongodb.MongoCommandException: Command failed with error 18: 'Authentication failed.' on server localhost:27017. The full response is { "ok" : 0.0, "errmsg" : "Authentication failed.", "code" : 18, "codeName" : "AuthenticationFailed" }}}]
	at com.mongodb.connection.BaseCluster.createTimeoutException(BaseCluster.java:370) ~[mongo-java-driver-3.0.2.jar!/:na]
	at com.mongodb.connection.BaseCluster.selectServer(BaseCluster.java:101) ~[mongo-java-driver-3.0.2.jar!/:na]
	at com.mongodb.binding.ClusterBinding$ClusterBindingConnectionSource.<init>(ClusterBinding.java:75) ~[mongo-java-driver-3.0.2.jar!/:na]
	at com.mongodb.binding.ClusterBinding$ClusterBindingConnectionSource.<init>(ClusterBinding.java:71) ~[mongo-java-driver-3.0.2.jar!/:na]
	at com.mongodb.binding.ClusterBinding.getReadConnectionSource(ClusterBinding.java:63) ~[mongo-java-driver-3.0.2.jar!/:na]
	at com.mongodb.operation.OperationHelper.withConnection(OperationHelper.java:166) ~[mongo-java-driver-3.0.2.jar!/:na]
	at com.mongodb.operation.FindOperation.execute(FindOperation.java:394) ~[mongo-java-driver-3.0.2.jar!/:na]
	at com.mongodb.operation.FindOperation.execute(FindOperation.java:57) ~[mongo-java-driver-3.0.2.jar!/:na]
	at com.mongodb.Mongo.execute(Mongo.java:738) ~[mongo-java-driver-3.0.2.jar!/:na]
	at com.mongodb.Mongo$2.execute(Mongo.java:725) ~[mongo-java-driver-3.0.2.jar!/:na]
	at com.mongodb.DBCollection.findOne(DBCollection.java:737) ~[mongo-java-driver-3.0.2.jar!/:na]
	at com.mongodb.DBCollection.findOne(DBCollection.java:710) ~[mongo-java-driver-3.0.2.jar!/:na]
	at com.mongodb.DBCollection.findOne(DBCollection.java:657) ~[mongo-java-driver-3.0.2.jar!/:na]
	at org.springframework.data.mongodb.core.MongoTemplate$FindOneCallback.doInCollection(MongoTemplate.java:2080) ~[spring-data-mongodb-1.8.0.RELEASE.jar!/:na]
	at org.springframework.data.mongodb.core.MongoTemplate$FindOneCallback.doInCollection(MongoTemplate.java:2064) ~[spring-data-mongodb-1.8.0.RELEASE.jar!/:na]
	at org.springframework.data.mongodb.core.MongoTemplate.executeFindOneInternal(MongoTemplate.java:1839) ~[spring-data-mongodb-1.8.0.RELEASE.jar!/:na]
	... 44 common frames omitted
2017-03-20 11:02:57,478 INFO  com.capitalone.dashboard.Application - Starting Application v2.0.5-SNAPSHOT on BHARDWAM7 with PID 7348 (C:\Hygieia-master\collectors\scm\github\target\github-scm-collector-2.0.5-SNAPSHOT.jar started by bhardwam in C:\Hygieia-master\collectors\scm\github\target)
2017-03-20 11:02:57,529 INFO  o.s.c.a.AnnotationConfigApplicationContext - Refreshing org.springframework.context.annotation.AnnotationConfigApplicationContext@4d276c13: startup date [Mon Mar 20 11:02:57 IST 2017]; root of context hierarchy
2017-03-20 11:02:58,589 INFO  c.u.j.EnableEncryptablePropertySourcesPostProcessor - Post-processing PropertySource instances
2017-03-20 11:02:58,618 INFO  c.u.j.c.StringEncryptorConfiguration - String Encryptor custom Bean not found with name 'jasyptStringEncryptor'. Initializing String Encryptor based on properties with name 'jasyptStringEncryptor'
2017-03-20 11:02:58,630 INFO  c.u.j.EnableEncryptablePropertySourcesPostProcessor - Converting PropertySource commandLineArgs [org.springframework.core.env.SimpleCommandLinePropertySource] to EncryptableEnumerablePropertySourceWrapper
2017-03-20 11:02:58,630 INFO  c.u.j.EnableEncryptablePropertySourcesPostProcessor - Converting PropertySource systemProperties [org.springframework.core.env.MapPropertySource] to EncryptableMapPropertySourceWrapper
2017-03-20 11:02:58,631 INFO  c.u.j.EnableEncryptablePropertySourcesPostProcessor - Converting PropertySource systemEnvironment [org.springframework.core.env.SystemEnvironmentPropertySource] to EncryptableMapPropertySourceWrapper
2017-03-20 11:02:58,638 INFO  c.u.j.EnableEncryptablePropertySourcesPostProcessor - Converting PropertySource random [org.springframework.boot.context.config.RandomValuePropertySource] to EncryptablePropertySourceWrapper
2017-03-20 11:02:58,645 INFO  c.u.j.EnableEncryptablePropertySourcesPostProcessor - Converting PropertySource applicationConfig: [file:dashboard.properties] [org.springframework.core.env.PropertiesPropertySource] to EncryptableMapPropertySourceWrapper
2017-03-20 11:02:58,661 INFO  o.s.b.f.a.AutowiredAnnotationBeanPostProcessor - JSR-330 'javax.inject.Inject' annotation found and supported for autowiring
2017-03-20 11:02:58,719 INFO  o.h.validator.internal.util.Version - HV000001: Hibernate Validator 5.1.3.Final
2017-03-20 11:03:00,038 INFO  o.s.s.c.ThreadPoolTaskScheduler - Initializing ExecutorService  'taskScheduler'
2017-03-20 11:03:00,272 INFO  c.c.dashboard.config.MongoConfig - ReplicaSetfalse
2017-03-20 11:03:00,275 INFO  c.c.dashboard.config.MongoConfig - Initializing Mongo Client server at: localhost:27017
2017-03-20 11:03:00,912 INFO  org.mongodb.driver.cluster - Cluster created with settings {hosts=[localhost:27017], mode=SINGLE, requiredClusterType=UNKNOWN, serverSelectionTimeout='30000 ms', maxWaitQueueSize=500}
2017-03-20 11:03:00,973 INFO  c.c.dashboard.config.MongoConfig - Connecting to Mongo: Mongo{options=MongoClientOptions{description='null', readPreference=primary, writeConcern=WriteConcern{w=1, wtimeout=0, fsync=false, j=false, codecRegistry=org.bson.codecs.configuration.ProvidersCodecRegistry@6b40bbcd, minConnectionsPerHost=0, maxConnectionsPerHost=100, threadsAllowedToBlockForConnectionMultiplier=5, serverSelectionTimeout=30000, maxWaitTime=120000, maxConnectionIdleTime=0, maxConnectionLifeTime=0, connectTimeout=10000, socketTimeout=0, socketKeepAlive=false, sslEnabled=false, sslInvalidHostNamesAllowed=false, alwaysUseMBeans=false, heartbeatFrequency=10000, minHeartbeatFrequency=500, heartbeatConnectTimeout=20000, heartbeatSocketTimeout=20000, localThreshold=15, requiredReplicaSetName='null', dbDecoderFactory=com.mongodb.DefaultDBDecoder$1@a205bf7, dbEncoderFactory=com.mongodb.DefaultDBEncoder$1@2c4d9c2d, socketFactory=javax.net.DefaultSocketFactory@40c086d7, cursorFinalizerEnabled=true, connectionPoolSettings=ConnectionPoolSettings{maxSize=100, minSize=0, maxWaitQueueSize=500, maxWaitTimeMS=120000, maxConnectionLifeTimeMS=0, maxConnectionIdleTimeMS=0, maintenanceInitialDelayMS=0, maintenanceFrequencyMS=60000}, socketSettings=SocketSettings{connectTimeoutMS=10000, readTimeoutMS=0, keepAlive=false, receiveBufferSize=0, sendBufferSize=0}, serverSettings=ServerSettings{heartbeatFrequencyMS=10000, minHeartbeatFrequencyMS=500}, heartbeatSocketSettings=SocketSettings{connectTimeoutMS=20000, readTimeoutMS=20000, keepAlive=false, receiveBufferSize=0, sendBufferSize=0}}}
2017-03-20 11:03:01,219 INFO  org.mongodb.driver.connection - Opened connection [connectionId{localValue:1, serverValue:2}] to localhost:27017
2017-03-20 11:03:01,221 INFO  org.mongodb.driver.cluster - Monitor thread successfully connected to server with description ServerDescription{address=localhost:27017, type=STANDALONE, state=CONNECTED, ok=true, version=ServerVersion{versionList=[3, 4, 2]}, minWireVersion=0, maxWireVersion=5, electionId=null, maxDocumentSize=16777216, roundTripTimeNanos=728480}
2017-03-20 11:03:01,428 INFO  org.mongodb.driver.connection - Opened connection [connectionId{localValue:2, serverValue:3}] to localhost:27017
2017-03-20 11:03:01,629 INFO  c.c.dashboard.config.MongoConfig - ReplicaSetfalse
2017-03-20 11:03:01,630 INFO  c.c.dashboard.config.MongoConfig - Initializing Mongo Client server at: localhost:27017
2017-03-20 11:03:01,632 INFO  org.mongodb.driver.cluster - Cluster created with settings {hosts=[localhost:27017], mode=SINGLE, requiredClusterType=UNKNOWN, serverSelectionTimeout='30000 ms', maxWaitQueueSize=500}
2017-03-20 11:03:01,639 INFO  c.c.dashboard.config.MongoConfig - Connecting to Mongo: Mongo{options=MongoClientOptions{description='null', readPreference=primary, writeConcern=WriteConcern{w=1, wtimeout=0, fsync=false, j=false, codecRegistry=org.bson.codecs.configuration.ProvidersCodecRegistry@6b40bbcd, minConnectionsPerHost=0, maxConnectionsPerHost=100, threadsAllowedToBlockForConnectionMultiplier=5, serverSelectionTimeout=30000, maxWaitTime=120000, maxConnectionIdleTime=0, maxConnectionLifeTime=0, connectTimeout=10000, socketTimeout=0, socketKeepAlive=false, sslEnabled=false, sslInvalidHostNamesAllowed=false, alwaysUseMBeans=false, heartbeatFrequency=10000, minHeartbeatFrequency=500, heartbeatConnectTimeout=20000, heartbeatSocketTimeout=20000, localThreshold=15, requiredReplicaSetName='null', dbDecoderFactory=com.mongodb.DefaultDBDecoder$1@a205bf7, dbEncoderFactory=com.mongodb.DefaultDBEncoder$1@2c4d9c2d, socketFactory=javax.net.DefaultSocketFactory@40c086d7, cursorFinalizerEnabled=true, connectionPoolSettings=ConnectionPoolSettings{maxSize=100, minSize=0, maxWaitQueueSize=500, maxWaitTimeMS=120000, maxConnectionLifeTimeMS=0, maxConnectionIdleTimeMS=0, maintenanceInitialDelayMS=0, maintenanceFrequencyMS=60000}, socketSettings=SocketSettings{connectTimeoutMS=10000, readTimeoutMS=0, keepAlive=false, receiveBufferSize=0, sendBufferSize=0}, serverSettings=ServerSettings{heartbeatFrequencyMS=10000, minHeartbeatFrequencyMS=500}, heartbeatSocketSettings=SocketSettings{connectTimeoutMS=20000, readTimeoutMS=20000, keepAlive=false, receiveBufferSize=0, sendBufferSize=0}}}
2017-03-20 11:03:01,659 INFO  c.c.dashboard.config.MongoConfig - ReplicaSetfalse
2017-03-20 11:03:01,659 INFO  c.c.dashboard.config.MongoConfig - Initializing Mongo Client server at: localhost:27017
2017-03-20 11:03:01,661 INFO  org.mongodb.driver.cluster - Cluster created with settings {hosts=[localhost:27017], mode=SINGLE, requiredClusterType=UNKNOWN, serverSelectionTimeout='30000 ms', maxWaitQueueSize=500}
2017-03-20 11:03:01,667 INFO  c.c.dashboard.config.MongoConfig - Connecting to Mongo: Mongo{options=MongoClientOptions{description='null', readPreference=primary, writeConcern=WriteConcern{w=1, wtimeout=0, fsync=false, j=false, codecRegistry=org.bson.codecs.configuration.ProvidersCodecRegistry@6b40bbcd, minConnectionsPerHost=0, maxConnectionsPerHost=100, threadsAllowedToBlockForConnectionMultiplier=5, serverSelectionTimeout=30000, maxWaitTime=120000, maxConnectionIdleTime=0, maxConnectionLifeTime=0, connectTimeout=10000, socketTimeout=0, socketKeepAlive=false, sslEnabled=false, sslInvalidHostNamesAllowed=false, alwaysUseMBeans=false, heartbeatFrequency=10000, minHeartbeatFrequency=500, heartbeatConnectTimeout=20000, heartbeatSocketTimeout=20000, localThreshold=15, requiredReplicaSetName='null', dbDecoderFactory=com.mongodb.DefaultDBDecoder$1@a205bf7, dbEncoderFactory=com.mongodb.DefaultDBEncoder$1@2c4d9c2d, socketFactory=javax.net.DefaultSocketFactory@40c086d7, cursorFinalizerEnabled=true, connectionPoolSettings=ConnectionPoolSettings{maxSize=100, minSize=0, maxWaitQueueSize=500, maxWaitTimeMS=120000, maxConnectionLifeTimeMS=0, maxConnectionIdleTimeMS=0, maintenanceInitialDelayMS=0, maintenanceFrequencyMS=60000}, socketSettings=SocketSettings{connectTimeoutMS=10000, readTimeoutMS=0, keepAlive=false, receiveBufferSize=0, sendBufferSize=0}, serverSettings=ServerSettings{heartbeatFrequencyMS=10000, minHeartbeatFrequencyMS=500}, heartbeatSocketSettings=SocketSettings{connectTimeoutMS=20000, readTimeoutMS=20000, keepAlive=false, receiveBufferSize=0, sendBufferSize=0}}}
2017-03-20 11:03:01,673 INFO  org.mongodb.driver.connection - Opened connection [connectionId{localValue:3, serverValue:4}] to localhost:27017
2017-03-20 11:03:01,685 INFO  org.mongodb.driver.cluster - Monitor thread successfully connected to server with description ServerDescription{address=localhost:27017, type=STANDALONE, state=CONNECTED, ok=true, version=ServerVersion{versionList=[3, 4, 2]}, minWireVersion=0, maxWireVersion=5, electionId=null, maxDocumentSize=16777216, roundTripTimeNanos=2180699}
2017-03-20 11:03:01,727 INFO  org.mongodb.driver.connection - Opened connection [connectionId{localValue:4, serverValue:5}] to localhost:27017
2017-03-20 11:03:01,730 INFO  org.mongodb.driver.cluster - Monitor thread successfully connected to server with description ServerDescription{address=localhost:27017, type=STANDALONE, state=CONNECTED, ok=true, version=ServerVersion{versionList=[3, 4, 2]}, minWireVersion=0, maxWireVersion=5, electionId=null, maxDocumentSize=16777216, roundTripTimeNanos=2243513}
2017-03-20 11:03:01,947 INFO  c.c.dashboard.config.MongoConfig - ReplicaSetfalse
2017-03-20 11:03:01,947 INFO  c.c.dashboard.config.MongoConfig - Initializing Mongo Client server at: localhost:27017
2017-03-20 11:03:01,949 INFO  org.mongodb.driver.cluster - Cluster created with settings {hosts=[localhost:27017], mode=SINGLE, requiredClusterType=UNKNOWN, serverSelectionTimeout='30000 ms', maxWaitQueueSize=500}
2017-03-20 11:03:01,957 INFO  c.c.dashboard.config.MongoConfig - Connecting to Mongo: Mongo{options=MongoClientOptions{description='null', readPreference=primary, writeConcern=WriteConcern{w=1, wtimeout=0, fsync=false, j=false, codecRegistry=org.bson.codecs.configuration.ProvidersCodecRegistry@6b40bbcd, minConnectionsPerHost=0, maxConnectionsPerHost=100, threadsAllowedToBlockForConnectionMultiplier=5, serverSelectionTimeout=30000, maxWaitTime=120000, maxConnectionIdleTime=0, maxConnectionLifeTime=0, connectTimeout=10000, socketTimeout=0, socketKeepAlive=false, sslEnabled=false, sslInvalidHostNamesAllowed=false, alwaysUseMBeans=false, heartbeatFrequency=10000, minHeartbeatFrequency=500, heartbeatConnectTimeout=20000, heartbeatSocketTimeout=20000, localThreshold=15, requiredReplicaSetName='null', dbDecoderFactory=com.mongodb.DefaultDBDecoder$1@a205bf7, dbEncoderFactory=com.mongodb.DefaultDBEncoder$1@2c4d9c2d, socketFactory=javax.net.DefaultSocketFactory@40c086d7, cursorFinalizerEnabled=true, connectionPoolSettings=ConnectionPoolSettings{maxSize=100, minSize=0, maxWaitQueueSize=500, maxWaitTimeMS=120000, maxConnectionLifeTimeMS=0, maxConnectionIdleTimeMS=0, maintenanceInitialDelayMS=0, maintenanceFrequencyMS=60000}, socketSettings=SocketSettings{connectTimeoutMS=10000, readTimeoutMS=0, keepAlive=false, receiveBufferSize=0, sendBufferSize=0}, serverSettings=ServerSettings{heartbeatFrequencyMS=10000, minHeartbeatFrequencyMS=500}, heartbeatSocketSettings=SocketSettings{connectTimeoutMS=20000, readTimeoutMS=20000, keepAlive=false, receiveBufferSize=0, sendBufferSize=0}}}
2017-03-20 11:03:01,991 INFO  org.mongodb.driver.connection - Opened connection [connectionId{localValue:5, serverValue:6}] to localhost:27017
2017-03-20 11:03:01,994 INFO  org.mongodb.driver.cluster - Monitor thread successfully connected to server with description ServerDescription{address=localhost:27017, type=STANDALONE, state=CONNECTED, ok=true, version=ServerVersion{versionList=[3, 4, 2]}, minWireVersion=0, maxWireVersion=5, electionId=null, maxDocumentSize=16777216, roundTripTimeNanos=819343}
2017-03-20 11:03:03,092 INFO  o.s.j.e.a.AnnotationMBeanExporter - Registering beans for JMX exposure on startup
2017-03-20 11:03:03,105 INFO  com.capitalone.dashboard.Application - Started Application in 5.879 seconds (JVM running for 6.712)
2017-03-20 11:05:00,004 INFO  c.c.d.collector.CollectorTask - Running Collector: GitHub
2017-03-20 11:05:00,092 INFO  c.c.d.collector.CollectorTask - -----------------------------------
2017-03-20 11:05:00,092 INFO  c.c.d.collector.CollectorTask - Starting...
2017-03-20 11:05:00,093 INFO  c.c.d.collector.CollectorTask - -----------------------------------
2017-03-20 11:05:00,123 INFO  c.c.d.collector.CollectorTask - Repo Count              0        0s
2017-03-20 11:05:00,123 INFO  c.c.d.collector.CollectorTask - New Commits             0        0s
2017-03-20 11:05:00,124 INFO  c.c.d.collector.CollectorTask - Finished                         0s
2017-03-20 11:10:00,007 INFO  c.c.d.collector.CollectorTask - Running Collector: GitHub
2017-03-20 11:10:00,036 INFO  c.c.d.collector.CollectorTask - -----------------------------------
2017-03-20 11:10:00,037 INFO  c.c.d.collector.CollectorTask - Starting...
2017-03-20 11:10:00,037 INFO  c.c.d.collector.CollectorTask - -----------------------------------
2017-03-20 11:10:00,045 INFO  c.c.d.collector.CollectorTask - Repo Count              0        0s
2017-03-20 11:10:00,046 INFO  c.c.d.collector.CollectorTask - New Commits             0        0s
2017-03-20 11:10:00,049 INFO  c.c.d.collector.CollectorTask - Finished                         0s
2017-03-20 11:15:00,007 INFO  c.c.d.collector.CollectorTask - Running Collector: GitHub
2017-03-20 11:15:00,015 INFO  c.c.d.collector.CollectorTask - -----------------------------------
2017-03-20 11:15:00,016 INFO  c.c.d.collector.CollectorTask - Starting...
2017-03-20 11:15:00,019 INFO  c.c.d.collector.CollectorTask - -----------------------------------
2017-03-20 11:15:00,032 INFO  c.c.d.collector.CollectorTask - Repo Count              0        0s
2017-03-20 11:15:00,033 INFO  c.c.d.collector.CollectorTask - New Commits             0        0s
2017-03-20 11:15:00,035 INFO  c.c.d.collector.CollectorTask - Finished                         0s
2017-03-20 11:20:00,007 INFO  c.c.d.collector.CollectorTask - Running Collector: GitHub
2017-03-20 11:20:00,012 INFO  c.c.d.collector.CollectorTask - -----------------------------------
2017-03-20 11:20:00,013 INFO  c.c.d.collector.CollectorTask - Starting...
2017-03-20 11:20:00,014 INFO  c.c.d.collector.CollectorTask - -----------------------------------
2017-03-20 11:20:00,026 INFO  c.c.d.collector.CollectorTask - Repo Count              0        0s
2017-03-20 11:20:00,026 INFO  c.c.d.collector.CollectorTask - New Commits             0        0s
2017-03-20 11:20:00,028 INFO  c.c.d.collector.CollectorTask - Finished                         0s
2017-03-20 11:25:00,007 INFO  c.c.d.collector.CollectorTask - Running Collector: GitHub
2017-03-20 11:25:00,013 INFO  c.c.d.collector.CollectorTask - -----------------------------------
2017-03-20 11:25:00,014 INFO  c.c.d.collector.CollectorTask - Starting...
2017-03-20 11:25:00,015 INFO  c.c.d.collector.CollectorTask - -----------------------------------
2017-03-20 11:25:00,027 INFO  c.c.d.collector.CollectorTask - Repo Count              0        0s
2017-03-20 11:25:00,029 INFO  c.c.d.collector.CollectorTask - New Commits             0        0s
2017-03-20 11:25:00,031 INFO  c.c.d.collector.CollectorTask - Finished                         0s
2017-03-20 11:30:00,007 INFO  c.c.d.collector.CollectorTask - Running Collector: GitHub
2017-03-20 11:30:00,011 INFO  c.c.d.collector.CollectorTask - -----------------------------------
2017-03-20 11:30:00,012 INFO  c.c.d.collector.CollectorTask - Starting...
2017-03-20 11:30:00,016 INFO  c.c.d.collector.CollectorTask - -----------------------------------
2017-03-20 11:30:00,028 INFO  c.c.d.collector.CollectorTask - Repo Count              0        0s
2017-03-20 11:30:00,034 INFO  c.c.d.collector.CollectorTask - New Commits             0        0s
2017-03-20 11:30:00,040 INFO  c.c.d.collector.CollectorTask - Finished                         0s
2017-03-20 11:35:00,007 INFO  c.c.d.collector.CollectorTask - Running Collector: GitHub
2017-03-20 11:35:00,011 INFO  c.c.d.collector.CollectorTask - -----------------------------------
2017-03-20 11:35:00,012 INFO  c.c.d.collector.CollectorTask - Starting...
2017-03-20 11:35:00,014 INFO  c.c.d.collector.CollectorTask - -----------------------------------
2017-03-20 11:35:00,024 INFO  c.c.d.collector.CollectorTask - Repo Count              0        0s
2017-03-20 11:35:00,025 INFO  c.c.d.collector.CollectorTask - New Commits             0        0s
2017-03-20 11:35:00,032 INFO  c.c.d.collector.CollectorTask - Finished                         0s
2017-03-20 11:40:00,014 INFO  c.c.d.collector.CollectorTask - Running Collector: GitHub
2017-03-20 11:40:00,021 INFO  c.c.d.collector.CollectorTask - -----------------------------------
2017-03-20 11:40:00,022 INFO  c.c.d.collector.CollectorTask - Starting...
2017-03-20 11:40:00,024 INFO  c.c.d.collector.CollectorTask - -----------------------------------
2017-03-20 11:40:00,037 INFO  c.c.d.collector.CollectorTask - Repo Count              0        0s
2017-03-20 11:40:00,042 INFO  c.c.d.collector.CollectorTask - New Commits             0        0s
2017-03-20 11:40:00,049 INFO  c.c.d.collector.CollectorTask - Finished                         0s
2017-03-20 11:45:00,063 INFO  c.c.d.collector.CollectorTask - Running Collector: GitHub
2017-03-20 11:45:00,070 INFO  c.c.d.collector.CollectorTask - -----------------------------------
2017-03-20 11:45:00,071 INFO  c.c.d.collector.CollectorTask - Starting...
2017-03-20 11:45:00,073 INFO  c.c.d.collector.CollectorTask - -----------------------------------
2017-03-20 11:45:00,085 INFO  c.c.d.collector.CollectorTask - Repo Count              0        0s
2017-03-20 11:45:00,086 INFO  c.c.d.collector.CollectorTask - New Commits             0        0s
2017-03-20 11:45:00,089 INFO  c.c.d.collector.CollectorTask - Finished                         0s
2017-03-20 11:50:00,037 INFO  c.c.d.collector.CollectorTask - Running Collector: GitHub
2017-03-20 11:50:00,045 INFO  c.c.d.collector.CollectorTask - -----------------------------------
2017-03-20 11:50:00,046 INFO  c.c.d.collector.CollectorTask - Starting...
2017-03-20 11:50:00,048 INFO  c.c.d.collector.CollectorTask - -----------------------------------
2017-03-20 11:50:00,063 INFO  c.c.d.collector.CollectorTask - Repo Count              0        0s
2017-03-20 11:50:00,065 INFO  c.c.d.collector.CollectorTask - New Commits             0        0s
2017-03-20 11:50:00,067 INFO  c.c.d.collector.CollectorTask - Finished                         0s
2017-03-20 11:55:00,036 INFO  c.c.d.collector.CollectorTask - Running Collector: GitHub
2017-03-20 11:55:00,042 INFO  c.c.d.collector.CollectorTask - -----------------------------------
2017-03-20 11:55:00,043 INFO  c.c.d.collector.CollectorTask - Starting...
2017-03-20 11:55:00,046 INFO  c.c.d.collector.CollectorTask - -----------------------------------
2017-03-20 11:55:00,059 INFO  c.c.d.collector.CollectorTask - Repo Count              0        0s
2017-03-20 11:55:00,060 INFO  c.c.d.collector.CollectorTask - New Commits             0        0s
2017-03-20 11:55:00,063 INFO  c.c.d.collector.CollectorTask - Finished                         0s
2017-03-20 11:59:59,999 INFO  c.c.d.collector.CollectorTask - Running Collector: GitHub
2017-03-20 12:00:00,006 INFO  c.c.d.collector.CollectorTask - -----------------------------------
2017-03-20 12:00:00,007 INFO  c.c.d.collector.CollectorTask - Starting...
2017-03-20 12:00:00,009 INFO  c.c.d.collector.CollectorTask - -----------------------------------
2017-03-20 12:00:00,022 INFO  c.c.d.collector.CollectorTask - Repo Count              0        0s
2017-03-20 12:00:00,022 INFO  c.c.d.collector.CollectorTask - New Commits             0        0s
2017-03-20 12:00:00,024 INFO  c.c.d.collector.CollectorTask - Finished                         0s
2017-03-20 12:04:59,995 INFO  c.c.d.collector.CollectorTask - Running Collector: GitHub
2017-03-20 12:05:00,002 INFO  c.c.d.collector.CollectorTask - -----------------------------------
2017-03-20 12:05:00,003 INFO  c.c.d.collector.CollectorTask - Starting...
2017-03-20 12:05:00,005 INFO  c.c.d.collector.CollectorTask - -----------------------------------
2017-03-20 12:05:00,017 INFO  c.c.d.collector.CollectorTask - Repo Count              0        0s
2017-03-20 12:05:00,019 INFO  c.c.d.collector.CollectorTask - New Commits             0        0s
2017-03-20 12:05:00,022 INFO  c.c.d.collector.CollectorTask - Finished                         0s
2017-03-20 12:10:00,007 INFO  c.c.d.collector.CollectorTask - Running Collector: GitHub
2017-03-20 12:10:00,014 INFO  c.c.d.collector.CollectorTask - -----------------------------------
2017-03-20 12:10:00,015 INFO  c.c.d.collector.CollectorTask - Starting...
2017-03-20 12:10:00,018 INFO  c.c.d.collector.CollectorTask - -----------------------------------
2017-03-20 12:10:00,028 INFO  c.c.d.collector.CollectorTask - Repo Count              0        0s
2017-03-20 12:10:00,029 INFO  c.c.d.collector.CollectorTask - New Commits             0        0s
2017-03-20 12:10:00,032 INFO  c.c.d.collector.CollectorTask - Finished                         0s
2017-03-20 12:15:00,007 INFO  c.c.d.collector.CollectorTask - Running Collector: GitHub
2017-03-20 12:15:00,015 INFO  c.c.d.collector.CollectorTask - -----------------------------------
2017-03-20 12:15:00,016 INFO  c.c.d.collector.CollectorTask - Starting...
2017-03-20 12:15:00,018 INFO  c.c.d.collector.CollectorTask - -----------------------------------
2017-03-20 12:15:00,031 INFO  c.c.d.collector.CollectorTask - Repo Count              0        0s
2017-03-20 12:15:00,032 INFO  c.c.d.collector.CollectorTask - New Commits             0        0s
2017-03-20 12:15:00,035 INFO  c.c.d.collector.CollectorTask - Finished                         0s
2017-03-20 12:20:00,006 INFO  c.c.d.collector.CollectorTask - Running Collector: GitHub
2017-03-20 12:20:00,014 INFO  c.c.d.collector.CollectorTask - -----------------------------------
2017-03-20 12:20:00,015 INFO  c.c.d.collector.CollectorTask - Starting...
2017-03-20 12:20:00,017 INFO  c.c.d.collector.CollectorTask - -----------------------------------
2017-03-20 12:20:00,033 INFO  c.c.d.collector.CollectorTask - Repo Count              0        0s
2017-03-20 12:20:00,034 INFO  c.c.d.collector.CollectorTask - New Commits             0        0s
2017-03-20 12:20:00,036 INFO  c.c.d.collector.CollectorTask - Finished                         0s
2017-03-20 12:25:00,007 INFO  c.c.d.collector.CollectorTask - Running Collector: GitHub
2017-03-20 12:25:00,015 INFO  c.c.d.collector.CollectorTask - -----------------------------------
2017-03-20 12:25:00,016 INFO  c.c.d.collector.CollectorTask - Starting...
2017-03-20 12:25:00,018 INFO  c.c.d.collector.CollectorTask - -----------------------------------
2017-03-20 12:25:00,031 INFO  c.c.d.collector.CollectorTask - Repo Count              0        0s
2017-03-20 12:25:00,032 INFO  c.c.d.collector.CollectorTask - New Commits             0        0s
2017-03-20 12:25:00,035 INFO  c.c.d.collector.CollectorTask - Finished                         0s
2017-03-20 12:30:00,006 INFO  c.c.d.collector.CollectorTask - Running Collector: GitHub
2017-03-20 12:30:00,012 INFO  c.c.d.collector.CollectorTask - -----------------------------------
2017-03-20 12:30:00,013 INFO  c.c.d.collector.CollectorTask - Starting...
2017-03-20 12:30:00,015 INFO  c.c.d.collector.CollectorTask - -----------------------------------
2017-03-20 12:30:00,030 INFO  c.c.d.collector.CollectorTask - Repo Count              0        0s
2017-03-20 12:30:00,031 INFO  c.c.d.collector.CollectorTask - New Commits             0        0s
2017-03-20 12:30:00,040 INFO  c.c.d.collector.CollectorTask - Finished                         0s
2017-03-20 12:35:00,007 INFO  c.c.d.collector.CollectorTask - Running Collector: GitHub
2017-03-20 12:35:00,015 INFO  c.c.d.collector.CollectorTask - -----------------------------------
2017-03-20 12:35:00,016 INFO  c.c.d.collector.CollectorTask - Starting...
2017-03-20 12:35:00,018 INFO  c.c.d.collector.CollectorTask - -----------------------------------
2017-03-20 12:35:00,032 INFO  c.c.d.collector.CollectorTask - Repo Count              0        0s
2017-03-20 12:35:00,033 INFO  c.c.d.collector.CollectorTask - New Commits             0        0s
2017-03-20 12:35:00,036 INFO  c.c.d.collector.CollectorTask - Finished                         0s
2017-03-20 12:40:00,007 INFO  c.c.d.collector.CollectorTask - Running Collector: GitHub
2017-03-20 12:40:00,014 INFO  c.c.d.collector.CollectorTask - -----------------------------------
2017-03-20 12:40:00,015 INFO  c.c.d.collector.CollectorTask - Starting...
2017-03-20 12:40:00,018 INFO  c.c.d.collector.CollectorTask - -----------------------------------
2017-03-20 12:40:00,030 INFO  c.c.d.collector.CollectorTask - Repo Count              0        0s
2017-03-20 12:40:00,031 INFO  c.c.d.collector.CollectorTask - New Commits             0        0s
2017-03-20 12:40:00,033 INFO  c.c.d.collector.CollectorTask - Finished                         0s
2017-03-20 12:45:00,007 INFO  c.c.d.collector.CollectorTask - Running Collector: GitHub
2017-03-20 12:45:00,015 INFO  c.c.d.collector.CollectorTask - -----------------------------------
2017-03-20 12:45:00,016 INFO  c.c.d.collector.CollectorTask - Starting...
2017-03-20 12:45:00,018 INFO  c.c.d.collector.CollectorTask - -----------------------------------
2017-03-20 12:45:00,032 INFO  c.c.d.collector.CollectorTask - Repo Count              0        0s
2017-03-20 12:45:00,032 INFO  c.c.d.collector.CollectorTask - New Commits             0        0s
2017-03-20 12:45:00,039 INFO  c.c.d.collector.CollectorTask - Finished                         0s
2017-03-20 12:50:00,033 INFO  c.c.d.collector.CollectorTask - Running Collector: GitHub
2017-03-20 12:50:00,039 INFO  c.c.d.collector.CollectorTask - -----------------------------------
2017-03-20 12:50:00,040 INFO  c.c.d.collector.CollectorTask - Starting...
2017-03-20 12:50:00,042 INFO  c.c.d.collector.CollectorTask - -----------------------------------
2017-03-20 12:50:00,053 INFO  c.c.d.collector.CollectorTask - Repo Count              0        0s
2017-03-20 12:50:00,053 INFO  c.c.d.collector.CollectorTask - New Commits             0        0s
2017-03-20 12:50:00,058 INFO  c.c.d.collector.CollectorTask - Finished                         0s
2017-03-20 12:55:00,054 INFO  c.c.d.collector.CollectorTask - Running Collector: GitHub
2017-03-20 12:55:00,059 INFO  c.c.d.collector.CollectorTask - -----------------------------------
2017-03-20 12:55:00,059 INFO  c.c.d.collector.CollectorTask - Starting...
2017-03-20 12:55:00,064 INFO  c.c.d.collector.CollectorTask - -----------------------------------
2017-03-20 12:55:00,075 INFO  c.c.d.collector.CollectorTask - Repo Count              0        0s
2017-03-20 12:55:00,077 INFO  c.c.d.collector.CollectorTask - New Commits             0        0s
2017-03-20 12:55:00,083 INFO  c.c.d.collector.CollectorTask - Finished                         0s
2017-03-20 13:36:11,502 INFO  c.c.d.collector.CollectorTask - Running Collector: GitHub
2017-03-20 13:36:11,564 INFO  c.c.d.collector.CollectorTask - -----------------------------------
2017-03-20 13:36:11,729 INFO  c.c.d.collector.CollectorTask - Starting...
2017-03-20 13:36:11,749 INFO  c.c.d.collector.CollectorTask - -----------------------------------
2017-03-20 13:36:11,754 INFO  c.c.d.collector.CollectorTask - Repo Count              0        0s
2017-03-20 13:36:11,760 INFO  c.c.d.collector.CollectorTask - New Commits             0        0s
2017-03-20 13:36:11,767 INFO  c.c.d.collector.CollectorTask - Finished                         0s
2017-03-20 13:39:59,903 INFO  c.c.d.collector.CollectorTask - Running Collector: GitHub
2017-03-20 13:39:59,910 INFO  c.c.d.collector.CollectorTask - -----------------------------------
2017-03-20 13:39:59,911 INFO  c.c.d.collector.CollectorTask - Starting...
2017-03-20 13:39:59,912 INFO  c.c.d.collector.CollectorTask - -----------------------------------
2017-03-20 13:39:59,924 INFO  c.c.d.collector.CollectorTask - Repo Count              0        0s
2017-03-20 13:39:59,925 INFO  c.c.d.collector.CollectorTask - New Commits             0        0s
2017-03-20 13:39:59,927 INFO  c.c.d.collector.CollectorTask - Finished                         0s
2017-03-20 13:44:59,937 INFO  c.c.d.collector.CollectorTask - Running Collector: GitHub
2017-03-20 13:44:59,941 INFO  c.c.d.collector.CollectorTask - -----------------------------------
2017-03-20 13:44:59,942 INFO  c.c.d.collector.CollectorTask - Starting...
2017-03-20 13:44:59,946 INFO  c.c.d.collector.CollectorTask - -----------------------------------
2017-03-20 13:44:59,959 INFO  c.c.d.collector.CollectorTask - Repo Count              0        0s
2017-03-20 13:44:59,960 INFO  c.c.d.collector.CollectorTask - New Commits             0        0s
2017-03-20 13:44:59,966 INFO  c.c.d.collector.CollectorTask - Finished                         0s
2017-03-20 13:49:59,998 INFO  c.c.d.collector.CollectorTask - Running Collector: GitHub
2017-03-20 13:50:00,004 INFO  c.c.d.collector.CollectorTask - -----------------------------------
2017-03-20 13:50:00,005 INFO  c.c.d.collector.CollectorTask - Starting...
2017-03-20 13:50:00,008 INFO  c.c.d.collector.CollectorTask - -----------------------------------
2017-03-20 13:50:00,021 INFO  c.c.d.collector.CollectorTask - Repo Count              0        0s
2017-03-20 13:50:00,022 INFO  c.c.d.collector.CollectorTask - New Commits             0        0s
2017-03-20 13:50:00,024 INFO  c.c.d.collector.CollectorTask - Finished                         0s
2017-03-20 13:55:00,007 INFO  c.c.d.collector.CollectorTask - Running Collector: GitHub
2017-03-20 13:55:00,010 INFO  c.c.d.collector.CollectorTask - -----------------------------------
2017-03-20 13:55:00,011 INFO  c.c.d.collector.CollectorTask - Starting...
2017-03-20 13:55:00,011 INFO  c.c.d.collector.CollectorTask - -----------------------------------
2017-03-20 13:55:00,029 INFO  c.c.d.collector.CollectorTask - Repo Count              0        0s
2017-03-20 13:55:00,030 INFO  c.c.d.collector.CollectorTask - New Commits             0        0s
2017-03-20 13:55:00,033 INFO  c.c.d.collector.CollectorTask - Finished                         0s
2017-03-20 14:00:00,006 INFO  c.c.d.collector.CollectorTask - Running Collector: GitHub
2017-03-20 14:00:00,014 INFO  c.c.d.collector.CollectorTask - -----------------------------------
2017-03-20 14:00:00,014 INFO  c.c.d.collector.CollectorTask - Starting...
2017-03-20 14:00:00,017 INFO  c.c.d.collector.CollectorTask - -----------------------------------
2017-03-20 14:00:00,030 INFO  c.c.d.collector.CollectorTask - Repo Count              0        0s
2017-03-20 14:00:00,031 INFO  c.c.d.collector.CollectorTask - New Commits             0        0s
2017-03-20 14:00:00,033 INFO  c.c.d.collector.CollectorTask - Finished                         0s
2017-03-20 14:05:00,006 INFO  c.c.d.collector.CollectorTask - Running Collector: GitHub
2017-03-20 14:05:00,013 INFO  c.c.d.collector.CollectorTask - -----------------------------------
2017-03-20 14:05:00,014 INFO  c.c.d.collector.CollectorTask - Starting...
2017-03-20 14:05:00,016 INFO  c.c.d.collector.CollectorTask - -----------------------------------
2017-03-20 14:05:00,027 INFO  c.c.d.collector.CollectorTask - Repo Count              0        0s
2017-03-20 14:05:00,028 INFO  c.c.d.collector.CollectorTask - New Commits             0        0s
2017-03-20 14:05:00,031 INFO  c.c.d.collector.CollectorTask - Finished                         0s
2017-03-20 14:10:00,007 INFO  c.c.d.collector.CollectorTask - Running Collector: GitHub
2017-03-20 14:10:00,012 INFO  c.c.d.collector.CollectorTask - -----------------------------------
2017-03-20 14:10:00,013 INFO  c.c.d.collector.CollectorTask - Starting...
2017-03-20 14:10:00,017 INFO  c.c.d.collector.CollectorTask - -----------------------------------
2017-03-20 14:10:00,029 INFO  c.c.d.collector.CollectorTask - Repo Count              0        0s
2017-03-20 14:10:00,030 INFO  c.c.d.collector.CollectorTask - New Commits             0        0s
2017-03-20 14:10:00,036 INFO  c.c.d.collector.CollectorTask - Finished                         0s
2017-03-20 14:15:00,007 INFO  c.c.d.collector.CollectorTask - Running Collector: GitHub
2017-03-20 14:15:00,011 INFO  c.c.d.collector.CollectorTask - -----------------------------------
2017-03-20 14:15:00,012 INFO  c.c.d.collector.CollectorTask - Starting...
2017-03-20 14:15:00,017 INFO  c.c.d.collector.CollectorTask - -----------------------------------
2017-03-20 14:15:00,027 INFO  c.c.d.collector.CollectorTask - Repo Count              0        0s
2017-03-20 14:15:00,029 INFO  c.c.d.collector.CollectorTask - New Commits             0        0s
2017-03-20 14:15:00,036 INFO  c.c.d.collector.CollectorTask - Finished                         0s
2017-03-20 14:20:00,006 INFO  c.c.d.collector.CollectorTask - Running Collector: GitHub
2017-03-20 14:20:00,014 INFO  c.c.d.collector.CollectorTask - -----------------------------------
2017-03-20 14:20:00,014 INFO  c.c.d.collector.CollectorTask - Starting...
2017-03-20 14:20:00,017 INFO  c.c.d.collector.CollectorTask - -----------------------------------
2017-03-20 14:20:00,030 INFO  c.c.d.collector.CollectorTask - Repo Count              0        0s
2017-03-20 14:20:00,031 INFO  c.c.d.collector.CollectorTask - New Commits             0        0s
2017-03-20 14:20:00,037 INFO  c.c.d.collector.CollectorTask - Finished                         0s
2017-03-20 14:27:26,502 INFO  c.c.d.collector.CollectorTask - Running Collector: GitHub
2017-03-20 14:27:26,525 INFO  c.c.d.collector.CollectorTask - -----------------------------------
2017-03-20 14:27:26,527 INFO  c.c.d.collector.CollectorTask - Starting...
2017-03-20 14:27:26,527 INFO  c.c.d.collector.CollectorTask - -----------------------------------
2017-03-20 14:27:26,721 INFO  c.c.d.collector.CollectorTask - Repo Count              0        0s
2017-03-20 14:27:26,734 INFO  c.c.d.collector.CollectorTask - New Commits             0        0s
2017-03-20 14:27:26,737 INFO  c.c.d.collector.CollectorTask - Finished                         0s
2017-03-20 14:29:59,976 INFO  c.c.d.collector.CollectorTask - Running Collector: GitHub
2017-03-20 14:29:59,984 INFO  c.c.d.collector.CollectorTask - -----------------------------------
2017-03-20 14:29:59,985 INFO  c.c.d.collector.CollectorTask - Starting...
2017-03-20 14:29:59,988 INFO  c.c.d.collector.CollectorTask - -----------------------------------
2017-03-20 14:30:00,001 INFO  c.c.d.collector.CollectorTask - Repo Count              0        0s
2017-03-20 14:30:00,002 INFO  c.c.d.collector.CollectorTask - New Commits             0        0s
2017-03-20 14:30:00,005 INFO  c.c.d.collector.CollectorTask - Finished                         0s
2017-03-20 14:34:59,958 INFO  c.c.d.collector.CollectorTask - Running Collector: GitHub
2017-03-20 14:34:59,966 INFO  c.c.d.collector.CollectorTask - -----------------------------------
2017-03-20 14:34:59,967 INFO  c.c.d.collector.CollectorTask - Starting...
2017-03-20 14:34:59,970 INFO  c.c.d.collector.CollectorTask - -----------------------------------
2017-03-20 14:34:59,984 INFO  c.c.d.collector.CollectorTask - Repo Count              0        0s
2017-03-20 14:34:59,985 INFO  c.c.d.collector.CollectorTask - New Commits             0        0s
2017-03-20 14:34:59,988 INFO  c.c.d.collector.CollectorTask - Finished                         0s
2017-03-20 14:39:59,989 INFO  c.c.d.collector.CollectorTask - Running Collector: GitHub
2017-03-20 14:39:59,996 INFO  c.c.d.collector.CollectorTask - -----------------------------------
2017-03-20 14:39:59,997 INFO  c.c.d.collector.CollectorTask - Starting...
2017-03-20 14:40:00,000 INFO  c.c.d.collector.CollectorTask - -----------------------------------
2017-03-20 14:40:00,016 INFO  c.c.d.collector.CollectorTask - Repo Count              0        0s
2017-03-20 14:40:00,016 INFO  c.c.d.collector.CollectorTask - New Commits             0        0s
2017-03-20 14:40:00,020 INFO  c.c.d.collector.CollectorTask - Finished                         0s
2017-03-20 14:45:00,007 INFO  c.c.d.collector.CollectorTask - Running Collector: GitHub
2017-03-20 14:45:00,014 INFO  c.c.d.collector.CollectorTask - -----------------------------------
2017-03-20 14:45:00,015 INFO  c.c.d.collector.CollectorTask - Starting...
2017-03-20 14:45:00,018 INFO  c.c.d.collector.CollectorTask - -----------------------------------
2017-03-20 14:45:00,031 INFO  c.c.d.collector.CollectorTask - Repo Count              0        0s
2017-03-20 14:45:00,032 INFO  c.c.d.collector.CollectorTask - New Commits             0        0s
2017-03-20 14:45:00,035 INFO  c.c.d.collector.CollectorTask - Finished                         0s
2017-03-20 14:50:00,007 INFO  c.c.d.collector.CollectorTask - Running Collector: GitHub
2017-03-20 14:50:00,012 INFO  c.c.d.collector.CollectorTask - -----------------------------------
2017-03-20 14:50:00,012 INFO  c.c.d.collector.CollectorTask - Starting...
2017-03-20 14:50:00,014 INFO  c.c.d.collector.CollectorTask - -----------------------------------
2017-03-20 14:50:00,028 INFO  c.c.d.collector.CollectorTask - Repo Count              0        0s
2017-03-20 14:50:00,029 INFO  c.c.d.collector.CollectorTask - New Commits             0        0s
2017-03-20 14:50:00,035 INFO  c.c.d.collector.CollectorTask - Finished                         0s
2017-03-20 14:55:00,006 INFO  c.c.d.collector.CollectorTask - Running Collector: GitHub
2017-03-20 14:55:00,014 INFO  c.c.d.collector.CollectorTask - -----------------------------------
2017-03-20 14:55:00,014 INFO  c.c.d.collector.CollectorTask - Starting...
2017-03-20 14:55:00,017 INFO  c.c.d.collector.CollectorTask - -----------------------------------
2017-03-20 14:55:00,028 INFO  c.c.d.collector.CollectorTask - Repo Count              0        0s
2017-03-20 14:55:00,029 INFO  c.c.d.collector.CollectorTask - New Commits             0        0s
2017-03-20 14:55:00,031 INFO  c.c.d.collector.CollectorTask - Finished                         0s
2017-03-20 15:00:00,007 INFO  c.c.d.collector.CollectorTask - Running Collector: GitHub
2017-03-20 15:00:00,015 INFO  c.c.d.collector.CollectorTask - -----------------------------------
2017-03-20 15:00:00,017 INFO  c.c.d.collector.CollectorTask - Starting...
2017-03-20 15:00:00,019 INFO  c.c.d.collector.CollectorTask - -----------------------------------
2017-03-20 15:00:00,031 INFO  c.c.d.collector.CollectorTask - Repo Count              0        0s
2017-03-20 15:00:00,032 INFO  c.c.d.collector.CollectorTask - New Commits             0        0s
2017-03-20 15:00:00,034 INFO  c.c.d.collector.CollectorTask - Finished                         0s
2017-03-20 15:03:07,695 INFO  org.mongodb.driver.cluster - Exception in monitor thread while connecting to server localhost:27017
com.mongodb.MongoSocketOpenException: Exception opening socket
	at com.mongodb.connection.SocketStream.open(SocketStream.java:63) ~[mongo-java-driver-3.0.2.jar!/:na]
	at com.mongodb.connection.InternalStreamConnection.open(InternalStreamConnection.java:114) ~[mongo-java-driver-3.0.2.jar!/:na]
	at com.mongodb.connection.DefaultServerMonitor$ServerMonitorRunnable.run(DefaultServerMonitor.java:141) ~[mongo-java-driver-3.0.2.jar!/:na]
	at java.lang.Thread.run(Unknown Source) [na:1.8.0_121]
Caused by: java.net.ConnectException: Connection refused: connect
	at java.net.DualStackPlainSocketImpl.waitForConnect(Native Method) ~[na:1.8.0_121]
	at java.net.DualStackPlainSocketImpl.socketConnect(Unknown Source) ~[na:1.8.0_121]
	at java.net.AbstractPlainSocketImpl.doConnect(Unknown Source) ~[na:1.8.0_121]
	at java.net.AbstractPlainSocketImpl.connectToAddress(Unknown Source) ~[na:1.8.0_121]
	at java.net.AbstractPlainSocketImpl.connect(Unknown Source) ~[na:1.8.0_121]
	at java.net.PlainSocketImpl.connect(Unknown Source) ~[na:1.8.0_121]
	at java.net.SocksSocketImpl.connect(Unknown Source) ~[na:1.8.0_121]
	at java.net.Socket.connect(Unknown Source) ~[na:1.8.0_121]
	at com.mongodb.connection.SocketStreamHelper.initialize(SocketStreamHelper.java:50) ~[mongo-java-driver-3.0.2.jar!/:na]
	at com.mongodb.connection.SocketStream.open(SocketStream.java:58) ~[mongo-java-driver-3.0.2.jar!/:na]
	... 3 common frames omitted
2017-03-20 15:03:07,698 INFO  org.mongodb.driver.cluster - Exception in monitor thread while connecting to server localhost:27017
com.mongodb.MongoSocketOpenException: Exception opening socket
	at com.mongodb.connection.SocketStream.open(SocketStream.java:63) ~[mongo-java-driver-3.0.2.jar!/:na]
	at com.mongodb.connection.InternalStreamConnection.open(InternalStreamConnection.java:114) ~[mongo-java-driver-3.0.2.jar!/:na]
	at com.mongodb.connection.DefaultServerMonitor$ServerMonitorRunnable.run(DefaultServerMonitor.java:141) ~[mongo-java-driver-3.0.2.jar!/:na]
	at java.lang.Thread.run(Unknown Source) [na:1.8.0_121]
Caused by: java.net.ConnectException: Connection refused: connect
	at java.net.DualStackPlainSocketImpl.waitForConnect(Native Method) ~[na:1.8.0_121]
	at java.net.DualStackPlainSocketImpl.socketConnect(Unknown Source) ~[na:1.8.0_121]
	at java.net.AbstractPlainSocketImpl.doConnect(Unknown Source) ~[na:1.8.0_121]
	at java.net.AbstractPlainSocketImpl.connectToAddress(Unknown Source) ~[na:1.8.0_121]
	at java.net.AbstractPlainSocketImpl.connect(Unknown Source) ~[na:1.8.0_121]
	at java.net.PlainSocketImpl.connect(Unknown Source) ~[na:1.8.0_121]
	at java.net.SocksSocketImpl.connect(Unknown Source) ~[na:1.8.0_121]
	at java.net.Socket.connect(Unknown Source) ~[na:1.8.0_121]
	at com.mongodb.connection.SocketStreamHelper.initialize(SocketStreamHelper.java:50) ~[mongo-java-driver-3.0.2.jar!/:na]
	at com.mongodb.connection.SocketStream.open(SocketStream.java:58) ~[mongo-java-driver-3.0.2.jar!/:na]
	... 3 common frames omitted
2017-03-20 15:03:07,700 INFO  org.mongodb.driver.cluster - Exception in monitor thread while connecting to server localhost:27017
com.mongodb.MongoSocketOpenException: Exception opening socket
	at com.mongodb.connection.SocketStream.open(SocketStream.java:63) ~[mongo-java-driver-3.0.2.jar!/:na]
	at com.mongodb.connection.InternalStreamConnection.open(InternalStreamConnection.java:114) ~[mongo-java-driver-3.0.2.jar!/:na]
	at com.mongodb.connection.DefaultServerMonitor$ServerMonitorRunnable.run(DefaultServerMonitor.java:141) ~[mongo-java-driver-3.0.2.jar!/:na]
	at java.lang.Thread.run(Unknown Source) [na:1.8.0_121]
Caused by: java.net.ConnectException: Connection refused: connect
	at java.net.DualStackPlainSocketImpl.waitForConnect(Native Method) ~[na:1.8.0_121]
	at java.net.DualStackPlainSocketImpl.socketConnect(Unknown Source) ~[na:1.8.0_121]
	at java.net.AbstractPlainSocketImpl.doConnect(Unknown Source) ~[na:1.8.0_121]
	at java.net.AbstractPlainSocketImpl.connectToAddress(Unknown Source) ~[na:1.8.0_121]
	at java.net.AbstractPlainSocketImpl.connect(Unknown Source) ~[na:1.8.0_121]
	at java.net.PlainSocketImpl.connect(Unknown Source) ~[na:1.8.0_121]
	at java.net.SocksSocketImpl.connect(Unknown Source) ~[na:1.8.0_121]
	at java.net.Socket.connect(Unknown Source) ~[na:1.8.0_121]
	at com.mongodb.connection.SocketStreamHelper.initialize(SocketStreamHelper.java:50) ~[mongo-java-driver-3.0.2.jar!/:na]
	at com.mongodb.connection.SocketStream.open(SocketStream.java:58) ~[mongo-java-driver-3.0.2.jar!/:na]
	... 3 common frames omitted
2017-03-20 15:03:07,700 INFO  org.mongodb.driver.cluster - Exception in monitor thread while connecting to server localhost:27017
com.mongodb.MongoSocketOpenException: Exception opening socket
	at com.mongodb.connection.SocketStream.open(SocketStream.java:63) ~[mongo-java-driver-3.0.2.jar!/:na]
	at com.mongodb.connection.InternalStreamConnection.open(InternalStreamConnection.java:114) ~[mongo-java-driver-3.0.2.jar!/:na]
	at com.mongodb.connection.DefaultServerMonitor$ServerMonitorRunnable.run(DefaultServerMonitor.java:141) ~[mongo-java-driver-3.0.2.jar!/:na]
	at java.lang.Thread.run(Unknown Source) [na:1.8.0_121]
Caused by: java.net.ConnectException: Connection refused: connect
	at java.net.DualStackPlainSocketImpl.waitForConnect(Native Method) ~[na:1.8.0_121]
	at java.net.DualStackPlainSocketImpl.socketConnect(Unknown Source) ~[na:1.8.0_121]
	at java.net.AbstractPlainSocketImpl.doConnect(Unknown Source) ~[na:1.8.0_121]
	at java.net.AbstractPlainSocketImpl.connectToAddress(Unknown Source) ~[na:1.8.0_121]
	at java.net.AbstractPlainSocketImpl.connect(Unknown Source) ~[na:1.8.0_121]
	at java.net.PlainSocketImpl.connect(Unknown Source) ~[na:1.8.0_121]
	at java.net.SocksSocketImpl.connect(Unknown Source) ~[na:1.8.0_121]
	at java.net.Socket.connect(Unknown Source) ~[na:1.8.0_121]
	at com.mongodb.connection.SocketStreamHelper.initialize(SocketStreamHelper.java:50) ~[mongo-java-driver-3.0.2.jar!/:na]
	at com.mongodb.connection.SocketStream.open(SocketStream.java:58) ~[mongo-java-driver-3.0.2.jar!/:na]
	... 3 common frames omitted
2017-03-20 15:05:00,003 INFO  c.c.d.collector.CollectorTask - Running Collector: GitHub
2017-03-20 15:05:00,006 INFO  org.mongodb.driver.cluster - No server chosen by ReadPreferenceServerSelector{readPreference=primary} from cluster description ClusterDescription{type=UNKNOWN, connectionMode=SINGLE, all=[ServerDescription{address=localhost:27017, type=UNKNOWN, state=CONNECTING, exception={com.mongodb.MongoSocketOpenException: Exception opening socket}, caused by {java.net.ConnectException: Connection refused: connect}}]}. Waiting for 30000 ms before timing out
2017-03-20 15:05:30,011 ERROR o.s.s.s.TaskUtils$LoggingErrorHandler - Unexpected error occurred in scheduled task.
org.springframework.dao.DataAccessResourceFailureException: Timed out after 30000 ms while waiting for a server that matches ReadPreferenceServerSelector{readPreference=primary}. Client view of cluster state is {type=UNKNOWN, servers=[{address=localhost:27017, type=UNKNOWN, state=CONNECTING, exception={com.mongodb.MongoSocketOpenException: Exception opening socket}, caused by {java.net.ConnectException: Connection refused: connect}}]; nested exception is com.mongodb.MongoTimeoutException: Timed out after 30000 ms while waiting for a server that matches ReadPreferenceServerSelector{readPreference=primary}. Client view of cluster state is {type=UNKNOWN, servers=[{address=localhost:27017, type=UNKNOWN, state=CONNECTING, exception={com.mongodb.MongoSocketOpenException: Exception opening socket}, caused by {java.net.ConnectException: Connection refused: connect}}]
	at org.springframework.data.mongodb.core.MongoExceptionTranslator.translateExceptionIfPossible(MongoExceptionTranslator.java:75) ~[spring-data-mongodb-1.8.0.RELEASE.jar!/:na]
	at org.springframework.data.mongodb.core.MongoTemplate.potentiallyConvertRuntimeException(MongoTemplate.java:2013) ~[spring-data-mongodb-1.8.0.RELEASE.jar!/:na]
	at org.springframework.data.mongodb.core.MongoTemplate.executeFindOneInternal(MongoTemplate.java:1843) ~[spring-data-mongodb-1.8.0.RELEASE.jar!/:na]
	at org.springframework.data.mongodb.core.MongoTemplate.doFindOne(MongoTemplate.java:1656) ~[spring-data-mongodb-1.8.0.RELEASE.jar!/:na]
	at org.springframework.data.mongodb.core.MongoTemplate.findOne(MongoTemplate.java:564) ~[spring-data-mongodb-1.8.0.RELEASE.jar!/:na]
	at org.springframework.data.mongodb.repository.query.AbstractMongoQuery$SingleEntityExecution.execute(AbstractMongoQuery.java:312) ~[spring-data-mongodb-1.8.0.RELEASE.jar!/:na]
	at org.springframework.data.mongodb.repository.query.AbstractMongoQuery.execute(AbstractMongoQuery.java:108) ~[spring-data-mongodb-1.8.0.RELEASE.jar!/:na]
	at org.springframework.data.repository.core.support.RepositoryFactorySupport$QueryExecutorMethodInterceptor.doInvoke(RepositoryFactorySupport.java:454) ~[spring-data-commons-1.11.0.RELEASE.jar!/:na]
	at org.springframework.data.repository.core.support.RepositoryFactorySupport$QueryExecutorMethodInterceptor.invoke(RepositoryFactorySupport.java:432) ~[spring-data-commons-1.11.0.RELEASE.jar!/:na]
	at org.springframework.aop.framework.ReflectiveMethodInvocation.proceed(ReflectiveMethodInvocation.java:179) ~[spring-aop-4.1.7.RELEASE.jar!/:4.1.7.RELEASE]
	at org.springframework.data.projection.DefaultMethodInvokingMethodInterceptor.invoke(DefaultMethodInvokingMethodInterceptor.java:61) ~[spring-data-commons-1.11.0.RELEASE.jar!/:na]
	at org.springframework.aop.framework.ReflectiveMethodInvocation.proceed(ReflectiveMethodInvocation.java:179) ~[spring-aop-4.1.7.RELEASE.jar!/:4.1.7.RELEASE]
	at org.springframework.aop.interceptor.ExposeInvocationInterceptor.invoke(ExposeInvocationInterceptor.java:92) ~[spring-aop-4.1.7.RELEASE.jar!/:4.1.7.RELEASE]
	at org.springframework.aop.framework.ReflectiveMethodInvocation.proceed(ReflectiveMethodInvocation.java:179) ~[spring-aop-4.1.7.RELEASE.jar!/:4.1.7.RELEASE]
	at org.springframework.aop.framework.JdkDynamicAopProxy.invoke(JdkDynamicAopProxy.java:207) ~[spring-aop-4.1.7.RELEASE.jar!/:4.1.7.RELEASE]
	at com.sun.proxy.$Proxy39.findByName(Unknown Source) ~[na:na]
	at com.capitalone.dashboard.collector.CollectorTask.run(CollectorTask.java:45) ~[core-2.0.5-SNAPSHOT.jar!/:2.0.5-SNAPSHOT]
	at org.springframework.scheduling.support.DelegatingErrorHandlingRunnable.run(DelegatingErrorHandlingRunnable.java:54) ~[spring-context-4.1.7.RELEASE.jar!/:4.1.7.RELEASE]
	at org.springframework.scheduling.concurrent.ReschedulingRunnable.run(ReschedulingRunnable.java:81) [spring-context-4.1.7.RELEASE.jar!/:4.1.7.RELEASE]
	at java.util.concurrent.Executors$RunnableAdapter.call(Unknown Source) [na:1.8.0_121]
	at java.util.concurrent.FutureTask.run(Unknown Source) [na:1.8.0_121]
	at java.util.concurrent.ScheduledThreadPoolExecutor$ScheduledFutureTask.access$201(Unknown Source) [na:1.8.0_121]
	at java.util.concurrent.ScheduledThreadPoolExecutor$ScheduledFutureTask.run(Unknown Source) [na:1.8.0_121]
	at java.util.concurrent.ThreadPoolExecutor.runWorker(Unknown Source) [na:1.8.0_121]
	at java.util.concurrent.ThreadPoolExecutor$Worker.run(Unknown Source) [na:1.8.0_121]
	at java.lang.Thread.run(Unknown Source) [na:1.8.0_121]
Caused by: com.mongodb.MongoTimeoutException: Timed out after 30000 ms while waiting for a server that matches ReadPreferenceServerSelector{readPreference=primary}. Client view of cluster state is {type=UNKNOWN, servers=[{address=localhost:27017, type=UNKNOWN, state=CONNECTING, exception={com.mongodb.MongoSocketOpenException: Exception opening socket}, caused by {java.net.ConnectException: Connection refused: connect}}]
	at com.mongodb.connection.BaseCluster.createTimeoutException(BaseCluster.java:370) ~[mongo-java-driver-3.0.2.jar!/:na]
	at com.mongodb.connection.BaseCluster.selectServer(BaseCluster.java:101) ~[mongo-java-driver-3.0.2.jar!/:na]
	at com.mongodb.binding.ClusterBinding$ClusterBindingConnectionSource.<init>(ClusterBinding.java:75) ~[mongo-java-driver-3.0.2.jar!/:na]
	at com.mongodb.binding.ClusterBinding$ClusterBindingConnectionSource.<init>(ClusterBinding.java:71) ~[mongo-java-driver-3.0.2.jar!/:na]
	at com.mongodb.binding.ClusterBinding.getReadConnectionSource(ClusterBinding.java:63) ~[mongo-java-driver-3.0.2.jar!/:na]
	at com.mongodb.operation.OperationHelper.withConnection(OperationHelper.java:166) ~[mongo-java-driver-3.0.2.jar!/:na]
	at com.mongodb.operation.FindOperation.execute(FindOperation.java:394) ~[mongo-java-driver-3.0.2.jar!/:na]
	at com.mongodb.operation.FindOperation.execute(FindOperation.java:57) ~[mongo-java-driver-3.0.2.jar!/:na]
	at com.mongodb.Mongo.execute(Mongo.java:738) ~[mongo-java-driver-3.0.2.jar!/:na]
	at com.mongodb.Mongo$2.execute(Mongo.java:725) ~[mongo-java-driver-3.0.2.jar!/:na]
	at com.mongodb.DBCollection.findOne(DBCollection.java:737) ~[mongo-java-driver-3.0.2.jar!/:na]
	at com.mongodb.DBCollection.findOne(DBCollection.java:710) ~[mongo-java-driver-3.0.2.jar!/:na]
	at com.mongodb.DBCollection.findOne(DBCollection.java:657) ~[mongo-java-driver-3.0.2.jar!/:na]
	at org.springframework.data.mongodb.core.MongoTemplate$FindOneCallback.doInCollection(MongoTemplate.java:2080) ~[spring-data-mongodb-1.8.0.RELEASE.jar!/:na]
	at org.springframework.data.mongodb.core.MongoTemplate$FindOneCallback.doInCollection(MongoTemplate.java:2064) ~[spring-data-mongodb-1.8.0.RELEASE.jar!/:na]
	at org.springframework.data.mongodb.core.MongoTemplate.executeFindOneInternal(MongoTemplate.java:1839) ~[spring-data-mongodb-1.8.0.RELEASE.jar!/:na]
	... 23 common frames omitted
